#
# A fatal error has been detected by the Java Runtime Environment:
#
#  EXCEPTION_ACCESS_VIOLATION (0xc0000005) at pc=0x00007ffc897f5c15, pid=3760, tid=22860
#
# JRE version: OpenJDK Runtime Environment (21.0.5) (build 21.0.5+-13047016-b750.29)
# Java VM: OpenJDK 64-Bit Server VM (21.0.5+-13047016-b750.29, mixed mode, tiered, compressed oops, compressed class ptrs, g1 gc, windows-amd64)
# Problematic frame:
# C  [skiko-windows-x64.dll+0x5c15]
#
# No core dump will be written. Minidumps are not enabled by default on client versions of Windows
#
# If you would like to submit a bug report, please visit:
#   https://youtrack.jetbrains.com/issues/JBR
# The crash happened outside the Java Virtual Machine in native code.
# See problematic frame for where to report the bug.
#

---------------  S U M M A R Y ------------

Command Line: -Dcompose.application.configure.swing.globals=true -Dcompose.application.resources.dir=C:\Users\Yang\AndroidStudioProjects\Kori\composeApp\build\compose\tmp\prepareAppResources -Dfile.encoding=UTF-8 -Duser.country=CN -Duser.language=zh -Duser.variant org.yangdai.kori.MainKt

Host: AMD Ryzen 7 7700 8-Core Processor              , 16 cores, 31G,  Windows 11 , 64 bit Build 26100 (10.0.26100.3775)
Time: Sat Apr 12 19:37:29 2025  Windows 11 , 64 bit Build 26100 (10.0.26100.3775) elapsed time: 1.476565 seconds (0d 0h 0m 1s)

---------------  T H R E A D  ---------------

Current thread (0x0000014f78982a50):  JavaThread "pool-1-thread-1" daemon [_thread_in_native, id=22860, stack(0x0000002466800000,0x0000002466900000) (1024K)]

Stack: [0x0000002466800000,0x0000002466900000],  sp=0x00000024668fe7b0,  free space=1017k
Native frames: (J=compiled Java code, j=interpreted, Vv=VM code, C=native code)
C  [skiko-windows-x64.dll+0x5c15]

Java frames: (J=compiled Java code, j=interpreted, Vv=VM code)
j  org.jetbrains.skiko.redrawer.Direct3DRedrawer.makeDirectXSurface(JJIILjava/lang/Object;I)J+0
j  org.jetbrains.skiko.redrawer.Direct3DRedrawer.makeSurface(JIILorg/jetbrains/skia/SurfaceProps;I)Lorg/jetbrains/skia/Surface;+47
j  org.jetbrains.skiko.context.Direct3DContextHandler.initCanvas()V+150
j  org.jetbrains.skiko.context.ContextHandler.draw()V+21
j  org.jetbrains.skiko.redrawer.Direct3DRedrawer.drawAndSwap(Z)V+25
j  org.jetbrains.skiko.redrawer.Direct3DRedrawer.access$drawAndSwap(Lorg/jetbrains/skiko/redrawer/Direct3DRedrawer;Z)V+2
j  org.jetbrains.skiko.redrawer.Direct3DRedrawer$draw$2$1.invokeSuspend(Ljava/lang/Object;)Ljava/lang/Object;+46
j  kotlin.coroutines.jvm.internal.BaseContinuationImpl.resumeWith(Ljava/lang/Object;)V+40
j  kotlinx.coroutines.DispatchedTask.run()V+301
j  java.util.concurrent.ThreadPoolExecutor.runWorker(Ljava/util/concurrent/ThreadPoolExecutor$Worker;)V+92 java.base@21.0.5
j  java.util.concurrent.ThreadPoolExecutor$Worker.run()V+5 java.base@21.0.5
j  java.lang.Thread.runWith(Ljava/lang/Object;Ljava/lang/Runnable;)V+5 java.base@21.0.5
j  java.lang.Thread.run()V+19 java.base@21.0.5
v  ~StubRoutines::call_stub 0x0000014f51bd10e7

siginfo: EXCEPTION_ACCESS_VIOLATION (0xc0000005), reading address 0x0000000000000000


Registers:
RAX=0x00000024668fe898, RBX=0x0000014f6ffe8f68, RCX=0x0000000000000000, RDX=0x0000000000000000
RSP=0x00000024668fe7b0, RBP=0x00000024668fead8, RSI=0x0000014f77d54860, RDI=0x0000014f78982e08
R8 =0x0000000000000000, R9 =0x00000000000000e1, R10=0x0000000000000000, R11=0x00000024668fe6d0
R12=0x0000000000000000, R13=0x0000014f698b54b8, R14=0x00000024668feb00, R15=0x0000000000000000
RIP=0x00007ffc897f5c15, EFLAGS=0x0000000000010202


Register to memory mapping:

RAX=0x00000024668fe898 is pointing into the stack for thread: 0x0000014f78982a50
RBX=0x0000014f6ffe8f68 points into unknown readable memory: 0x0000000000000000 | 00 00 00 00 00 00 00 00
RCX=0x0 is null
RDX=0x0 is null
RSP=0x00000024668fe7b0 is pointing into the stack for thread: 0x0000014f78982a50
RBP=0x00000024668fead8 is pointing into the stack for thread: 0x0000014f78982a50
RSI=0x0000014f77d54860 points into unknown readable memory: 0x00007ffc8a228700 | 00 87 22 8a fc 7f 00 00
RDI=0x0000014f78982e08 points into unknown readable memory: 0x00007ffc0f0a3500 | 00 35 0a 0f fc 7f 00 00
R8 =0x0 is null
R9 =0x00000000000000e1 is an unknown value
R10=0x0 is null
R11=0x00000024668fe6d0 is pointing into the stack for thread: 0x0000014f78982a50
R12=0x0 is null
R13={method} {0x0000014f698b54c0} 'makeDirectXSurface' '(JJIILjava/lang/Object;I)J' in 'org/jetbrains/skiko/redrawer/Direct3DRedrawer'
R14=0x00000024668feb00 is pointing into the stack for thread: 0x0000014f78982a50
R15=0x0 is null

Top of Stack: (sp=0x00000024668fe7b0)
0x00000024668fe7b0:   0000000000000000 0000000000000000
0x00000024668fe7c0:   0000000000000001 0000000000000000
0x00000024668fe7d0:   0000000000000000 0000000000000001
0x00000024668fe7e0:   0000014f7872caa0 0000000000000002
0x00000024668fe7f0:   000000000000001c 0000000000000000
0x00000024668fe800:   0000000000000003 00007ffcaade213b
0x00000024668fe810:   00007ffcaae5fad0 00000024668fea00
0x00000024668fe820:   0000000000000001 0000000000000000
0x00000024668fe830:   00000024668fe870 0000000000000001
0x00000024668fe840:   0000014f7872caa0 00007ffcaadbd44c
0x00000024668fe850:   0000000000000384 0000000000007ffe
0x00000024668fe860:   00000024668fea00 00007ffcaad946c1
0x00000024668fe870:   0000000200000000 0000000000000001
0x00000024668fe880:   0000000000000000 0000000000000000
0x00000024668fe890:   0000000080070057 0000014f70bed710
0x00000024668fe8a0:   0000000000000000 0000000000000000
0x00000024668fe8b0:   0000001c00000000 0000000100000001
0x00000024668fe8c0:   0000000000000000 000000000000001c
0x00000024668fe8d0:   0000000000000000 0000000000000000
0x00000024668fe8e0:   0000000000000000 0000000000000000
0x00000024668fe8f0:   0000000000000000 000000000ebe0000
0x00000024668fe900:   0000014f78982a02 00007ffc0ebd22df
0x00000024668fe910:   0000014f6ffe8f78 0000014f6ffe8f20
0x00000024668fe920:   0000014f78982a50 00000024668feaf8
0x00000024668fe930:   000000061488e448 00007ffc0ebd20d4
0x00000024668fe940:   0000014f78982a50 0000000000000001
0x00000024668fe950:   0000014f77433f40 0000000000000000
0x00000024668fe960:   00000024668fe9c0 0000014f78982a50
0x00000024668fe970:   00000024668fe9a0 00007ffcaeaa0000
0x00000024668fe980:   0000000000000000 0000014f80070000
0x00000024668fe990:   0000000000000002 00007ffc0e7aed82
0x00000024668fe9a0:   000000061488e448 0000014f78982a50 

Instructions: (pc=0x00007ffc897f5c15)
0x00007ffc897f5b15:   48 83 c4 58 5f 5e c3 e8 6f d5 93 00 cc cc cc cc
0x00007ffc897f5b25:   cc cc cc cc cc cc cc cc cc cc cc 41 57 41 56 56
0x00007ffc897f5b35:   57 53 48 81 ec 40 02 00 00 0f 29 b4 24 30 02 00
0x00007ffc897f5b45:   00 4c 89 ce 48 89 cf 48 63 94 24 a8 02 00 00 4c
0x00007ffc897f5b55:   8b b4 24 a0 02 00 00 48 8b 05 65 46 bb 00 48 31
0x00007ffc897f5b65:   e0 48 89 84 24 28 02 00 00 0f 57 f6 0f 29 b4 24
0x00007ffc897f5b75:   f0 00 00 00 c7 84 24 00 01 00 00 00 00 00 00 0f
0x00007ffc897f5b85:   28 05 45 95 9f 00 0f 11 84 24 04 01 00 00 c6 84
0x00007ffc897f5b95:   24 14 01 00 00 00 49 8b 48 38 49 8d 5c d0 48 48
0x00007ffc897f5ba5:   8b 01 4c 8d 05 02 97 9f 00 49 89 d9 ff 50 48 48
0x00007ffc897f5bb5:   8d 84 24 f0 00 00 00 48 39 d8 74 36 4c 8b 3b 4d
0x00007ffc897f5bc5:   85 ff 74 26 49 8b 07 4c 89 f9 ff 50 08 48 8b 8c
0x00007ffc897f5bd5:   24 f0 00 00 00 4c 89 bc 24 f0 00 00 00 48 85 c9
0x00007ffc897f5be5:   74 10 48 8b 01 ff 50 10 eb 08 4c 89 bc 24 f0 00
0x00007ffc897f5bf5:   00 00 48 8d 8c 24 e8 00 00 00 48 89 fa 4d 89 f0
0x00007ffc897f5c05:   e8 16 dc 00 00 0f 29 b4 24 d0 00 00 00 48 8b 0b
0x00007ffc897f5c15:   48 8b 01 48 8d 94 24 98 00 00 00 ff 50 50 8b bc
0x00007ffc897f5c25:   24 b0 00 00 00 48 8b 0b 48 8b 01 48 8d 54 24 60
0x00007ffc897f5c35:   ff 50 50 8b 54 24 70 48 8d 84 24 d0 00 00 00 48
0x00007ffc897f5c45:   89 44 24 20 48 8d 9c 24 20 01 00 00 4c 8d 8c 24
0x00007ffc897f5c55:   f0 00 00 00 48 89 d9 41 89 f8 e8 7c 5a 04 00 4c
0x00007ffc897f5c65:   8b b4 24 e8 00 00 00 48 8d 7c 24 58 48 89 f9 e8
0x00007ffc897f5c75:   37 56 08 00 0f 11 74 24 40 4c 89 74 24 38 48 89
0x00007ffc897f5c85:   7c 24 30 c7 44 24 28 04 00 00 00 c7 44 24 20 00
0x00007ffc897f5c95:   00 00 00 48 8d 8c 24 98 00 00 00 48 89 f2 49 89
0x00007ffc897f5ca5:   d8 45 31 c9 e8 22 50 0a 00 48 8b b4 24 98 00 00
0x00007ffc897f5cb5:   00 48 89 d9 e8 72 5c 04 00 48 8b 8c 24 e8 00 00
0x00007ffc897f5cc5:   00 48 85 c9 74 0a ba 10 00 00 00 e8 7b cf 93 00
0x00007ffc897f5cd5:   48 8b 8c 24 f8 00 00 00 48 85 c9 74 0c f0 ff 49
0x00007ffc897f5ce5:   08 75 06 48 8b 01 ff 50 08 48 8b 8c 24 f0 00 00
0x00007ffc897f5cf5:   00 48 85 c9 74 06 48 8b 01 ff 50 10 48 8b 8c 24
0x00007ffc897f5d05:   28 02 00 00 48 31 e1 48 3b 0d b5 44 bb 00 75 1a 


Stack slot to memory mapping:

stack at sp + 0 slots: 0x0 is null
stack at sp + 1 slots: 0x0 is null
stack at sp + 2 slots: 0x0000000000000001 is an unknown value
stack at sp + 3 slots: 0x0 is null
stack at sp + 4 slots: 0x0 is null
stack at sp + 5 slots: 0x0000000000000001 is an unknown value
stack at sp + 6 slots: 0x0000014f7872caa0 points into unknown readable memory: 0x00007ffcaae2a9e0 | e0 a9 e2 aa fc 7f 00 00
stack at sp + 7 slots: 0x0000000000000002 is an unknown value


---------------  P R O C E S S  ---------------

Threads class SMR info:
_java_thread_list=0x0000014f7892c290, length=31, elements={
0x0000014f4763dc70, 0x0000014f66fe5eb0, 0x0000014f66f98ef0, 0x0000014f66f99980,
0x0000014f66f9a3d0, 0x0000014f66f76420, 0x0000014f66fff390, 0x0000014f66fc7390,
0x0000014f66fcaf30, 0x0000014f64057c80, 0x0000014f671b8ca0, 0x0000014f671c1c40,
0x0000014f671d86d0, 0x0000014f6c122900, 0x0000014f6c00cfb0, 0x0000014f6c006c90,
0x0000014f6c1bd830, 0x0000014f6c1c0a20, 0x0000014f6c1bca00, 0x0000014f6c1ef730,
0x0000014f6c1f1810, 0x0000014f6c20a190, 0x0000014f6c20cf80, 0x0000014f6c20a820,
0x0000014f7059fac0, 0x0000014f7076bb30, 0x0000014f7076f640, 0x0000014f7076c1c0,
0x0000014f7076fcd0, 0x0000014f705a0f30, 0x0000014f78982a50
}

Java Threads: ( => current thread )
  0x0000014f4763dc70 JavaThread "main"                              [_thread_blocked, id=12280, stack(0x0000002462800000,0x0000002462900000) (1024K)]
  0x0000014f66fe5eb0 JavaThread "Reference Handler"          daemon [_thread_blocked, id=7972, stack(0x0000002463000000,0x0000002463100000) (1024K)]
  0x0000014f66f98ef0 JavaThread "Finalizer"                  daemon [_thread_blocked, id=16964, stack(0x0000002463100000,0x0000002463200000) (1024K)]
  0x0000014f66f99980 JavaThread "Signal Dispatcher"          daemon [_thread_blocked, id=12712, stack(0x0000002463200000,0x0000002463300000) (1024K)]
  0x0000014f66f9a3d0 JavaThread "Attach Listener"            daemon [_thread_blocked, id=5368, stack(0x0000002463300000,0x0000002463400000) (1024K)]
  0x0000014f66f76420 JavaThread "Service Thread"             daemon [_thread_blocked, id=22120, stack(0x0000002463400000,0x0000002463500000) (1024K)]
  0x0000014f66fff390 JavaThread "Monitor Deflation Thread"   daemon [_thread_blocked, id=12480, stack(0x0000002463500000,0x0000002463600000) (1024K)]
  0x0000014f66fc7390 JavaThread "C2 CompilerThread0"         daemon [_thread_blocked, id=3428, stack(0x0000002463600000,0x0000002463700000) (1024K)]
  0x0000014f66fcaf30 JavaThread "C1 CompilerThread0"         daemon [_thread_blocked, id=11536, stack(0x0000002463700000,0x0000002463800000) (1024K)]
  0x0000014f64057c80 JavaThread "C1 CompilerThread1"         daemon [_thread_blocked, id=408, stack(0x0000002463800000,0x0000002463900000) (1024K)]
  0x0000014f671b8ca0 JavaThread "C1 CompilerThread2"         daemon [_thread_blocked, id=2448, stack(0x0000002463900000,0x0000002463a00000) (1024K)]
  0x0000014f671c1c40 JavaThread "Notification Thread"        daemon [_thread_blocked, id=3348, stack(0x0000002463a00000,0x0000002463b00000) (1024K)]
  0x0000014f671d86d0 JavaThread "Common-Cleaner"             daemon [_thread_blocked, id=10776, stack(0x0000002463b00000,0x0000002463c00000) (1024K)]
  0x0000014f6c122900 JavaThread "Java2D Disposer"            daemon [_thread_blocked, id=19240, stack(0x0000002463d00000,0x0000002463e00000) (1024K)]
  0x0000014f6c00cfb0 JavaThread "AWT-Shutdown"                      [_thread_blocked, id=21764, stack(0x0000002463e00000,0x0000002463f00000) (1024K)]
  0x0000014f6c006c90 JavaThread "AWT-Windows"                daemon [_thread_in_native, id=6364, stack(0x0000002463f00000,0x0000002464000000) (1024K)]
  0x0000014f6c1bd830 JavaThread "DefaultDispatcher-worker-1" daemon [_thread_blocked, id=12284, stack(0x0000002464000000,0x0000002464100000) (1024K)]
  0x0000014f6c1c0a20 JavaThread "DefaultDispatcher-worker-2" daemon [_thread_blocked, id=3120, stack(0x0000002464100000,0x0000002464200000) (1024K)]
  0x0000014f6c1bca00 JavaThread "DefaultDispatcher-worker-3" daemon [_thread_blocked, id=21652, stack(0x0000002464200000,0x0000002464300000) (1024K)]
  0x0000014f6c1ef730 JavaThread "Reference Cleaner"          daemon [_thread_blocked, id=952, stack(0x0000002464300000,0x0000002464400000) (1024K)]
  0x0000014f6c1f1810 JavaThread "C1 CompilerThread3"         daemon [_thread_blocked, id=13196, stack(0x0000002464400000,0x0000002464500000) (1024K)]
  0x0000014f6c20a190 JavaThread "kotlinx.coroutines.DefaultExecutor" daemon [_thread_blocked, id=7592, stack(0x0000002464500000,0x0000002464600000) (1024K)]
  0x0000014f6c20cf80 JavaThread "AWT-EventQueue-0"                  [_thread_blocked, id=13728, stack(0x0000002465100000,0x0000002465200000) (1024K)]
  0x0000014f6c20a820 JavaThread "TimerQueue"                 daemon [_thread_blocked, id=11452, stack(0x0000002465500000,0x0000002465600000) (1024K)]
  0x0000014f7059fac0 JavaThread "C2 CompilerThread1"         daemon [_thread_blocked, id=17944, stack(0x0000002463c00000,0x0000002463d00000) (1024K)]
  0x0000014f7076bb30 JavaThread "DefaultDispatcher-worker-4" daemon [_thread_blocked, id=12820, stack(0x0000002466200000,0x0000002466300000) (1024K)]
  0x0000014f7076f640 JavaThread "DefaultDispatcher-worker-5" daemon [_thread_blocked, id=19096, stack(0x0000002466300000,0x0000002466400000) (1024K)]
  0x0000014f7076c1c0 JavaThread "DefaultDispatcher-worker-6" daemon [_thread_blocked, id=23116, stack(0x0000002466400000,0x0000002466500000) (1024K)]
  0x0000014f7076fcd0 JavaThread "DefaultDispatcher-worker-7" daemon [_thread_blocked, id=10764, stack(0x0000002466500000,0x0000002466600000) (1024K)]
  0x0000014f705a0f30 JavaThread "C2 CompilerThread2"         daemon [_thread_blocked, id=22580, stack(0x0000002466600000,0x0000002466700000) (1024K)]
=>0x0000014f78982a50 JavaThread "pool-1-thread-1"            daemon [_thread_in_native, id=22860, stack(0x0000002466800000,0x0000002466900000) (1024K)]
Total: 31

Other Threads:
  0x0000014f640cb130 VMThread "VM Thread"                           [id=23420, stack(0x0000002462f00000,0x0000002463000000) (1024K)]
  0x0000014f640563e0 WatcherThread "VM Periodic Task Thread"        [id=3276, stack(0x0000002462e00000,0x0000002462f00000) (1024K)]
  0x0000014f476e8550 WorkerThread "GC Thread#0"                     [id=16752, stack(0x0000002462900000,0x0000002462a00000) (1024K)]
  0x0000014f6c2039c0 WorkerThread "GC Thread#1"                     [id=22992, stack(0x0000002464600000,0x0000002464700000) (1024K)]
  0x0000014f6c203d60 WorkerThread "GC Thread#2"                     [id=16708, stack(0x0000002464700000,0x0000002464800000) (1024K)]
  0x0000014f6c204910 WorkerThread "GC Thread#3"                     [id=21088, stack(0x0000002464800000,0x0000002464900000) (1024K)]
  0x0000014f6c204cb0 WorkerThread "GC Thread#4"                     [id=15048, stack(0x0000002464900000,0x0000002464a00000) (1024K)]
  0x0000014f6c205050 WorkerThread "GC Thread#5"                     [id=16792, stack(0x0000002464a00000,0x0000002464b00000) (1024K)]
  0x0000014f6c2053f0 WorkerThread "GC Thread#6"                     [id=21924, stack(0x0000002464b00000,0x0000002464c00000) (1024K)]
  0x0000014f6c205790 WorkerThread "GC Thread#7"                     [id=1736, stack(0x0000002464c00000,0x0000002464d00000) (1024K)]
  0x0000014f6c21db40 WorkerThread "GC Thread#8"                     [id=8772, stack(0x0000002464d00000,0x0000002464e00000) (1024K)]
  0x0000014f6c21ccc0 WorkerThread "GC Thread#9"                     [id=6936, stack(0x0000002464e00000,0x0000002464f00000) (1024K)]
  0x0000014f6c21c1e0 WorkerThread "GC Thread#10"                    [id=19340, stack(0x0000002464f00000,0x0000002465000000) (1024K)]
  0x0000014f6c21c920 WorkerThread "GC Thread#11"                    [id=16952, stack(0x0000002465000000,0x0000002465100000) (1024K)]
  0x0000014f6c3078a0 WorkerThread "GC Thread#12"                    [id=16924, stack(0x0000002466100000,0x0000002466200000) (1024K)]
  0x0000014f476ed430 ConcurrentGCThread "G1 Main Marker"            [id=13768, stack(0x0000002462a00000,0x0000002462b00000) (1024K)]
  0x0000014f476edd40 WorkerThread "G1 Conc#0"                       [id=9516, stack(0x0000002462b00000,0x0000002462c00000) (1024K)]
  0x0000014f6c305ba0 WorkerThread "G1 Conc#1"                       [id=23376, stack(0x0000002465200000,0x0000002465300000) (1024K)]
  0x0000014f6c306a20 WorkerThread "G1 Conc#2"                       [id=428, stack(0x0000002465300000,0x0000002465400000) (1024K)]
  0x0000014f63fa2550 ConcurrentGCThread "G1 Refine#0"               [id=15712, stack(0x0000002462c00000,0x0000002462d00000) (1024K)]
  0x0000014f63fa30c0 ConcurrentGCThread "G1 Service"                [id=22688, stack(0x0000002462d00000,0x0000002462e00000) (1024K)]
Total: 21

Threads with active compile tasks:
Total: 0

VM state: not at safepoint (normal execution)

VM Mutex/Monitor currently owned by a thread: None

Heap address: 0x0000000604000000, size: 8128 MB, Compressed Oops mode: Zero based, Oop shift amount: 3

CDS archive(s) not mapped
Compressed class space mapped at: 0x0000000800000000-0x0000000840000000, reserved size: 1073741824
Narrow klass base: 0x0000000800000000, Narrow klass shift: 0, Narrow klass range: 0x40000000

GC Precious Log:
 CardTable entry size: 512
 Card Set container configuration: InlinePtr #cards 4 size 8 Array Of Cards #cards 32 size 80 Howl #buckets 8 coarsen threshold 7372 Howl Bitmap #cards 1024 size 144 coarsen threshold 921 Card regions per heap region 1 cards per card region 8192
 CPUs: 16 total, 16 available
 Memory: 32502M
 Large Page Support: Disabled
 NUMA Support: Disabled
 Compressed Oops: Enabled (Zero based)
 Heap Region Size: 4M
 Heap Min Capacity: 8M
 Heap Initial Capacity: 508M
 Heap Max Capacity: 8128M
 Pre-touch: Disabled
 Parallel Workers: 13
 Concurrent Workers: 3
 Concurrent Refinement Workers: 13
 Periodic GC: Disabled

Heap:
 garbage-first heap   total 282624K, used 35586K [0x0000000604000000, 0x0000000800000000)
  region size 4096K, 4 young (16384K), 1 survivors (4096K)
 Metaspace       used 43868K, committed 44160K, reserved 1114112K
  class space    used 4542K, committed 4672K, reserved 1048576K

Heap Regions: E=young(eden), S=young(survivor), O=old, HS=humongous(starts), HC=humongous(continues), CS=collection set, F=free, TAMS=top-at-mark-start, PB=parsable bottom
|   0|0x0000000604000000, 0x0000000604400000, 0x0000000604400000|100%| O|  |TAMS 0x0000000604000000| PB 0x0000000604000000| Untracked 
|   1|0x0000000604400000, 0x000000060442e670, 0x0000000604800000|  4%| O|  |TAMS 0x0000000604400000| PB 0x0000000604400000| Untracked 
|   2|0x0000000604800000, 0x0000000604c00000, 0x0000000604c00000|100%| O|  |TAMS 0x0000000604800000| PB 0x0000000604800000| Untracked 
|   3|0x0000000604c00000, 0x0000000604c00000, 0x0000000605000000|  0%| F|  |TAMS 0x0000000604c00000| PB 0x0000000604c00000| Untracked 
|   4|0x0000000605000000, 0x00000006052921b0, 0x0000000605400000| 64%| S|CS|TAMS 0x0000000605000000| PB 0x0000000605000000| Complete 
|   5|0x0000000605400000, 0x0000000605800000, 0x0000000605800000|100%|HS|  |TAMS 0x0000000605400000| PB 0x0000000605400000| Complete 
|   6|0x0000000605800000, 0x0000000605c00000, 0x0000000605c00000|100%|HC|  |TAMS 0x0000000605800000| PB 0x0000000605800000| Complete 
|   7|0x0000000605c00000, 0x0000000606000000, 0x0000000606000000|100%|HC|  |TAMS 0x0000000605c00000| PB 0x0000000605c00000| Complete 
|   8|0x0000000606000000, 0x0000000606400000, 0x0000000606400000|100%|HC|  |TAMS 0x0000000606000000| PB 0x0000000606000000| Complete 
|   9|0x0000000606400000, 0x0000000606400000, 0x0000000606800000|  0%| F|  |TAMS 0x0000000606400000| PB 0x0000000606400000| Untracked 
|  10|0x0000000606800000, 0x0000000606800000, 0x0000000606c00000|  0%| F|  |TAMS 0x0000000606800000| PB 0x0000000606800000| Untracked 
|  11|0x0000000606c00000, 0x0000000606c00000, 0x0000000607000000|  0%| F|  |TAMS 0x0000000606c00000| PB 0x0000000606c00000| Untracked 
|  12|0x0000000607000000, 0x0000000607000000, 0x0000000607400000|  0%| F|  |TAMS 0x0000000607000000| PB 0x0000000607000000| Untracked 
|  13|0x0000000607400000, 0x0000000607400000, 0x0000000607800000|  0%| F|  |TAMS 0x0000000607400000| PB 0x0000000607400000| Untracked 
|  14|0x0000000607800000, 0x0000000607800000, 0x0000000607c00000|  0%| F|  |TAMS 0x0000000607800000| PB 0x0000000607800000| Untracked 
|  15|0x0000000607c00000, 0x0000000607c00000, 0x0000000608000000|  0%| F|  |TAMS 0x0000000607c00000| PB 0x0000000607c00000| Untracked 
|  16|0x0000000608000000, 0x0000000608000000, 0x0000000608400000|  0%| F|  |TAMS 0x0000000608000000| PB 0x0000000608000000| Untracked 
|  17|0x0000000608400000, 0x0000000608400000, 0x0000000608800000|  0%| F|  |TAMS 0x0000000608400000| PB 0x0000000608400000| Untracked 
|  18|0x0000000608800000, 0x0000000608800000, 0x0000000608c00000|  0%| F|  |TAMS 0x0000000608800000| PB 0x0000000608800000| Untracked 
|  19|0x0000000608c00000, 0x0000000608c00000, 0x0000000609000000|  0%| F|  |TAMS 0x0000000608c00000| PB 0x0000000608c00000| Untracked 
|  20|0x0000000609000000, 0x0000000609000000, 0x0000000609400000|  0%| F|  |TAMS 0x0000000609000000| PB 0x0000000609000000| Untracked 
|  21|0x0000000609400000, 0x0000000609400000, 0x0000000609800000|  0%| F|  |TAMS 0x0000000609400000| PB 0x0000000609400000| Untracked 
|  22|0x0000000609800000, 0x0000000609800000, 0x0000000609c00000|  0%| F|  |TAMS 0x0000000609800000| PB 0x0000000609800000| Untracked 
|  23|0x0000000609c00000, 0x0000000609c00000, 0x000000060a000000|  0%| F|  |TAMS 0x0000000609c00000| PB 0x0000000609c00000| Untracked 
|  24|0x000000060a000000, 0x000000060a000000, 0x000000060a400000|  0%| F|  |TAMS 0x000000060a000000| PB 0x000000060a000000| Untracked 
|  25|0x000000060a400000, 0x000000060a400000, 0x000000060a800000|  0%| F|  |TAMS 0x000000060a400000| PB 0x000000060a400000| Untracked 
|  26|0x000000060a800000, 0x000000060a800000, 0x000000060ac00000|  0%| F|  |TAMS 0x000000060a800000| PB 0x000000060a800000| Untracked 
|  27|0x000000060ac00000, 0x000000060ac00000, 0x000000060b000000|  0%| F|  |TAMS 0x000000060ac00000| PB 0x000000060ac00000| Untracked 
|  28|0x000000060b000000, 0x000000060b000000, 0x000000060b400000|  0%| F|  |TAMS 0x000000060b000000| PB 0x000000060b000000| Untracked 
|  29|0x000000060b400000, 0x000000060b400000, 0x000000060b800000|  0%| F|  |TAMS 0x000000060b400000| PB 0x000000060b400000| Untracked 
|  30|0x000000060b800000, 0x000000060b800000, 0x000000060bc00000|  0%| F|  |TAMS 0x000000060b800000| PB 0x000000060b800000| Untracked 
|  31|0x000000060bc00000, 0x000000060bc00000, 0x000000060c000000|  0%| F|  |TAMS 0x000000060bc00000| PB 0x000000060bc00000| Untracked 
|  32|0x000000060c000000, 0x000000060c000000, 0x000000060c400000|  0%| F|  |TAMS 0x000000060c000000| PB 0x000000060c000000| Untracked 
|  33|0x000000060c400000, 0x000000060c400000, 0x000000060c800000|  0%| F|  |TAMS 0x000000060c400000| PB 0x000000060c400000| Untracked 
|  34|0x000000060c800000, 0x000000060c800000, 0x000000060cc00000|  0%| F|  |TAMS 0x000000060c800000| PB 0x000000060c800000| Untracked 
|  35|0x000000060cc00000, 0x000000060cc00000, 0x000000060d000000|  0%| F|  |TAMS 0x000000060cc00000| PB 0x000000060cc00000| Untracked 
|  36|0x000000060d000000, 0x000000060d000000, 0x000000060d400000|  0%| F|  |TAMS 0x000000060d000000| PB 0x000000060d000000| Untracked 
|  37|0x000000060d400000, 0x000000060d400000, 0x000000060d800000|  0%| F|  |TAMS 0x000000060d400000| PB 0x000000060d400000| Untracked 
|  38|0x000000060d800000, 0x000000060d800000, 0x000000060dc00000|  0%| F|  |TAMS 0x000000060d800000| PB 0x000000060d800000| Untracked 
|  39|0x000000060dc00000, 0x000000060dc00000, 0x000000060e000000|  0%| F|  |TAMS 0x000000060dc00000| PB 0x000000060dc00000| Untracked 
|  40|0x000000060e000000, 0x000000060e000000, 0x000000060e400000|  0%| F|  |TAMS 0x000000060e000000| PB 0x000000060e000000| Untracked 
|  41|0x000000060e400000, 0x000000060e400000, 0x000000060e800000|  0%| F|  |TAMS 0x000000060e400000| PB 0x000000060e400000| Untracked 
|  42|0x000000060e800000, 0x000000060e800000, 0x000000060ec00000|  0%| F|  |TAMS 0x000000060e800000| PB 0x000000060e800000| Untracked 
|  43|0x000000060ec00000, 0x000000060ec00000, 0x000000060f000000|  0%| F|  |TAMS 0x000000060ec00000| PB 0x000000060ec00000| Untracked 
|  44|0x000000060f000000, 0x000000060f000000, 0x000000060f400000|  0%| F|  |TAMS 0x000000060f000000| PB 0x000000060f000000| Untracked 
|  45|0x000000060f400000, 0x000000060f400000, 0x000000060f800000|  0%| F|  |TAMS 0x000000060f400000| PB 0x000000060f400000| Untracked 
|  46|0x000000060f800000, 0x000000060f800000, 0x000000060fc00000|  0%| F|  |TAMS 0x000000060f800000| PB 0x000000060f800000| Untracked 
|  47|0x000000060fc00000, 0x000000060fc00000, 0x0000000610000000|  0%| F|  |TAMS 0x000000060fc00000| PB 0x000000060fc00000| Untracked 
|  48|0x0000000610000000, 0x0000000610000000, 0x0000000610400000|  0%| F|  |TAMS 0x0000000610000000| PB 0x0000000610000000| Untracked 
|  49|0x0000000610400000, 0x0000000610400000, 0x0000000610800000|  0%| F|  |TAMS 0x0000000610400000| PB 0x0000000610400000| Untracked 
|  50|0x0000000610800000, 0x0000000610800000, 0x0000000610c00000|  0%| F|  |TAMS 0x0000000610800000| PB 0x0000000610800000| Untracked 
|  51|0x0000000610c00000, 0x0000000610c00000, 0x0000000611000000|  0%| F|  |TAMS 0x0000000610c00000| PB 0x0000000610c00000| Untracked 
|  52|0x0000000611000000, 0x0000000611000000, 0x0000000611400000|  0%| F|  |TAMS 0x0000000611000000| PB 0x0000000611000000| Untracked 
|  53|0x0000000611400000, 0x0000000611400000, 0x0000000611800000|  0%| F|  |TAMS 0x0000000611400000| PB 0x0000000611400000| Untracked 
|  54|0x0000000611800000, 0x0000000611800000, 0x0000000611c00000|  0%| F|  |TAMS 0x0000000611800000| PB 0x0000000611800000| Untracked 
|  55|0x0000000611c00000, 0x0000000611c00000, 0x0000000612000000|  0%| F|  |TAMS 0x0000000611c00000| PB 0x0000000611c00000| Untracked 
|  56|0x0000000612000000, 0x0000000612000000, 0x0000000612400000|  0%| F|  |TAMS 0x0000000612000000| PB 0x0000000612000000| Untracked 
|  57|0x0000000612400000, 0x0000000612400000, 0x0000000612800000|  0%| F|  |TAMS 0x0000000612400000| PB 0x0000000612400000| Untracked 
|  58|0x0000000612800000, 0x0000000612800000, 0x0000000612c00000|  0%| F|  |TAMS 0x0000000612800000| PB 0x0000000612800000| Untracked 
|  59|0x0000000612c00000, 0x0000000612c00000, 0x0000000613000000|  0%| F|  |TAMS 0x0000000612c00000| PB 0x0000000612c00000| Untracked 
|  60|0x0000000613000000, 0x0000000613000000, 0x0000000613400000|  0%| F|  |TAMS 0x0000000613000000| PB 0x0000000613000000| Untracked 
|  61|0x0000000613400000, 0x0000000613400000, 0x0000000613800000|  0%| F|  |TAMS 0x0000000613400000| PB 0x0000000613400000| Untracked 
|  62|0x0000000613800000, 0x0000000613800000, 0x0000000613c00000|  0%| F|  |TAMS 0x0000000613800000| PB 0x0000000613800000| Untracked 
|  63|0x0000000613c00000, 0x0000000613c00000, 0x0000000614000000|  0%| F|  |TAMS 0x0000000613c00000| PB 0x0000000613c00000| Untracked 
|  64|0x0000000614000000, 0x0000000614000000, 0x0000000614400000|  0%| F|  |TAMS 0x0000000614000000| PB 0x0000000614000000| Untracked 
|  65|0x0000000614400000, 0x0000000614400000, 0x0000000614800000|  0%| F|  |TAMS 0x0000000614400000| PB 0x0000000614400000| Untracked 
|  66|0x0000000614800000, 0x00000006148e93c8, 0x0000000614c00000| 22%| E|  |TAMS 0x0000000614800000| PB 0x0000000614800000| Complete 
| 121|0x0000000622400000, 0x0000000622800000, 0x0000000622800000|100%| E|CS|TAMS 0x0000000622400000| PB 0x0000000622400000| Complete 
| 126|0x0000000623800000, 0x0000000623c00000, 0x0000000623c00000|100%| E|CS|TAMS 0x0000000623800000| PB 0x0000000623800000| Complete 

Card table byte_map: [0x0000014f5aff0000,0x0000014f5bfd0000] _byte_map_base: 0x0000014f57fd0000

Marking Bits: (CMBitMap*) 0x0000014f476e8b60
 Bits: [0x0000014f5bfd0000, 0x0000014f63ed0000)

Polling page: 0x0000014f455a0000

Metaspace:

Usage:
  Non-class:     38.40 MB used.
      Class:      4.44 MB used.
       Both:     42.84 MB used.

Virtual space:
  Non-class space:       64.00 MB reserved,      38.56 MB ( 60%) committed,  1 nodes.
      Class space:        1.00 GB reserved,       4.56 MB ( <1%) committed,  1 nodes.
             Both:        1.06 GB reserved,      43.12 MB (  4%) committed. 

Chunk freelists:
   Non-Class:  8.81 MB
       Class:  11.39 MB
        Both:  20.20 MB

MaxMetaspaceSize: unlimited
CompressedClassSpaceSize: 1.00 GB
Initial GC threshold: 21.00 MB
Current GC threshold: 58.69 MB
CDS: off
 - commit_granule_bytes: 65536.
 - commit_granule_words: 8192.
 - virtual_space_node_default_size: 8388608.
 - enlarge_chunks_in_place: 1.
 - use_allocation_guard: 0.


Internal statistics:

num_allocs_failed_limit: 6.
num_arena_births: 404.
num_arena_deaths: 0.
num_vsnodes_births: 2.
num_vsnodes_deaths: 0.
num_space_committed: 690.
num_space_uncommitted: 0.
num_chunks_returned_to_freelist: 6.
num_chunks_taken_from_freelist: 1483.
num_chunk_merges: 3.
num_chunk_splits: 1116.
num_chunks_enlarged: 902.
num_inconsistent_stats: 0.

CodeHeap 'non-profiled nmethods': size=119168Kb used=1354Kb max_used=1354Kb free=117813Kb
 bounds [0x0000014f52320000, 0x0000014f52590000, 0x0000014f59780000]
CodeHeap 'profiled nmethods': size=119104Kb used=5832Kb max_used=5832Kb free=113272Kb
 bounds [0x0000014f4a780000, 0x0000014f4ad40000, 0x0000014f51bd0000]
CodeHeap 'non-nmethods': size=7488Kb used=4553Kb max_used=4577Kb free=2934Kb
 bounds [0x0000014f51bd0000, 0x0000014f52060000, 0x0000014f52320000]
 total_blobs=4471 nmethods=3117 adapters=1255
 compilation: enabled
              stopped_count=0, restarted_count=0
 full_count=0

Compilation events (20 events):
Event: 1.464 Thread 0x0000014f64057c80 nmethod 3238 0x0000014f4ad2a710 code [0x0000014f4ad2a8a0, 0x0000014f4ad2a998]
Event: 1.464 Thread 0x0000014f66fcaf30 nmethod 3215 0x0000014f4ad2aa10 code [0x0000014f4ad2af80, 0x0000014f4ad2df40]
Event: 1.464 Thread 0x0000014f66fcaf30 3239       3       androidx.compose.ui.graphics.drawscope.CanvasDrawScope$drawContext$1::getCanvas (11 bytes)
Event: 1.464 Thread 0x0000014f66fcaf30 nmethod 3239 0x0000014f4ad2f510 code [0x0000014f4ad2f6c0, 0x0000014f4ad2f818]
Event: 1.465 Thread 0x0000014f66fcaf30 3241       1       androidx.compose.ui.graphics.drawscope.CanvasDrawScope$DrawParams::getLayoutDirection (5 bytes)
Event: 1.465 Thread 0x0000014f66fcaf30 nmethod 3241 0x0000014f5246c210 code [0x0000014f5246c3a0, 0x0000014f5246c470]
Event: 1.465 Thread 0x0000014f6c1f1810 3242       3       androidx.compose.ui.node.NodeCoordinator::draw (76 bytes)
Event: 1.465 Thread 0x0000014f64057c80 3243       3       androidx.compose.ui.node.NodeCoordinator::drawContainedDrawModifiers (51 bytes)
Event: 1.465 Thread 0x0000014f671b8ca0 3244       3       androidx.compose.ui.node.NodeCoordinator::head-H91voCI (105 bytes)
Event: 1.465 Thread 0x0000014f66fcaf30 3245       1       org.jetbrains.skia.Rect::getLeft (5 bytes)
Event: 1.465 Thread 0x0000014f66fcaf30 nmethod 3245 0x0000014f5246c510 code [0x0000014f5246c6a0, 0x0000014f5246c768]
Event: 1.465 Thread 0x0000014f66fcaf30 3246       1       org.jetbrains.skia.Rect::getTop (5 bytes)
Event: 1.465 Thread 0x0000014f66fcaf30 nmethod 3246 0x0000014f5246c810 code [0x0000014f5246c9a0, 0x0000014f5246ca68]
Event: 1.465 Thread 0x0000014f66fcaf30 3247       1       org.jetbrains.skia.Rect::getRight (5 bytes)
Event: 1.465 Thread 0x0000014f66fcaf30 nmethod 3247 0x0000014f5246cb10 code [0x0000014f5246cca0, 0x0000014f5246cd68]
Event: 1.465 Thread 0x0000014f66fcaf30 3248       1       org.jetbrains.skia.Rect::getBottom (5 bytes)
Event: 1.465 Thread 0x0000014f66fcaf30 nmethod 3248 0x0000014f5246ce10 code [0x0000014f5246cfa0, 0x0000014f5246d068]
Event: 1.465 Thread 0x0000014f64057c80 nmethod 3243 0x0000014f4ad2f910 code [0x0000014f4ad2fb40, 0x0000014f4ad30110]
Event: 1.465 Thread 0x0000014f671b8ca0 nmethod 3244 0x0000014f4ad30390 code [0x0000014f4ad305a0, 0x0000014f4ad30c60]
Event: 1.465 Thread 0x0000014f6c1f1810 nmethod 3242 0x0000014f4ad30f10 code [0x0000014f4ad311c0, 0x0000014f4ad31c70]

GC Heap History (16 events):
Event: 0.272 GC heap before
{Heap before GC invocations=0 (full 0):
 garbage-first heap   total 520192K, used 20480K [0x0000000604000000, 0x0000000800000000)
  region size 4096K, 6 young (24576K), 0 survivors (0K)
 Metaspace       used 15584K, committed 15744K, reserved 1114112K
  class space    used 1441K, committed 1536K, reserved 1048576K
}
Event: 0.274 GC heap after
{Heap after GC invocations=1 (full 0):
 garbage-first heap   total 520192K, used 5633K [0x0000000604000000, 0x0000000800000000)
  region size 4096K, 1 young (4096K), 1 survivors (4096K)
 Metaspace       used 15584K, committed 15744K, reserved 1114112K
  class space    used 1441K, committed 1536K, reserved 1048576K
}
Event: 0.376 GC heap before
{Heap before GC invocations=1 (full 0):
 garbage-first heap   total 520192K, used 17921K [0x0000000604000000, 0x0000000800000000)
  region size 4096K, 6 young (24576K), 1 survivors (4096K)
 Metaspace       used 21243K, committed 21504K, reserved 1114112K
  class space    used 2036K, committed 2176K, reserved 1048576K
}
Event: 0.377 GC heap after
{Heap after GC invocations=2 (full 0):
 garbage-first heap   total 520192K, used 6689K [0x0000000604000000, 0x0000000800000000)
  region size 4096K, 1 young (4096K), 1 survivors (4096K)
 Metaspace       used 21243K, committed 21504K, reserved 1114112K
  class space    used 2036K, committed 2176K, reserved 1048576K
}
Event: 0.537 GC heap before
{Heap before GC invocations=3 (full 0):
 garbage-first heap   total 40960K, used 27169K [0x0000000604000000, 0x0000000800000000)
  region size 4096K, 6 young (24576K), 1 survivors (4096K)
 Metaspace       used 22353K, committed 22592K, reserved 1114112K
  class space    used 2119K, committed 2240K, reserved 1048576K
}
Event: 0.538 GC heap after
{Heap after GC invocations=4 (full 0):
 garbage-first heap   total 40960K, used 7644K [0x0000000604000000, 0x0000000800000000)
  region size 4096K, 1 young (4096K), 1 survivors (4096K)
 Metaspace       used 22353K, committed 22592K, reserved 1114112K
  class space    used 2119K, committed 2240K, reserved 1048576K
}
Event: 0.629 GC heap before
{Heap before GC invocations=4 (full 0):
 garbage-first heap   total 40960K, used 19932K [0x0000000604000000, 0x0000000800000000)
  region size 4096K, 5 young (20480K), 1 survivors (4096K)
 Metaspace       used 25542K, committed 25728K, reserved 1114112K
  class space    used 2491K, committed 2560K, reserved 1048576K
}
Event: 0.630 GC heap after
{Heap after GC invocations=5 (full 0):
 garbage-first heap   total 40960K, used 8538K [0x0000000604000000, 0x0000000800000000)
  region size 4096K, 1 young (4096K), 1 survivors (4096K)
 Metaspace       used 25542K, committed 25728K, reserved 1114112K
  class space    used 2491K, committed 2560K, reserved 1048576K
}
Event: 1.047 GC heap before
{Heap before GC invocations=5 (full 0):
 garbage-first heap   total 40960K, used 24922K [0x0000000604000000, 0x0000000800000000)
  region size 4096K, 5 young (20480K), 1 survivors (4096K)
 Metaspace       used 30806K, committed 31104K, reserved 1114112K
  class space    used 3051K, committed 3200K, reserved 1048576K
}
Event: 1.049 GC heap after
{Heap after GC invocations=6 (full 0):
 garbage-first heap   total 40960K, used 9142K [0x0000000604000000, 0x0000000800000000)
  region size 4096K, 1 young (4096K), 1 survivors (4096K)
 Metaspace       used 30806K, committed 31104K, reserved 1114112K
  class space    used 3051K, committed 3200K, reserved 1048576K
}
Event: 1.147 GC heap before
{Heap before GC invocations=6 (full 0):
 garbage-first heap   total 40960K, used 25526K [0x0000000604000000, 0x0000000800000000)
  region size 4096K, 5 young (20480K), 1 survivors (4096K)
 Metaspace       used 35206K, committed 35456K, reserved 1114112K
  class space    used 3550K, committed 3648K, reserved 1048576K
}
Event: 1.148 GC heap after
{Heap after GC invocations=7 (full 0):
 garbage-first heap   total 40960K, used 9884K [0x0000000604000000, 0x0000000800000000)
  region size 4096K, 1 young (4096K), 1 survivors (4096K)
 Metaspace       used 35206K, committed 35456K, reserved 1114112K
  class space    used 3550K, committed 3648K, reserved 1048576K
}
Event: 1.165 GC heap before
{Heap before GC invocations=7 (full 0):
 garbage-first heap   total 40960K, used 9884K [0x0000000604000000, 0x0000000800000000)
  region size 4096K, 2 young (8192K), 1 survivors (4096K)
 Metaspace       used 35737K, committed 35968K, reserved 1114112K
  class space    used 3603K, committed 3712K, reserved 1048576K
}
Event: 1.166 GC heap after
{Heap after GC invocations=8 (full 0):
 garbage-first heap   total 40960K, used 10054K [0x0000000604000000, 0x0000000800000000)
  region size 4096K, 1 young (4096K), 1 survivors (4096K)
 Metaspace       used 35737K, committed 35968K, reserved 1114112K
  class space    used 3603K, committed 3712K, reserved 1048576K
}
Event: 1.350 GC heap before
{Heap before GC invocations=9 (full 0):
 garbage-first heap   total 40960K, used 26438K [0x0000000604000000, 0x0000000800000000)
  region size 4096K, 5 young (20480K), 1 survivors (4096K)
 Metaspace       used 40769K, committed 41152K, reserved 1114112K
  class space    used 4165K, committed 4352K, reserved 1048576K
}
Event: 1.351 GC heap after
{Heap after GC invocations=10 (full 0):
 garbage-first heap   total 282624K, used 11010K [0x0000000604000000, 0x0000000800000000)
  region size 4096K, 1 young (4096K), 1 survivors (4096K)
 Metaspace       used 40769K, committed 41152K, reserved 1114112K
  class space    used 4165K, committed 4352K, reserved 1048576K
}

Dll operation events (2 events):
Event: 0.004 Loaded shared library C:\Users\Yang\AppData\Local\Programs\Android Studio\jbr\bin\java.dll
Event: 0.007 Loaded shared library C:\Users\Yang\AppData\Local\Programs\Android Studio\jbr\bin\zip.dll

Deoptimization events (20 events):
Event: 1.326 Thread 0x0000014f6c20cf80 Uncommon trap: trap_request=0xffffffde fr.pc=0x0000014f5239b438 relative=0x0000000000000198
Event: 1.326 Thread 0x0000014f6c20cf80 Uncommon trap: reason=class_check action=maybe_recompile pc=0x0000014f5239b438 method=java.lang.String.equals(Ljava/lang/Object;)Z @ 8 c2
Event: 1.326 Thread 0x0000014f6c20cf80 DEOPT PACKING pc=0x0000014f5239b438 sp=0x00000024651fc410
Event: 1.326 Thread 0x0000014f6c20cf80 DEOPT UNPACKING pc=0x0000014f51c27da2 sp=0x00000024651fc398 mode 2
Event: 1.435 Thread 0x0000014f6c20cf80 Uncommon trap: trap_request=0xffffff45 fr.pc=0x0000014f523a6cb0 relative=0x0000000000000750
Event: 1.435 Thread 0x0000014f6c20cf80 Uncommon trap: reason=unstable_if action=reinterpret pc=0x0000014f523a6cb0 method=java.util.ArrayList.grow(I)[Ljava/lang/Object; @ 17 c2
Event: 1.435 Thread 0x0000014f6c20cf80 DEOPT PACKING pc=0x0000014f523a6cb0 sp=0x00000024651f1eb0
Event: 1.435 Thread 0x0000014f6c20cf80 DEOPT UNPACKING pc=0x0000014f51c27da2 sp=0x00000024651f1d48 mode 2
Event: 1.454 Thread 0x0000014f6c20cf80 Uncommon trap: trap_request=0xffffff45 fr.pc=0x0000014f52321b68 relative=0x00000000000000c8
Event: 1.454 Thread 0x0000014f6c20cf80 Uncommon trap: reason=unstable_if action=reinterpret pc=0x0000014f52321b68 method=java.lang.String.charAt(I)C @ 4 c2
Event: 1.454 Thread 0x0000014f6c20cf80 DEOPT PACKING pc=0x0000014f52321b68 sp=0x00000024651f29f0
Event: 1.454 Thread 0x0000014f6c20cf80 DEOPT UNPACKING pc=0x0000014f51c27da2 sp=0x00000024651f2990 mode 2
Event: 1.454 Thread 0x0000014f6c20cf80 Uncommon trap: trap_request=0xffffff45 fr.pc=0x0000014f5232ea0c relative=0x00000000000004ac
Event: 1.454 Thread 0x0000014f6c20cf80 Uncommon trap: reason=unstable_if action=reinterpret pc=0x0000014f5232ea0c method=java.lang.StringLatin1.canEncode(I)Z @ 4 c2
Event: 1.454 Thread 0x0000014f6c20cf80 DEOPT PACKING pc=0x0000014f5232ea0c sp=0x00000024651f2990
Event: 1.454 Thread 0x0000014f6c20cf80 DEOPT UNPACKING pc=0x0000014f51c27da2 sp=0x00000024651f28c8 mode 2
Event: 1.454 Thread 0x0000014f6c20cf80 Uncommon trap: trap_request=0xffffff45 fr.pc=0x0000014f5232fde4 relative=0x0000000000000484
Event: 1.454 Thread 0x0000014f6c20cf80 Uncommon trap: reason=unstable_if action=reinterpret pc=0x0000014f5232fde4 method=java.lang.AbstractStringBuilder.isLatin1()Z @ 10 c2
Event: 1.454 Thread 0x0000014f6c20cf80 DEOPT PACKING pc=0x0000014f5232fde4 sp=0x00000024651f2940
Event: 1.454 Thread 0x0000014f6c20cf80 DEOPT UNPACKING pc=0x0000014f51c27da2 sp=0x00000024651f28d0 mode 2

Classes loaded (20 events):
Event: 1.468 Loading class java/util/IdentityHashMap$KeyIterator
Event: 1.468 Loading class java/util/IdentityHashMap$KeyIterator done
Event: 1.468 Loading class javax/swing/RepaintManager$4
Event: 1.468 Loading class javax/swing/RepaintManager$4 done
Event: 1.468 Loading class sun/awt/image/BufferedImageGraphicsConfig
Event: 1.468 Loading class sun/awt/image/BufferedImageGraphicsConfig done
Event: 1.468 Loading class sun/print/PrinterGraphicsConfig
Event: 1.468 Loading class sun/print/PrinterGraphicsConfig done
Event: 1.468 Loading class sun/java2d/d3d/D3DGraphicsConfig
Event: 1.468 Loading class sun/java2d/pipe/hw/AccelGraphicsConfig
Event: 1.468 Loading class sun/java2d/pipe/hw/BufferedContextProvider
Event: 1.468 Loading class sun/java2d/pipe/hw/BufferedContextProvider done
Event: 1.468 Loading class sun/java2d/pipe/hw/AccelGraphicsConfig done
Event: 1.468 Loading class sun/java2d/d3d/D3DGraphicsConfig done
Event: 1.468 Loading class sun/java2d/opengl/WGLGraphicsConfig
Event: 1.468 Loading class sun/java2d/opengl/OGLGraphicsConfig
Event: 1.468 Loading class sun/java2d/opengl/OGLGraphicsConfig done
Event: 1.468 Loading class sun/java2d/opengl/WGLGraphicsConfig done
Event: 1.468 Loading class sun/awt/image/BufImgVolatileSurfaceManager
Event: 1.468 Loading class sun/awt/image/BufImgVolatileSurfaceManager done

Classes unloaded (0 events):
No events

Classes redefined (0 events):
No events

Internal exceptions (20 events):
Event: 1.223 Thread 0x0000014f7076bb30 Exception <a 'androidx/sqlite/SQLiteException'{0x0000000605f52e18}: Error code: 1, message: cannot rollback - no transaction is active> (0x0000000605f52e18) 
thrown [s\src\hotspot\share\prims\jni.cpp, line 563]
Event: 1.223 Thread 0x0000014f7076f640 Exception <a 'androidx/sqlite/SQLiteException'{0x0000000605f7fdb8}: Error code: 1, message: cannot rollback - no transaction is active> (0x0000000605f7fdb8) 
thrown [s\src\hotspot\share\prims\jni.cpp, line 563]
Event: 1.224 Thread 0x0000014f6c1bd830 Exception <a 'androidx/sqlite/SQLiteException'{0x0000000605fe50d8}: Error code: 1, message: cannot rollback - no transaction is active> (0x0000000605fe50d8) 
thrown [s\src\hotspot\share\prims\jni.cpp, line 563]
Event: 1.224 Thread 0x0000014f6c1bd830 Exception <a 'androidx/sqlite/SQLiteException'{0x0000000605fe84b8}: Error code: 1, message: cannot rollback - no transaction is active> (0x0000000605fe84b8) 
thrown [s\src\hotspot\share\prims\jni.cpp, line 563]
Event: 1.229 Thread 0x0000014f6c20cf80 Exception <a 'java/lang/NoSuchMethodError'{0x0000000605868458}: 'float java.lang.invoke.DirectMethodHandle$Holder.invokeStatic(java.lang.Object, java.lang.Object)'> (0x0000000605868458) 
thrown [s\src\hotspot\share\interpreter\linkResolver.cpp, line 784]
Event: 1.276 Thread 0x0000014f6c20cf80 Exception <a 'java/lang/NoSuchMethodError'{0x00000006054a6908}: 'java.lang.Object java.lang.invoke.DirectMethodHandle$Holder.invokeStaticInit(java.lang.Object, java.lang.Object, java.lang.Object, java.lang.Object, java.lang.Object, java.lang.Object, java.lang.Object)'> (0x00000006054a6908) 
thrown [s\src\hotspot\share\interpreter\linkResolver.cpp, line 784]
Event: 1.277 Thread 0x0000014f6c20cf80 Exception <a 'java/lang/NoSuchMethodError'{0x00000006054af910}: 'java.lang.Object java.lang.invoke.Invokers$Holder.invoke_MT(java.lang.Object, java.lang.Object, java.lang.Object, java.lang.Object, java.lang.Object, java.lang.Object, java.lang.Object, java.lang.Object, java.lang.Object, java.lang.Object)'> (0x00000006054af910) 
thrown [s\src\hotspot\share\interpreter\linkResolver.cpp, line 784]
Event: 1.278 Thread 0x0000014f6c20cf80 Exception <a 'java/lang/NoSuchMethodError'{0x00000006054b58b8}: 'java.lang.Object java.lang.invoke.DirectMethodHandle$Holder.invokeStatic(java.lang.Object, java.lang.Object, int)'> (0x00000006054b58b8) 
thrown [s\src\hotspot\share\interpreter\linkResolver.cpp, line 784]
Event: 1.279 Thread 0x0000014f6c20cf80 Exception <a 'java/lang/NoSuchMethodError'{0x00000006054c7410}: 'void java.lang.invoke.DelegatingMethodHandle$Holder.delegate(java.lang.Object, java.lang.Object, int, java.lang.Object)'> (0x00000006054c7410) 
thrown [s\src\hotspot\share\interpreter\linkResolver.cpp, line 784]
Event: 1.279 Thread 0x0000014f6c20cf80 Exception <a 'java/lang/NoSuchMethodError'{0x00000006054cb5c8}: 'int java.lang.invoke.DirectMethodHandle$Holder.invokeSpecial(java.lang.Object, java.lang.Object, java.lang.Object)'> (0x00000006054cb5c8) 
thrown [s\src\hotspot\share\interpreter\linkResolver.cpp, line 784]
Event: 1.280 Thread 0x0000014f6c20cf80 Exception <a 'java/lang/NoSuchMethodError'{0x00000006054e9448}: 'int java.lang.invoke.DirectMethodHandle$Holder.invokeVirtual(java.lang.Object, java.lang.Object, java.lang.Object)'> (0x00000006054e9448) 
thrown [s\src\hotspot\share\interpreter\linkResolver.cpp, line 784]
Event: 1.280 Thread 0x0000014f6c20cf80 Exception <a 'java/lang/NoSuchMethodError'{0x00000006054ecdb8}: 'int java.lang.invoke.DirectMethodHandle$Holder.invokeVirtual(java.lang.Object, java.lang.Object)'> (0x00000006054ecdb8) 
thrown [s\src\hotspot\share\interpreter\linkResolver.cpp, line 784]
Event: 1.280 Thread 0x0000014f6c20cf80 Exception <a 'java/lang/NoSuchMethodError'{0x00000006054f1608}: 'int java.lang.invoke.DirectMethodHandle$Holder.invokeStaticInit(java.lang.Object, int, int)'> (0x00000006054f1608) 
thrown [s\src\hotspot\share\interpreter\linkResolver.cpp, line 784]
Event: 1.280 Thread 0x0000014f6c20cf80 Exception <a 'java/lang/NoSuchMethodError'{0x00000006054f8ec8}: 'int java.lang.invoke.DirectMethodHandle$Holder.invokeStaticInit(java.lang.Object, long, long)'> (0x00000006054f8ec8) 
thrown [s\src\hotspot\share\interpreter\linkResolver.cpp, line 784]
Event: 1.280 Thread 0x0000014f6c20cf80 Exception <a 'java/lang/NoSuchMethodError'{0x00000006054ffc10}: 'int java.lang.invoke.DirectMethodHandle$Holder.invokeStaticInit(java.lang.Object, float, float)'> (0x00000006054ffc10) 
thrown [s\src\hotspot\share\interpreter\linkResolver.cpp, line 784]
Event: 1.280 Thread 0x0000014f6c20cf80 Exception <a 'java/lang/NoSuchMethodError'{0x0000000605506dd8}: 'int java.lang.invoke.DirectMethodHandle$Holder.invokeStaticInit(java.lang.Object, double, double)'> (0x0000000605506dd8) 
thrown [s\src\hotspot\share\interpreter\linkResolver.cpp, line 784]
Event: 1.280 Thread 0x0000014f6c20cf80 Exception <a 'java/lang/NoSuchMethodError'{0x000000060550b628}: 'int java.lang.invoke.DirectMethodHandle$Holder.invokeStatic(java.lang.Object, long)'> (0x000000060550b628) 
thrown [s\src\hotspot\share\interpreter\linkResolver.cpp, line 784]
Event: 1.281 Thread 0x0000014f6c20cf80 Exception <a 'java/lang/NoSuchMethodError'{0x000000060552d5e8}: 'int java.lang.invoke.Invokers$Holder.linkToTargetMethod(java.lang.Object, java.lang.Object)'> (0x000000060552d5e8) 
thrown [s\src\hotspot\share\interpreter\linkResolver.cpp, line 784]
Event: 1.387 Thread 0x0000014f7076f640 Exception <a 'androidx/sqlite/SQLiteException'{0x00000006238caed0}: Error code: 1, message: cannot rollback - no transaction is active> (0x00000006238caed0) 
thrown [s\src\hotspot\share\prims\jni.cpp, line 563]
Event: 1.388 Thread 0x0000014f6c1bd830 Exception <a 'androidx/sqlite/SQLiteException'{0x00000006238e4348}: Error code: 1, message: cannot rollback - no transaction is active> (0x00000006238e4348) 
thrown [s\src\hotspot\share\prims\jni.cpp, line 563]

ZGC Phase Switch (0 events):
No events

VM Operations (20 events):
Event: 1.129 Executing VM operation: HandshakeAllThreads (Deoptimize)
Event: 1.129 Executing VM operation: HandshakeAllThreads (Deoptimize) done
Event: 1.147 Executing VM operation: G1CollectForAllocation (G1 Evacuation Pause)
Event: 1.148 Executing VM operation: G1CollectForAllocation (G1 Evacuation Pause) done
Event: 1.165 Executing VM operation: CollectForMetadataAllocation (Metadata GC Threshold)
Event: 1.166 Executing VM operation: CollectForMetadataAllocation (Metadata GC Threshold) done
Event: 1.168 Executing VM operation: G1PauseRemark
Event: 1.169 Executing VM operation: G1PauseRemark done
Event: 1.169 Executing VM operation: G1PauseCleanup
Event: 1.169 Executing VM operation: G1PauseCleanup done
Event: 1.201 Executing VM operation: HandshakeAllThreads (Deoptimize)
Event: 1.201 Executing VM operation: HandshakeAllThreads (Deoptimize) done
Event: 1.278 Executing VM operation: HandshakeAllThreads (Deoptimize)
Event: 1.278 Executing VM operation: HandshakeAllThreads (Deoptimize) done
Event: 1.350 Executing VM operation: G1CollectForAllocation (G1 Evacuation Pause)
Event: 1.351 Executing VM operation: G1CollectForAllocation (G1 Evacuation Pause) done
Event: 1.430 Executing VM operation: HandshakeAllThreads (Deoptimize)
Event: 1.430 Executing VM operation: HandshakeAllThreads (Deoptimize) done
Event: 1.449 Executing VM operation: HandshakeAllThreads (Deoptimize)
Event: 1.449 Executing VM operation: HandshakeAllThreads (Deoptimize) done

Memory protections (0 events):
No events

Nmethod flushes (20 events):
Event: 1.169 Thread 0x0000014f640cb130 flushing  nmethod 0x0000014f4a7a0190
Event: 1.169 Thread 0x0000014f640cb130 flushing  nmethod 0x0000014f4a7a3190
Event: 1.169 Thread 0x0000014f640cb130 flushing  nmethod 0x0000014f4a7a3890
Event: 1.169 Thread 0x0000014f640cb130 flushing  nmethod 0x0000014f4a7a3c10
Event: 1.169 Thread 0x0000014f640cb130 flushing  nmethod 0x0000014f4a7d6090
Event: 1.169 Thread 0x0000014f640cb130 flushing  nmethod 0x0000014f4a7d7690
Event: 1.169 Thread 0x0000014f640cb130 flushing  nmethod 0x0000014f4a7d8190
Event: 1.169 Thread 0x0000014f640cb130 flushing  nmethod 0x0000014f4a7d9210
Event: 1.169 Thread 0x0000014f640cb130 flushing  nmethod 0x0000014f4a7d9890
Event: 1.169 Thread 0x0000014f640cb130 flushing  nmethod 0x0000014f4a7dce90
Event: 1.169 Thread 0x0000014f640cb130 flushing  nmethod 0x0000014f4a7dd210
Event: 1.169 Thread 0x0000014f640cb130 flushing  nmethod 0x0000014f4a802190
Event: 1.169 Thread 0x0000014f640cb130 flushing  nmethod 0x0000014f4a805f10
Event: 1.169 Thread 0x0000014f640cb130 flushing  nmethod 0x0000014f4a806210
Event: 1.169 Thread 0x0000014f640cb130 flushing  nmethod 0x0000014f4a807910
Event: 1.169 Thread 0x0000014f640cb130 flushing  nmethod 0x0000014f4a808f10
Event: 1.169 Thread 0x0000014f640cb130 flushing  nmethod 0x0000014f4a863d10
Event: 1.169 Thread 0x0000014f640cb130 flushing  nmethod 0x0000014f4a864090
Event: 1.169 Thread 0x0000014f640cb130 flushing  nmethod 0x0000014f4a86be10
Event: 1.169 Thread 0x0000014f640cb130 flushing  nmethod 0x0000014f4a8b7190

Events (20 events):
Event: 0.268 Thread 0x0000014f4763dc70 Thread added: 0x0000014f6c1c0a20
Event: 0.268 Thread 0x0000014f6c1bd830 Thread added: 0x0000014f6c1bca00
Event: 0.270 Thread 0x0000014f4763dc70 Thread added: 0x0000014f6c1ef730
Event: 0.271 Thread 0x0000014f671b8ca0 Thread added: 0x0000014f6c1f1810
Event: 0.272 Thread 0x0000014f6c1bd830 Thread added: 0x0000014f6c20a190
Event: 0.283 Thread 0x0000014f4763dc70 Thread added: 0x0000014f6c20cf80
Event: 0.374 Loaded shared library C:\Users\Yang\AppData\Local\Programs\Android Studio\jbr\bin\freetype.dll
Event: 0.374 Loaded shared library C:\Users\Yang\AppData\Local\Programs\Android Studio\jbr\bin\fontmanager.dll
Event: 0.529 Thread 0x0000014f66fcaf30 Thread added: 0x0000014f6c5b4240
Event: 0.598 Thread 0x0000014f6c20cf80 Thread added: 0x0000014f6c20a820
Event: 0.771 Thread 0x0000014f6c5b4240 Thread exited: 0x0000014f6c5b4240
Event: 0.973 Thread 0x0000014f674864c0 Thread exited: 0x0000014f674864c0
Event: 1.033 Thread 0x0000014f64057c80 Thread added: 0x0000014f7059fac0
Event: 1.124 Thread 0x0000014f6c1c0a20 Thread added: 0x0000014f7076bb30
Event: 1.124 Thread 0x0000014f6c1c0a20 Thread added: 0x0000014f7076f640
Event: 1.125 Thread 0x0000014f7076bb30 Thread added: 0x0000014f7076c1c0
Event: 1.125 Thread 0x0000014f7076bb30 Thread added: 0x0000014f7076fcd0
Event: 1.133 Thread 0x0000014f64057c80 Thread added: 0x0000014f705a0f30
Event: 1.212 Loaded shared library C:\Users\Yang\AppData\Local\Temp\androidx_sqliteJni4454504989632781730.tmp
Event: 1.467 Thread 0x0000014f6c20cf80 Thread added: 0x0000014f78982a50


Dynamic libraries:
0x00007ff68e160000 - 0x00007ff68e16a000 	C:\Users\Yang\AppData\Local\Programs\Android Studio\jbr\bin\java.exe
0x00007ffcb0a60000 - 0x00007ffcb0cc0000 	C:\WINDOWS\SYSTEM32\ntdll.dll
0x00007ffcaea50000 - 0x00007ffcaeb17000 	C:\WINDOWS\System32\KERNEL32.DLL
0x00007ffcadc70000 - 0x00007ffcae03a000 	C:\WINDOWS\System32\KERNELBASE.dll
0x00007ffcae530000 - 0x00007ffcae67b000 	C:\WINDOWS\System32\ucrtbase.dll
0x00007ffc873e0000 - 0x00007ffc873f8000 	C:\Users\Yang\AppData\Local\Programs\Android Studio\jbr\bin\jli.dll
0x00007ffc84130000 - 0x00007ffc8414b000 	C:\Users\Yang\AppData\Local\Programs\Android Studio\jbr\bin\VCRUNTIME140.dll
0x00007ffcaf150000 - 0x00007ffcaf31c000 	C:\WINDOWS\System32\USER32.dll
0x00007ffcadc40000 - 0x00007ffcadc67000 	C:\WINDOWS\System32\win32u.dll
0x00007ffc93610000 - 0x00007ffc938a7000 	C:\WINDOWS\WinSxS\amd64_microsoft.windows.common-controls_6595b64144ccf1df_6.0.26100.3624_none_3e086962e3345f24\COMCTL32.dll
0x00007ffcaf3a0000 - 0x00007ffcaf3ca000 	C:\WINDOWS\System32\GDI32.dll
0x00007ffcaec10000 - 0x00007ffcaecb9000 	C:\WINDOWS\System32\msvcrt.dll
0x00007ffcae040000 - 0x00007ffcae171000 	C:\WINDOWS\System32\gdi32full.dll
0x00007ffcae680000 - 0x00007ffcae723000 	C:\WINDOWS\System32\msvcp_win.dll
0x00007ffcae860000 - 0x00007ffcae88f000 	C:\WINDOWS\System32\IMM32.DLL
0x00007ffc8c7f0000 - 0x00007ffc8c7fc000 	C:\Users\Yang\AppData\Local\Programs\Android Studio\jbr\bin\vcruntime140_1.dll
0x00007ffc7f600000 - 0x00007ffc7f68d000 	C:\Users\Yang\AppData\Local\Programs\Android Studio\jbr\bin\msvcp140.dll
0x00007ffc0e570000 - 0x00007ffc0f1fa000 	C:\Users\Yang\AppData\Local\Programs\Android Studio\jbr\bin\server\jvm.dll
0x00007ffcaf3d0000 - 0x00007ffcaf482000 	C:\WINDOWS\System32\ADVAPI32.dll
0x00007ffcaf770000 - 0x00007ffcaf816000 	C:\WINDOWS\System32\sechost.dll
0x00007ffcae8a0000 - 0x00007ffcae9b6000 	C:\WINDOWS\System32\RPCRT4.dll
0x00007ffcafdf0000 - 0x00007ffcafe64000 	C:\WINDOWS\System32\WS2_32.dll
0x00007ffcad360000 - 0x00007ffcad3be000 	C:\WINDOWS\SYSTEM32\POWRPROF.dll
0x00007ffca05d0000 - 0x00007ffca0606000 	C:\WINDOWS\SYSTEM32\WINMM.dll
0x00007ffca6430000 - 0x00007ffca643b000 	C:\WINDOWS\SYSTEM32\VERSION.dll
0x00007ffcad340000 - 0x00007ffcad354000 	C:\WINDOWS\SYSTEM32\UMPDC.dll
0x00007ffcaca10000 - 0x00007ffcaca2a000 	C:\WINDOWS\SYSTEM32\kernel.appcore.dll
0x00007ffc81520000 - 0x00007ffc8152a000 	C:\Users\Yang\AppData\Local\Programs\Android Studio\jbr\bin\jimage.dll
0x00007ffcab640000 - 0x00007ffcab881000 	C:\WINDOWS\SYSTEM32\DBGHELP.DLL
0x00007ffcafa00000 - 0x00007ffcafd82000 	C:\WINDOWS\System32\combase.dll
0x00007ffcaf910000 - 0x00007ffcaf9e6000 	C:\WINDOWS\System32\OLEAUT32.dll
0x00007ffc3cec0000 - 0x00007ffc3cef9000 	C:\WINDOWS\SYSTEM32\dbgcore.DLL
0x00007ffcae730000 - 0x00007ffcae7c9000 	C:\WINDOWS\System32\bcryptPrimitives.dll
0x00007ffc80b00000 - 0x00007ffc80b20000 	C:\Users\Yang\AppData\Local\Programs\Android Studio\jbr\bin\java.dll
0x00007ffc7f5e0000 - 0x00007ffc7f5f8000 	C:\Users\Yang\AppData\Local\Programs\Android Studio\jbr\bin\zip.dll
0x00007ffcaffb0000 - 0x00007ffcb06d9000 	C:\WINDOWS\System32\SHELL32.dll
0x00007ffcae240000 - 0x00007ffcae3a8000 	C:\WINDOWS\System32\wintypes.dll
0x00007ffcab8c0000 - 0x00007ffcac112000 	C:\WINDOWS\SYSTEM32\windows.storage.dll
0x00007ffcaf820000 - 0x00007ffcaf90d000 	C:\WINDOWS\System32\SHCORE.dll
0x00007ffcaeb20000 - 0x00007ffcaeb84000 	C:\WINDOWS\System32\shlwapi.dll
0x00007ffcadb50000 - 0x00007ffcadb7f000 	C:\WINDOWS\SYSTEM32\profapi.dll
0x00007ffc81510000 - 0x00007ffc81520000 	C:\Users\Yang\AppData\Local\Programs\Android Studio\jbr\bin\net.dll
0x00007ffca5890000 - 0x00007ffca59ad000 	C:\WINDOWS\SYSTEM32\WINHTTP.dll
0x00007ffcacf10000 - 0x00007ffcacf7a000 	C:\WINDOWS\system32\mswsock.dll
0x00007ffc7f0e0000 - 0x00007ffc7f0f6000 	C:\Users\Yang\AppData\Local\Programs\Android Studio\jbr\bin\nio.dll
0x00007ffcad3e0000 - 0x00007ffcad3fc000 	C:\WINDOWS\SYSTEM32\CRYPTSP.dll
0x00007ffcac970000 - 0x00007ffcac9aa000 	C:\WINDOWS\system32\rsaenh.dll
0x00007ffcacfb0000 - 0x00007ffcacfdb000 	C:\WINDOWS\SYSTEM32\USERENV.dll
0x00007ffcadb20000 - 0x00007ffcadb46000 	C:\WINDOWS\SYSTEM32\bcrypt.dll
0x00007ffcad1b0000 - 0x00007ffcad1bc000 	C:\WINDOWS\SYSTEM32\CRYPTBASE.dll
0x00007ffcac420000 - 0x00007ffcac453000 	C:\WINDOWS\SYSTEM32\IPHLPAPI.DLL
0x00007ffcaf9f0000 - 0x00007ffcaf9fa000 	C:\WINDOWS\System32\NSI.dll
0x00007ffc897f0000 - 0x00007ffc8a411000 	C:\Users\Yang\.skiko\9cc0fa4b62d4146a57fc4033b1ad310d625c8000d71296924f1964366b3dfbc8\skiko-windows-x64.dll
0x00007ffcaf5d0000 - 0x00007ffcaf766000 	C:\WINDOWS\System32\ole32.dll
0x00007ffcaaee0000 - 0x00007ffcaaf16000 	C:\WINDOWS\SYSTEM32\dwmapi.dll
0x00007ffcaa470000 - 0x00007ffcaa56c000 	C:\WINDOWS\SYSTEM32\PROPSYS.dll
0x00007ffc0e3d0000 - 0x00007ffc0e568000 	C:\Users\Yang\AppData\Local\Programs\Android Studio\jbr\bin\awt.dll
0x00007ffc7f090000 - 0x00007ffc7f0d4000 	C:\Users\Yang\AppData\Local\Programs\Android Studio\jbr\bin\nvdaControllerClient64.dll
0x00007ffcaa270000 - 0x00007ffcaa30c000 	C:\WINDOWS\SYSTEM32\apphelp.dll
0x00007ffcaaaa0000 - 0x00007ffcaab4e000 	C:\WINDOWS\system32\uxtheme.dll
0x00007ffcb08c0000 - 0x00007ffcb0a1d000 	C:\WINDOWS\System32\MSCTF.dll
0x00007ffcaa310000 - 0x00007ffcaa326000 	C:\WINDOWS\system32\Wtsapi32.dll
0x00007ffcad140000 - 0x00007ffcad1a7000 	C:\WINDOWS\SYSTEM32\WINSTA.dll
0x00007ffc812a0000 - 0x00007ffc813ac000 	C:\WINDOWS\system32\opengl32.dll
0x00007ffca71c0000 - 0x00007ffca71ed000 	C:\WINDOWS\SYSTEM32\GLU32.dll
0x00007ffcaac80000 - 0x00007ffcaacc7000 	C:\WINDOWS\SYSTEM32\dxcore.dll
0x00007ffc0e340000 - 0x00007ffc0e3c7000 	C:\Users\Yang\AppData\Local\Programs\Android Studio\jbr\bin\freetype.dll
0x00007ffc0e260000 - 0x00007ffc0e33e000 	C:\Users\Yang\AppData\Local\Programs\Android Studio\jbr\bin\fontmanager.dll
0x00007ffca84a0000 - 0x00007ffca8709000 	C:\WINDOWS\SYSTEM32\dwrite.dll
0x00007ffc938b0000 - 0x00007ffc93a86000 	C:\WINDOWS\WinSxS\amd64_microsoft.windows.gdiplus_6595b64144ccf1df_1.1.26100.3624_none_6ef35c483dc6d8f2\gdiplus.dll
0x00007ffcaf4e0000 - 0x00007ffcaf588000 	C:\WINDOWS\System32\clbcatq.dll
0x00007ffca80d0000 - 0x00007ffca82fe000 	C:\WINDOWS\SYSTEM32\WindowsCodecs.dll
0x00007ffc7b6b0000 - 0x00007ffc7b70a000 	C:\WINDOWS\system32\dataexchange.dll
0x00007ffca02a0000 - 0x00007ffca04db000 	C:\WINDOWS\system32\twinapi.appcore.dll
0x00007ffca9ed0000 - 0x00007ffca9ed7000 	C:\Users\Yang\AppData\Local\Programs\Android Studio\jbr\bin\jawt.dll
0x00007ffcaad60000 - 0x00007ffcaae8e000 	C:\WINDOWS\SYSTEM32\Dxgi.dll
0x00007ffcaacf0000 - 0x00007ffcaad4e000 	C:\WINDOWS\SYSTEM32\directxdatabasehelper.dll
0x00007ffcad8a0000 - 0x00007ffcad8ff000 	C:\WINDOWS\SYSTEM32\cfgmgr32.dll
0x00007ffc7f550000 - 0x00007ffc7f573000 	C:\WINDOWS\SYSTEM32\D3D12.dll
0x00007ffc0f200000 - 0x00007ffc0f473000 	C:\WINDOWS\SYSTEM32\D3D12Core.dll
0x00007ffcad440000 - 0x00007ffcad453000 	C:\WINDOWS\SYSTEM32\msasn1.dll
0x00007ffca4a40000 - 0x00007ffca4a7b000 	C:\WINDOWS\SYSTEM32\cryptnet.dll
0x00007ffcae3b0000 - 0x00007ffcae527000 	C:\WINDOWS\System32\CRYPT32.dll
0x00007ffcad250000 - 0x00007ffcad2ad000 	C:\WINDOWS\SYSTEM32\wldp.dll
0x00007ffca4830000 - 0x00007ffca49ac000 	C:\WINDOWS\SYSTEM32\drvstore.dll
0x00007ffcad870000 - 0x00007ffcad89d000 	C:\WINDOWS\SYSTEM32\devobj.dll
0x00007ffcae7d0000 - 0x00007ffcae84f000 	C:\WINDOWS\System32\wintrust.dll
0x00007ffcafe80000 - 0x00007ffcafea0000 	C:\WINDOWS\System32\imagehlp.dll
0x00007ffc7f710000 - 0x00007ffc7fa16000 	C:\WINDOWS\system32\nvspcap64.dll
0x00007ffcacb30000 - 0x00007ffcacb65000 	C:\WINDOWS\SYSTEM32\ntmarta.dll
0x00007ffca4b30000 - 0x00007ffca4bf2000 	C:\WINDOWS\System32\DriverStore\FileRepository\nvlei.inf_amd64_d71eeabf5979d5ee\nvldumdx.dll
0x00007ffca0de0000 - 0x00007ffca457a000 	C:\WINDOWS\System32\DriverStore\FileRepository\nvlei.inf_amd64_d71eeabf5979d5ee\nvgpucomp64.dll
0x00007ffca0610000 - 0x00007ffca06e7000 	C:\WINDOWS\System32\DriverStore\FileRepository\nvlei.inf_amd64_d71eeabf5979d5ee\NvMemMapStoragex.dll
0x00007ffc99f50000 - 0x00007ffc9f263000 	C:\WINDOWS\System32\DriverStore\FileRepository\nvlei.inf_amd64_d71eeabf5979d5ee\nvwgf2umx.dll
0x00007ffc643f0000 - 0x00007ffc645a4000 	C:\WINDOWS\System32\DriverStore\FileRepository\nvlei.inf_amd64_d71eeabf5979d5ee\nvppex.dll
0x00007ffc7f100000 - 0x00007ffc7f12e000 	C:\WINDOWS\SYSTEM32\D3DSCache.dll
0x00007ffc6c9a0000 - 0x00007ffc6cc1c000 	C:\Users\Yang\AppData\Local\Temp\androidx_sqliteJni4454504989632781730.tmp
0x00007ffca9360000 - 0x00007ffca9585000 	C:\WINDOWS\SYSTEM32\dcomp.dll
0x00007ffca8310000 - 0x00007ffca8329000 	C:\WINDOWS\SYSTEM32\Microsoft.Internal.WarpPal.dll
0x00007ffca7c40000 - 0x00007ffca80bf000 	C:\WINDOWS\SYSTEM32\d3dcompiler_47.dll
0x00007ffc97060000 - 0x00007ffc971a9000 	C:\WINDOWS\SYSTEM32\textinputframework.dll

dbghelp: loaded successfully - version: 4.0.5 - missing functions: none
symbol engine: initialized successfully - sym options: 0x614 - pdb path: .;C:\Users\Yang\AppData\Local\Programs\Android Studio\jbr\bin;C:\WINDOWS\SYSTEM32;C:\WINDOWS\WinSxS\amd64_microsoft.windows.common-controls_6595b64144ccf1df_6.0.26100.3624_none_3e086962e3345f24;C:\Users\Yang\AppData\Local\Programs\Android Studio\jbr\bin\server;C:\Users\Yang\.skiko\9cc0fa4b62d4146a57fc4033b1ad310d625c8000d71296924f1964366b3dfbc8;C:\WINDOWS\WinSxS\amd64_microsoft.windows.gdiplus_6595b64144ccf1df_1.1.26100.3624_none_6ef35c483dc6d8f2;C:\WINDOWS\System32\DriverStore\FileRepository\nvlei.inf_amd64_d71eeabf5979d5ee;C:\Users\Yang\AppData\Local\Temp

VM Arguments:
jvm_args: -Dcompose.application.configure.swing.globals=true -Dcompose.application.resources.dir=C:\Users\Yang\AndroidStudioProjects\Kori\composeApp\build\compose\tmp\prepareAppResources -Dfile.encoding=UTF-8 -Duser.country=CN -Duser.language=zh -Duser.variant 
java_command: org.yangdai.kori.MainKt
java_class_path (initial): C:\Users\Yang\AndroidStudioProjects\Kori\composeApp\build\libs\composeApp-desktop.jar;C:\Users\Yang\.gradle\caches\modules-2\files-2.1\org.jetbrains.compose.desktop\desktop-jvm\1.8.0-beta02\fbb41a8f82e7d396f49946c5efca58eb0fa1d5f2\desktop-jvm-1.8.0-beta02.jar;C:\Users\Yang\.gradle\caches\modules-2\files-2.1\org.jetbrains.compose.material\material-desktop\1.8.0-beta02\bb44b78e6b8b809dfe3342575ad53656170611a6\material-desktop-1.8.0-beta02.jar;C:\Users\Yang\.gradle\caches\modules-2\files-2.1\org.jetbrains.compose.material3\material3-adaptive-navigation-suite-desktop\1.8.0-beta02\4f0d24ba4302c90ec82cca5a6ec5940dc9d979be\material3-adaptive-navigation-suite-desktop-1.8.0-beta02.jar;C:\Users\Yang\.gradle\caches\modules-2\files-2.1\org.jetbrains.compose.material3\material3-desktop\1.8.0-beta02\74e89f988c68ed4e5373f29c9cebd6e02f5d66d3\material3-desktop-1.8.0-beta02.jar;C:\Users\Yang\.gradle\caches\modules-2\files-2.1\org.jetbrains.compose.components\components-resources-desktop\1.8.0-beta02\10110d785f486bc13235f40e1d0b91a48b5f3ee6\library-desktop-1.8.0-beta02.jar;C:\Users\Yang\.gradle\caches\modules-2\files-2.1\org.jetbrains.compose.material3.adaptive\adaptive-navigation-desktop\1.1.0-beta02\590ced37efb2215a5cfc0a6339b44df2bffa74ae\adaptive-navigation-desktop-1.1.0-beta02.jar;C:\Users\Yang\.gradle\caches\modules-2\files-2.1\org.jetbrains.compose.material3.adaptive\adaptive-layout-desktop\1.1.0-beta02\723d4a6007b47c0f0112a341339d8dfd68433657\adaptive-layout-desktop-1.1.0-beta02.jar;C:\Users\Yang\.gradle\caches\modules-2\files-2.1\org.jetbrains.compose.material3.adaptive\adaptive-desktop\1.1.0-beta02\2e5d19a5f8df2383051d8d4327990abc7f910660\adaptive-desktop-1.1.0-beta02.jar;C:\Users\Yang\.gradle\caches\modules-2\files-2.1\org.jetbrains.compose.material\material-ripple-desktop\1.8.0-beta02\828e54d21ce13053dd7b705f66bfb332bb38204b\material-ripple-desktop-1.8.0-beta02.jar;C:\Users\Yang\.gradle\caches\modules-2\files-2.1\org.jetbrains.compose.foundation\foundation-desktop\1.8.0-beta02\81657e11b152e3edc62b9e3b0480e340975d5912\foundation-desktop-1.8.0-beta02.jar;C:\Users\Yang\.gradle\caches\modules-2\files-2.1\org.jetbrains.compose.material\material-icons-extended-desktop\1.7.3\c7c5465dd754043076875b32bce0dd7f5a354fe8\material-icons-extended-desktop-1.7.3.jar;C:\Users\Yang\.gradle\caches\modules-2\files-2.1\io.insert-koin\koin-compose-viewmodel-navigation-jvm\4.0.4\d7884ffd81c1597ce58137e6090bb6715623c07c\koin-compose-viewmodel-navigation-jvm-4.0.4.jar;C:\Users\Yang\.gradle\caches\modules-2\files-2.1\org.jetbrains.androidx.navigation\navigation-compose-desktop\2.9.0-alpha16\e6b978c2265a93dc1d2c0d32f858abca632ae502\navigation-compose-desktop-2.9.0-alpha16.jar;C:\Users\Yang\.gradle\caches\modules-2\files-2.1\org.jetbrains.compose.animation\animation-desktop\1.8.0-beta02\80257b132de1be61f842c6e4fea5d2b6949c1660\animation-desktop-1.8.0-beta02.jar;C:\Users\Yang\.gradle\caches\modules-2\files-2.1\org.jetbrains.compose.foundation\foundation-layout-desktop\1.8.0-beta02\c13d38b48660c2e8d92b7eecb378124df96f056b\foundation-layout-desktop-1.8.0-beta02.jar;C:\Users\Yang\.gradle\caches\modules-2\files-2.1\org.jetbrains.compose.animation\animation-core-desktop\1.8.0-beta02\9ff0c43f15b6b2cd30e4aa39127a7e6a0287d789\animation-core-desktop-1.8.0-beta02.jar;C:\Users\Yang\.gradle\caches\modules-2\files-2.1\org.jetbrains.compose.material\material-icons-core-desktop\1.7.3\414b3096050fe647b0638832eace80f22c06b85c\material-icons-core-desktop-1.7.3.jar;C:\Users\Yang\.gradle\caches\modules-2\files-2.1\io.insert-koin\koin-compose-viewmodel-jvm\4.0.4\3d3d6b5f8a9b486d12f294f2aee94755404d071b\koin-compose-viewmodel-jvm-4.0.4.jar;C:\Users\Yang\.gradle\caches\modules-2\files-2.1\org.jetbrains.androidx.lifecycle\lifecycle-viewmodel-compose-desktop\2.9.0-alpha06\c998ab85a5c09ce044ac8f437e32c28e02e68f5c\lifecycle-viewmodel-compose-desktop-2.9.0-alpha06.jar;C:\Users\Yang\.gradle\caches\modules-2\files-2.1\org.jetbrains.compose.ui\ui-desktop\1.8.0-beta02\fa56b2ac6d560ac881117f5c8ca4031758b4be7f\ui-desktop-1.8.0-beta02.jar;C:\Users\Yang\.gradle\caches\modules-2\files-2.1\org.jetbrains.androidx.navigation\navigation-runtime-desktop\2.9.0-alpha16\ef3deb61bf0b1f6a5185423fd3a865cd3c6d9aff\navigation-runtime-desktop-2.9.0-alpha16.jar;C:\Users\Yang\.gradle\caches\modules-2\files-2.1\org.jetbrains.androidx.navigation\navigation-common-desktop\2.9.0-alpha16\411036b2321e9c6fe95ec9a16d9856c8522e688d\navigation-common-desktop-2.9.0-alpha16.jar;C:\Users\Yang\.gradle\caches\modules-2\files-2.1\io.insert-koin\koin-core-viewmodel-jvm\4.0.4\13a8ef50ed8a827de227d1526f7b201aeb02254c\koin-core-viewmodel-jvm-4.0.4.jar;C:\Users\Yang\.gradle\caches\modules-2\files-2.1\org.jetbrains.androidx.lifecycle\lifecycle-viewmodel-savedstate-desktop\2.9.0-alpha06\833e686c11b534ddcb56de5fe8515af0ff1ae108\lifecycle-viewmodel-savedstate-desktop-2.9.0-alpha06.jar;C:\Users\Yang\.gradle\caches\modules-2\files-2.1\org.jetbrains.compose.ui\ui-backhandler-desktop\1.8.0-beta02\9dc16ae7b00fe81206b8bc54ea7b4dee64e4fd83\ui-backhandler-desktop-1.8.0-beta02.jar;C:\Users\Yang\.gradle\caches\modules-2\files-2.1\org.jetbrains.androidx.lifecycle\lifecycle-runtime-compose-desktop\2.9.0-alpha06\c7a74d2151039a5f24fff01ac311618ee13448bd\lifecycle-runtime-compose-desktop-2.9.0-alpha06.jar;C:\Users\Yang\.gradle\caches\modules-2\files-2.1\io.insert-koin\koin-compose-jvm\4.0.4\f1c0d0db29ad3cecfa6c857643a6581b37a1f284\koin-compose-jvm-4.0.4.jar;C:\Users\Yang\.gradle\caches\modules-2\files-2.1\org.jetbrains.compose.ui\ui-text-desktop\1.8.0-beta02\948e66e9b18d45a831b71b01c4f492cc0a4be225\ui-text-desktop-1.8.0-beta02.jar;C:\Users\Yang\.gradle\caches\modules-2\files-2.1\org.jetbrains.compose.ui\ui-graphics-desktop\1.8.0-beta02\87ad169b3a7ce78bb0d320f5e1fb0b24075a8c04\ui-graphics-desktop-1.8.0-beta02.jar;C:\Users\Yang\.gradle\caches\modules-2\files-2.1\org.jetbrains.compose.runtime\runtime-saveable-desktop\1.8.0-beta02\edb3ee930395c0ba91ffa5a36e94a96f5d9a3fd3\runtime-saveable-desktop-1.8.0-beta02.jar;C:\Users\Yang\.gradle\caches\modules-2\files-2.1\org.jetbrains.compose.ui\ui-unit-desktop\1.8.0-beta02\eeaeeafc949f686abc954e623c67e17395aae96d\ui-unit-desktop-1.8.0-beta02.jar;C:\Users\Yang\.gradle\caches\modules-2\files-2.1\org.jetbrains.compose.ui\ui-geometry-desktop\1.8.0-beta02\63f38fb415a3f8e109ce54b7edf43d68b8bb2820\ui-geometry-desktop-1.8.0-beta02.jar;C:\Users\Yang\.gradle\caches\modules-2\files-2.1\org.jetbrains.compose.ui\ui-tooling-preview-desktop\1.8.0-beta02\bd4651d3cf7078cb5498e69bfc8f22ecc02ab48d\ui-tooling-preview-desktop-1.8.0-beta02.jar;C:\Users\Yang\.gradle\caches\modules-2\files-2.1\org.jetbrains.compose.runtime\runtime-desktop\1.8.0-beta02\419f0344868b08c95e651996398c0280c151d4f\runtime-desktop-1.8.0-beta02.jar;C:\Users\Yang\.gradle\caches\modules-2\files-2.1\androidx.room\room-common-jvm\2.7.0\46a9845444d0b849131baeb85bfe4051828261ad\room-common-jvm-2.7.0.jar;C:\Users\Yang\.gradle\caches\modules-2\files-2.1\androidx.room\room-paging-jvm\2.7.0\d145d4105b0d3a9100bac2390742abfcc8daeea6\room-paging-jvm-2.7.0.jar;C:\Users\Yang\.gradle\caches\modules-2\files-2.1\androidx.room\room-runtime-jvm\2.7.0\1747ad42147d7b7468df52a89b88ed36964b39c\room-runtime-jvm-2.7.0.jar;C:\Users\Yang\.gradle\caches\modules-2\files-2.1\androidx.datastore\datastore-preferences-external-protobuf\1.1.4\ddd0a2d64e3c928359c993d1291e535d5d7fc9a3\datastore-preferences-external-protobuf-1.1.4.jar;C:\Users\Yang\.gradle\caches\modules-2\files-2.1\androidx.datastore\datastore-core-okio-jvm\1.1.4\ce08f132812044a9778547b299fd812e34dbd602\datastore-core-okio-jvm-1.1.4.jar;C:\Users\Yang\.gradle\caches\modules-2\files-2.1\androidx.datastore\datastore-core-jvm\1.1.4\65e7d18fd34f747c5a17ff7cd9b1d2fde6cfd74a\datastore-core-jvm-1.1.4.jar;C:\Users\Yang\.gradle\caches\modules-2\files-2.1\androidx.datastore\datastore-preferences-proto\1.1.4\6d7430ed8d2b5f2b8675dad8d196ba5dd710921b\datastore-preferences-proto-1.1.4.jar;C:\Users\Yang\.gradle\caches\modules-2\files-2.1\androidx.datastore\datastore-preferences-core-jvm\1.1.4\fb991f11389ccf2a5d5d4c99783ff958bc400\datastore-preferences-core-jvm-1.1.4.jar;C:\Users\Yang\.gradle\caches\modules-2\files-2.1\androidx.datastore\datastore-jvm\1.1.4\209b37fb6bd024a9b4e5ec40a81e6d3055cad456\datastore-jvm-1.1.4.jar;C:\Users\Yang\.gradle\caches\modules-2\files-2.1\androidx.datastore\datastore-preferences-jvm\1.1.4\f842573b92a8dd1242b9e38691ee3cd84cc6a848\datastore-preferences-jvm-1.1.4.jar;C:\Users\Yang\.gradle\caches\modules-2\files-2.1\org.jetbrains.androidx.savedstate\savedstate-desktop\1.3.0-alpha06\ec488f46c36c77cb92f47bce2901a0c5f91b1077\savedstate-desktop-1.3.0-alpha06.jar;C:\Users\Yang\.gradle\caches\modules-2\files-2.1\androidx.lifecycle\lifecycle-runtime-desktop\2.9.0-alpha12\ccf019432f600508c719174a9cf8afe0e02ef2f2\lifecycle-runtime-desktop-2.9.0-alpha12.jar;C:\Users\Yang\.gradle\caches\modules-2\files-2.1\androidx.lifecycle\lifecycle-common-jvm\2.9.0-alpha12\38af54af71d9efe8f1cc0a0428ee1a2f7f371c62\lifecycle-common-jvm-2.9.0-alpha12.jar;C:\Users\Yang\.gradle\caches\modules-2\files-2.1\androidx.lifecycle\lifecycle-viewmodel-desktop\2.9.0-alpha12\d9b3f647c16827db73dc4383e1c09f2f6e0187b4\lifecycle-viewmodel-desktop-2.9.0-alpha12.jar;C:\Users\Yang\.gradle\caches\modules-2\files-2.1\org.jetbrains.skiko\skiko-awt-runtime-windows-x64\0.9.4\f85964fd8b9ffa6366504b9735fdf0f99dfa8f8d\skiko-awt-runtime-windows-x64-0.9.4.jar;C:\Users\Yang\.gradle\caches\modules-2\files-2.1\org.jetbrains.skiko\skiko-awt\0.9.4\604c4559bb488621cbde5a855867a76993030f46\skiko-awt-0.9.4.jar;C:\Users\Yang\.gradle\caches\modules-2\files-2.1\androidx.paging\paging-common-jvm\3.3.2\188b3f2c6c0897ebf1246b12fcf07f82057b4263\paging-common-jvm-3.3.2.jar;C:\Users\Yang\.gradle\caches\modules-2\files-2.1\org.jetbrains.kotlinx\kotlinx-coroutines-core-jvm\1.10.1\fe066928754beda3d59c8282e04289546465a360\kotlinx-coroutines-core-jvm-1.10.1.jar;C:\Users\Yang\.gradle\caches\modules-2\files-2.1\org.jetbrains.kotlinx\kotlinx-coroutines-swing\1.10.1\37650f51bdaeabcc8dfd50222d9a6c8a70542efc\kotlinx-coroutines-swing-1.10.1.jar;C:\Users\Yang\.gradle\caches\modules-2\files-2.1\org.jetbrains.compose.components\components-ui-tooling-preview-desktop\1.8.0-beta02\a4a2a2895122b4e880ad5a7c143aee17c81af432\library-desktop-1.8.0-beta02.jar;C:\Users\Yang\.gradle\caches\modules-2\files-2.1\org.jetbrains.kotlinx\kotlinx-serialization-core-jvm\1.8.0\fe5bb37ab4a3771f14c63e0c333c98bdfeb1d7cc\kotlinx-serialization-core-jvm-1.8.0.jar;C:\Users\Yang\.gradle\caches\modules-2\files-2.1\org.jetbrains.kotlinx\kotlinx-serialization-json-jvm\1.8.0\8253bf6e8c713a3dace54493a838e0f8fd3e08fa\kotlinx-serialization-json-jvm-1.8.0.jar;C:\Users\Yang\.gradle\caches\modules-2\files-2.1\org.jetbrains.kotlinx\kotlinx-datetime-jvm\0.6.2\f177b43ce53f69151797206ce762b36199692474\kotlinx-datetime-jvm-0.6.2.jar;C:\Users\Yang\.gradle\caches\modules-2\files-2.1\androidx.sqlite\sqlite-jvm\2.5.0\c25fd66c89fa5c47439c155c72935cd1e2ba4591\sqlite-jvm-2.5.0.jar;C:\Users\Yang\.gradle\caches\modules-2\files-2.1\androidx.sqlite\sqlite-bundled-jvm\2.5.0\3fcfb77bad920ef80a25fe622242070d3bf986b1\sqlite-bundled-jvm-2.5.0.jar;C:\Users\Yang\.gradle\caches\modules-2\files-2.1\org.jetbrains.compose.ui\ui-util-desktop\1.8.0-beta02\a2a36b3d81ea69a736a49bf0a53723d5daa59c62\ui-util-desktop-1.8.0-beta02.jar;C:\Users\Yang\.gradle\caches\modules-2\files-2.1\com.squareup.okio\okio-jvm\3.4.0\4e8bd78a52ab935ce383d0092646922154295e54\okio-jvm-3.4.0.jar;C:\Users\Yang\.gradle\caches\modules-2\files-2.1\org.jetbrains.kotlin\kotlin-stdlib-jdk8\2.1.10\3009fa6a21ebb400fe38c70eaf218a0c669ddbe2\kotlin-stdlib-jdk8-2.1.10.jar;C:\Users\Yang\.gradle\caches\modules-2\files-2.1\io.insert-koin\koin-core-jvm\4.0.4\a846d2959adbdc88ff6b94110d32561f65bb4777\koin-core-jvm-4.0.4.jar;C:\Users\Yang\.gradle\caches\modules-2\files-2.1\org.jetbrains.kotlinx\atomicfu-jvm\0.23.2\a4601dc42dceb031a586058e8356ff778a57dea0\atomicfu-jvm-0.23.2.jar;C:\Users\Yang\.gradle\caches\modules-2\files-2.1\org.jetbrains.androidx.window\window-core-desktop\1.3.1\39ecc169c3b1c661ceb5bc758dfd84da4cd48036\window-core-desktop-1.3.1.jar;C:\Users\Yang\.gradle\caches\modules-2\files-2.1\androidx.arch.core\core-common\2.2.0\5e1b8b81dfd5f52c56a8d53b18ca759c19a301f3\core-common-2.2.0.jar;C:\Users\Yang\.gradle\caches\modules-2\files-2.1\androidx.collection\collection-jvm\1.5.0\7ba2c69414d46ebc2dd76598bdd0a75c54281a57\collection-jvm-1.5.0.jar;C:\Users\Yang\.gradle\caches\modules-2\files-2.1\androidx.annotation\annotation-jvm\1.9.1\b17951747e38bf3986a24431b9ba0d039958aa5f\annotation-jvm-1.9.1.jar;C:\Users\Yang\.gradle\caches\modules-2\files-2.1\org.jetbrains.kotlin\kotlin-stdlib-jdk7\2.1.10\c9d8cb43c1d65c500ffbbb6eb591b9c8928caf6d\kotlin-stdlib-jdk7-2.1.10.jar;C:\Users\Yang\.gradle\caches\modules-2\files-2.1\co.touchlab\stately-concurrent-collections-jvm\2.1.0\5c03b644537d7926a8f77e5735a8bebb55dafdcd\stately-concurrent-collections-jvm-2.1.0.jar;C:\Users\Yang\.gradle\caches\modules-2\files-2.1\co.touchlab\stately-concurrency-jvm\2.1.0\6285428408c4d7e4a6d9a09511de877103effd81\stately-concurrency-jvm-2.1.0.jar;C:\Users\Yang\.gradle\caches\modules-2\files-2.1\co.touchlab\stately-strict-jvm\2.1.0\3ae8369209065455f4630793bf6aca0fb88c8b6b\stately-strict-jvm-2.1.0.jar;C:\Users\Yang\.gradle\caches\modules-2\files-2.1\org.jetbrains.androidx.core\core-bundle-desktop\1.0.1\154b84cb449aae31fff9d5fa71f6e98ac24c3606\core-bundle-desktop-1.0.1.jar;C:\Users\Yang\.gradle\caches\modules-2\files-2.1\org.jetbrains.kotlin\kotlin-stdlib\2.1.20\aa8ca79cd50578314f6d1180c47cbe14c0fee567\kotlin-stdlib-2.1.20.jar;C:\Users\Yang\.gradle\caches\modules-2\files-2.1\org.jetbrains\annotations\23.0.0\8cc20c07506ec18e0834947b84a864bfc094484e\annotations-23.0.0.jar;C:\Users\Yang\.gradle\caches\modules-2\files-2.1\org.jspecify\jspecify\1.0.0\7425a601c1c7ec76645a78d22b8c6a627edee507\jspecify-1.0.0.jar
Launcher Type: SUN_STANDARD

[Global flags]
     intx CICompilerCount                          = 12                                        {product} {ergonomic}
     uint ConcGCThreads                            = 3                                         {product} {ergonomic}
     uint G1ConcRefinementThreads                  = 13                                        {product} {ergonomic}
   size_t G1HeapRegionSize                         = 4194304                                   {product} {ergonomic}
    uintx GCDrainStackTargetSize                   = 64                                        {product} {ergonomic}
   size_t InitialHeapSize                          = 532676608                                 {product} {ergonomic}
   size_t MarkStackSize                            = 4194304                                   {product} {ergonomic}
   size_t MaxHeapSize                              = 8522825728                                {product} {ergonomic}
   size_t MaxNewSize                               = 5112856576                                {product} {ergonomic}
   size_t MinHeapDeltaBytes                        = 4194304                                   {product} {ergonomic}
   size_t MinHeapSize                              = 8388608                                   {product} {ergonomic}
    uintx NonNMethodCodeHeapSize                   = 7602480                                {pd product} {ergonomic}
    uintx NonProfiledCodeHeapSize                  = 122027880                              {pd product} {ergonomic}
    uintx ProfiledCodeHeapSize                     = 122027880                              {pd product} {ergonomic}
    uintx ReservedCodeCacheSize                    = 251658240                              {pd product} {ergonomic}
     bool SegmentedCodeCache                       = true                                      {product} {ergonomic}
   size_t SoftMaxHeapSize                          = 8522825728                             {manageable} {ergonomic}
     bool UseCompressedOops                        = true                           {product lp64_product} {ergonomic}
     bool UseG1GC                                  = true                                      {product} {ergonomic}
     bool UseLargePagesIndividualAllocation        = false                                  {pd product} {ergonomic}

Logging:
Log output configuration:
 #0: stdout all=warning uptime,level,tags foldmultilines=false
 #1: stderr all=off uptime,level,tags foldmultilines=false

Environment Variables:
JAVA_HOME=C:\Program Files\Java\jdk-21
PATH=C:\Program Files\Common Files\Oracle\Java\javapath;C:\WINDOWS\system32;C:\WINDOWS;C:\WINDOWS\System32\Wbem;C:\WINDOWS\System32\WindowsPowerShell\v1.0\;C:\WINDOWS\System32\OpenSSH\;C:\Program Files\NVIDIA Corporation\NVIDIA app\NvDLISR;C:\Program Files (x86)\NVIDIA Corporation\PhysX\Common;C:\Program Files\Git\cmd;C:\Users\Yang\AppData\Local\Microsoft\WindowsApps;C:\Users\Yang\AppData\Local\JetBrains\Toolbox\scripts;C:\Users\Yang\.lmstudio\bin
USERNAME=Yang
OS=Windows_NT
PROCESSOR_IDENTIFIER=AMD64 Family 25 Model 97 Stepping 2, AuthenticAMD
TMP=C:\Users\Yang\AppData\Local\Temp
TEMP=C:\Users\Yang\AppData\Local\Temp




Periodic native trim disabled

JNI global refs:
JNI global refs: 155, weak refs: 16

JNI global refs memory usage: 2099, weak refs: 833

Process memory usage:
Resident Set Size: 292140K (0% of 33282968K total physical memory with 16380676K free physical memory)

OOME stack traces (most recent first):
Classloader memory used:
Loader jdk.internal.loader.ClassLoaders$AppClassLoader                                 : 26038K
Loader bootstrap                                                                       : 17830K

---------------  S Y S T E M  ---------------

OS:
 Windows 11 , 64 bit Build 26100 (10.0.26100.3775)
OS uptime: 0 days 1:22 hours
Hyper-V role detected

CPU: total 16 (initial active 16) (16 cores per cpu, 2 threads per core) family 25 model 97 stepping 2 microcode 0xa601203, cx8, cmov, fxsr, ht, mmx, 3dnowpref, sse, sse2, sse3, ssse3, sse4a, sse4.1, sse4.2, popcnt, lzcnt, tsc, tscinvbit, avx, avx2, aes, erms, clmul, bmi1, bmi2, adx, avx512f, avx512dq, avx512cd, avx512bw, avx512vl, sha, fma, vzeroupper, avx512_vpopcntdq, avx512_vpclmulqdq, avx512_vaes, avx512_vnni, clflush, clflushopt, avx512_vbmi2, avx512_vbmi, hv, rdtscp, rdpid, fsrm, gfni, avx512_bitalg, f16c, cet_ss, avx512_ifma
Processor Information for all 16 processors :
  Max Mhz: 3801, Current Mhz: 3801, Mhz Limit: 3801

Memory: 4k page, system-wide physical 32502M (15996M free)
TotalPageFile size 37366M (AvailPageFile size 18869M)
current process WorkingSet (physical memory assigned to process): 285M, peak: 285M
current process commit charge ("private bytes"): 615M, peak: 638M

vm_info: OpenJDK 64-Bit Server VM (21.0.5+-13047016-b750.29) for windows-amd64 JRE (21.0.5+-13047016-b750.29), built on 2025-02-11T21:12:39Z by "builder" with MS VC++ 16.10 / 16.11 (VS2019)

END.
