#
# A fatal error has been detected by the Java Runtime Environment:
#
#  EXCEPTION_ACCESS_VIOLATION (0xc0000005) at pc=0x00007ffc897f5c15, pid=6660, tid=3020
#
# JRE version: OpenJDK Runtime Environment (21.0.5) (build 21.0.5+-13047016-b750.29)
# Java VM: OpenJDK 64-Bit Server VM (21.0.5+-13047016-b750.29, mixed mode, tiered, compressed oops, compressed class ptrs, g1 gc, windows-amd64)
# Problematic frame:
# C  [skiko-windows-x64.dll+0x5c15]
#
# No core dump will be written. Minidumps are not enabled by default on client versions of Windows
#
# If you would like to submit a bug report, please visit:
#   https://youtrack.jetbrains.com/issues/JBR
# The crash happened outside the Java Virtual Machine in native code.
# See problematic frame for where to report the bug.
#

---------------  S U M M A R Y ------------

Command Line: -Dcompose.application.configure.swing.globals=true -Dcompose.application.resources.dir=C:\Users\Yang\AndroidStudioProjects\Kori\composeApp\build\compose\tmp\prepareAppResources -Dfile.encoding=UTF-8 -Duser.country=CN -Duser.language=zh -Duser.variant org.yangdai.kori.MainKt

Host: AMD Ryzen 7 7700 8-Core Processor              , 16 cores, 31G,  Windows 11 , 64 bit Build 26100 (10.0.26100.3775)
Time: Sat Apr 12 19:37:08 2025  Windows 11 , 64 bit Build 26100 (10.0.26100.3775) elapsed time: 1.531880 seconds (0d 0h 0m 1s)

---------------  T H R E A D  ---------------

Current thread (0x00000285f15823e0):  JavaThread "AWT-EventQueue-0"        [_thread_in_native, id=3020, stack(0x000000e1d9c00000,0x000000e1d9d00000) (1024K)]

Stack: [0x000000e1d9c00000,0x000000e1d9d00000],  sp=0x000000e1d9cfd120,  free space=1012k
Native frames: (J=compiled Java code, j=interpreted, Vv=VM code, C=native code)
C  [skiko-windows-x64.dll+0x5c15]

Java frames: (J=compiled Java code, j=interpreted, Vv=VM code)
j  org.jetbrains.skiko.redrawer.Direct3DRedrawer.makeDirectXSurface(JJIILjava/lang/Object;I)J+0
j  org.jetbrains.skiko.redrawer.Direct3DRedrawer.makeSurface(JIILorg/jetbrains/skia/SurfaceProps;I)Lorg/jetbrains/skia/Surface;+47
j  org.jetbrains.skiko.context.Direct3DContextHandler.initCanvas()V+150
j  org.jetbrains.skiko.context.ContextHandler.draw()V+21
j  org.jetbrains.skiko.redrawer.Direct3DRedrawer.drawAndSwap(Z)V+25
j  org.jetbrains.skiko.redrawer.Direct3DRedrawer.redrawImmediately()V+202
j  org.jetbrains.skiko.SkiaLayer.tryRedrawImmediately()V+35
j  org.jetbrains.skiko.SkiaLayer.paint(Ljava/awt/Graphics;)V+68
j  androidx.compose.ui.scene.skia.WindowSkiaLayerComponent$contentComponent$1.paint(Ljava/awt/Graphics;)V+21
j  javax.swing.JComponent.paintChildren(Ljava/awt/Graphics;)V+516 java.desktop@21.0.5
j  javax.swing.JComponent.paint(Ljava/awt/Graphics;)V+288 java.desktop@21.0.5
j  javax.swing.JLayeredPane.paint(Ljava/awt/Graphics;)V+73 java.desktop@21.0.5
j  androidx.compose.ui.awt.JLayeredPaneWithTransparencyHack.paint(Ljava/awt/Graphics;)V+74
j  javax.swing.JComponent.paintChildren(Ljava/awt/Graphics;)V+516 java.desktop@21.0.5
j  javax.swing.JComponent.paint(Ljava/awt/Graphics;)V+288 java.desktop@21.0.5
j  javax.swing.JComponent.paintChildren(Ljava/awt/Graphics;)V+516 java.desktop@21.0.5
j  javax.swing.JComponent.paint(Ljava/awt/Graphics;)V+288 java.desktop@21.0.5
j  javax.swing.JLayeredPane.paint(Ljava/awt/Graphics;)V+73 java.desktop@21.0.5
j  javax.swing.JComponent.paintChildren(Ljava/awt/Graphics;)V+516 java.desktop@21.0.5
j  javax.swing.JComponent.paintToOffscreen(Ljava/awt/Graphics;IIIIII)V+72 java.desktop@21.0.5
j  javax.swing.RepaintManager$PaintManager.paintDoubleBufferedFPScales(Ljavax/swing/JComponent;Ljava/awt/Image;Ljava/awt/Graphics;IIII)V+320 java.desktop@21.0.5
j  javax.swing.RepaintManager$PaintManager.paintDoubleBuffered(Ljavax/swing/JComponent;Ljava/awt/Image;Ljava/awt/Graphics;IIII)V+28 java.desktop@21.0.5
j  javax.swing.RepaintManager$PaintManager.paint(Ljavax/swing/JComponent;Ljavax/swing/JComponent;Ljava/awt/Graphics;IIII)Z+128 java.desktop@21.0.5
j  javax.swing.RepaintManager.paint(Ljavax/swing/JComponent;Ljavax/swing/JComponent;Ljava/awt/Graphics;IIII)V+52 java.desktop@21.0.5
j  javax.swing.JComponent.paint(Ljava/awt/Graphics;)V+191 java.desktop@21.0.5
j  java.awt.GraphicsCallback$PaintCallback.run(Ljava/awt/Component;Ljava/awt/Graphics;)V+2 java.desktop@21.0.5
j  sun.awt.SunGraphicsCallback.runOneComponent(Ljava/awt/Component;Ljava/awt/Rectangle;Ljava/awt/Graphics;Ljava/awt/Shape;I)V+130 java.desktop@21.0.5
j  sun.awt.SunGraphicsCallback.runComponents([Ljava/awt/Component;Ljava/awt/Graphics;I)V+157 java.desktop@21.0.5
j  java.awt.Container.paint(Ljava/awt/Graphics;)V+58 java.desktop@21.0.5
j  java.awt.Window.paint(Ljava/awt/Graphics;)V+68 java.desktop@21.0.5
j  javax.swing.RepaintManager$4.run()Ljava/lang/Void;+142 java.desktop@21.0.5
j  javax.swing.RepaintManager$4.run()Ljava/lang/Object;+1 java.desktop@21.0.5
J 3034 c1 java.security.AccessController.executePrivileged(Ljava/security/PrivilegedAction;Ljava/security/AccessControlContext;Ljava/lang/Class;)Ljava/lang/Object; java.base@21.0.5 (65 bytes) @ 0x00000285cf6ae444 [0x00000285cf6ae2e0+0x0000000000000164]
j  java.security.AccessController.doPrivileged(Ljava/security/PrivilegedAction;Ljava/security/AccessControlContext;)Ljava/lang/Object;+13 java.base@21.0.5
j  java.security.ProtectionDomain$JavaSecurityAccessImpl.doIntersectionPrivilege(Ljava/security/PrivilegedAction;Ljava/security/AccessControlContext;Ljava/security/AccessControlContext;)Ljava/lang/Object;+18 java.base@21.0.5
j  javax.swing.RepaintManager.paintDirtyRegions(Ljava/util/Map;)V+154 java.desktop@21.0.5
j  javax.swing.RepaintManager.paintDirtyRegions()V+46 java.desktop@21.0.5
j  javax.swing.RepaintManager.prePaintDirtyRegions()V+73 java.desktop@21.0.5
j  javax.swing.RepaintManager$ProcessingRunnable.run()V+37 java.desktop@21.0.5
j  java.awt.event.InvocationEvent.dispatch()V+47 java.desktop@21.0.5
j  java.awt.EventQueue.dispatchEventImpl(Ljava/awt/AWTEvent;Ljava/lang/Object;)V+21 java.desktop@21.0.5
j  java.awt.EventQueue$4.run()Ljava/lang/Void;+32 java.desktop@21.0.5
j  java.awt.EventQueue$4.run()Ljava/lang/Object;+1 java.desktop@21.0.5
J 3034 c1 java.security.AccessController.executePrivileged(Ljava/security/PrivilegedAction;Ljava/security/AccessControlContext;Ljava/lang/Class;)Ljava/lang/Object; java.base@21.0.5 (65 bytes) @ 0x00000285cf6ae444 [0x00000285cf6ae2e0+0x0000000000000164]
j  java.security.AccessController.doPrivileged(Ljava/security/PrivilegedAction;Ljava/security/AccessControlContext;)Ljava/lang/Object;+13 java.base@21.0.5
j  java.security.ProtectionDomain$JavaSecurityAccessImpl.doIntersectionPrivilege(Ljava/security/PrivilegedAction;Ljava/security/AccessControlContext;Ljava/security/AccessControlContext;)Ljava/lang/Object;+18 java.base@21.0.5
j  java.awt.EventQueue.dispatchEvent(Ljava/awt/AWTEvent;)V+46 java.desktop@21.0.5
j  java.awt.EventDispatchThread.pumpOneEventForFilters(I)V+81 java.desktop@21.0.5
j  java.awt.EventDispatchThread.pumpEventsForFilter(ILjava/awt/Conditional;Ljava/awt/EventFilter;)V+35 java.desktop@21.0.5
j  java.awt.EventDispatchThread.pumpEventsForHierarchy(ILjava/awt/Conditional;Ljava/awt/Component;)V+11 java.desktop@21.0.5
j  java.awt.EventDispatchThread.pumpEvents(ILjava/awt/Conditional;)V+4 java.desktop@21.0.5
j  java.awt.EventDispatchThread.pumpEvents(Ljava/awt/Conditional;)V+3 java.desktop@21.0.5
j  java.awt.EventDispatchThread.run()V+18 java.desktop@21.0.5
v  ~StubRoutines::call_stub 0x00000285d65b10e7

siginfo: EXCEPTION_ACCESS_VIOLATION (0xc0000005), reading address 0x0000000000000000


Registers:
RAX=0x000000e1d9cfd208, RBX=0x00000285f1c6e008, RCX=0x0000000000000000, RDX=0x0000000000000000
RSP=0x000000e1d9cfd120, RBP=0x000000e1d9cfd448, RSI=0x00000285f6f02720, RDI=0x00000285f1582798
R8 =0x0000000000000000, R9 =0x00000000000001ce, R10=0x0000000000000000, R11=0x000000e1d9cfd040
R12=0x0000000000000000, R13=0x00000285ee8adbc8, R14=0x000000e1d9cfd470, R15=0x0000000000000000
RIP=0x00007ffc897f5c15, EFLAGS=0x0000000000010206


Register to memory mapping:

RAX=0x000000e1d9cfd208 is pointing into the stack for thread: 0x00000285f15823e0
RBX=0x00000285f1c6e008 points into unknown readable memory: 0x0000000000000000 | 00 00 00 00 00 00 00 00
RCX=0x0 is null
RDX=0x0 is null
RSP=0x000000e1d9cfd120 is pointing into the stack for thread: 0x00000285f15823e0
RBP=0x000000e1d9cfd448 is pointing into the stack for thread: 0x00000285f15823e0
RSI=0x00000285f6f02720 points into unknown readable memory: 0x00007ffc8a228700 | 00 87 22 8a fc 7f 00 00
RDI=0x00000285f1582798 points into unknown readable memory: 0x00007ffc0f0a3500 | 00 35 0a 0f fc 7f 00 00
R8 =0x0 is null
R9 =0x00000000000001ce is an unknown value
R10=0x0 is null
R11=0x000000e1d9cfd040 is pointing into the stack for thread: 0x00000285f15823e0
R12=0x0 is null
R13={method} {0x00000285ee8adbd0} 'makeDirectXSurface' '(JJIILjava/lang/Object;I)J' in 'org/jetbrains/skiko/redrawer/Direct3DRedrawer'
R14=0x000000e1d9cfd470 is pointing into the stack for thread: 0x00000285f15823e0
R15=0x0 is null

Top of Stack: (sp=0x000000e1d9cfd120)
0x000000e1d9cfd120:   0000000000000000 0000000000000000
0x000000e1d9cfd130:   0000000000000001 0000000000000000
0x000000e1d9cfd140:   0000000000000000 0000000000000001
0x000000e1d9cfd150:   00000285fd2e9210 0000000000000002
0x000000e1d9cfd160:   000000000000001c 0000000000000000
0x000000e1d9cfd170:   0000000000000003 00007ffcaade213b
0x000000e1d9cfd180:   00007ffcaae5fad0 000000e1d9cfd370
0x000000e1d9cfd190:   0000000000000001 0000000000000000
0x000000e1d9cfd1a0:   000000e1d9cfd1e0 0000000000000001
0x000000e1d9cfd1b0:   00000285fd2e9210 00007ffcaadbd44c
0x000000e1d9cfd1c0:   0000000000007ffe 0000000000007ffe
0x000000e1d9cfd1d0:   000000e1d9cfd370 00007ffcaad946c1
0x000000e1d9cfd1e0:   0000000200000000 0000000000000001
0x000000e1d9cfd1f0:   0000000000000000 0000000000000000
0x000000e1d9cfd200:   0000000080070057 00000285fd62ca00
0x000000e1d9cfd210:   0000000000000000 0000000000000000
0x000000e1d9cfd220:   0000001c00000000 0000000100000001
0x000000e1d9cfd230:   0000000000000000 000000000000001c
0x000000e1d9cfd240:   0000000000000000 0000000000000000
0x000000e1d9cfd250:   0000000000000000 0000000000000000
0x000000e1d9cfd260:   0000000000000000 000000000ebe0000
0x000000e1d9cfd270:   00000285f1582302 00007ffc0ebd22df
0x000000e1d9cfd280:   00000285f1c6e018 00000285f1c6dfc0
0x000000e1d9cfd290:   00000285f15823e0 000000e1d9cfd468
0x000000e1d9cfd2a0:   00000006047ba918 00007ffc0ebd20d4
0x000000e1d9cfd2b0:   00000285f15823e0 0000000000000001
0x000000e1d9cfd2c0:   00000285f15788b0 0000000000000000
0x000000e1d9cfd2d0:   000000e1d9cfd330 00000285f15823e0
0x000000e1d9cfd2e0:   000000e1d9cfd310 00007ffcaeaa0000
0x000000e1d9cfd2f0:   0000000000000000 0000028580070000
0x000000e1d9cfd300:   0000000000000002 00007ffc0e7aed82
0x000000e1d9cfd310:   00000006047ba918 00000285f15823e0 

Instructions: (pc=0x00007ffc897f5c15)
0x00007ffc897f5b15:   48 83 c4 58 5f 5e c3 e8 6f d5 93 00 cc cc cc cc
0x00007ffc897f5b25:   cc cc cc cc cc cc cc cc cc cc cc 41 57 41 56 56
0x00007ffc897f5b35:   57 53 48 81 ec 40 02 00 00 0f 29 b4 24 30 02 00
0x00007ffc897f5b45:   00 4c 89 ce 48 89 cf 48 63 94 24 a8 02 00 00 4c
0x00007ffc897f5b55:   8b b4 24 a0 02 00 00 48 8b 05 65 46 bb 00 48 31
0x00007ffc897f5b65:   e0 48 89 84 24 28 02 00 00 0f 57 f6 0f 29 b4 24
0x00007ffc897f5b75:   f0 00 00 00 c7 84 24 00 01 00 00 00 00 00 00 0f
0x00007ffc897f5b85:   28 05 45 95 9f 00 0f 11 84 24 04 01 00 00 c6 84
0x00007ffc897f5b95:   24 14 01 00 00 00 49 8b 48 38 49 8d 5c d0 48 48
0x00007ffc897f5ba5:   8b 01 4c 8d 05 02 97 9f 00 49 89 d9 ff 50 48 48
0x00007ffc897f5bb5:   8d 84 24 f0 00 00 00 48 39 d8 74 36 4c 8b 3b 4d
0x00007ffc897f5bc5:   85 ff 74 26 49 8b 07 4c 89 f9 ff 50 08 48 8b 8c
0x00007ffc897f5bd5:   24 f0 00 00 00 4c 89 bc 24 f0 00 00 00 48 85 c9
0x00007ffc897f5be5:   74 10 48 8b 01 ff 50 10 eb 08 4c 89 bc 24 f0 00
0x00007ffc897f5bf5:   00 00 48 8d 8c 24 e8 00 00 00 48 89 fa 4d 89 f0
0x00007ffc897f5c05:   e8 16 dc 00 00 0f 29 b4 24 d0 00 00 00 48 8b 0b
0x00007ffc897f5c15:   48 8b 01 48 8d 94 24 98 00 00 00 ff 50 50 8b bc
0x00007ffc897f5c25:   24 b0 00 00 00 48 8b 0b 48 8b 01 48 8d 54 24 60
0x00007ffc897f5c35:   ff 50 50 8b 54 24 70 48 8d 84 24 d0 00 00 00 48
0x00007ffc897f5c45:   89 44 24 20 48 8d 9c 24 20 01 00 00 4c 8d 8c 24
0x00007ffc897f5c55:   f0 00 00 00 48 89 d9 41 89 f8 e8 7c 5a 04 00 4c
0x00007ffc897f5c65:   8b b4 24 e8 00 00 00 48 8d 7c 24 58 48 89 f9 e8
0x00007ffc897f5c75:   37 56 08 00 0f 11 74 24 40 4c 89 74 24 38 48 89
0x00007ffc897f5c85:   7c 24 30 c7 44 24 28 04 00 00 00 c7 44 24 20 00
0x00007ffc897f5c95:   00 00 00 48 8d 8c 24 98 00 00 00 48 89 f2 49 89
0x00007ffc897f5ca5:   d8 45 31 c9 e8 22 50 0a 00 48 8b b4 24 98 00 00
0x00007ffc897f5cb5:   00 48 89 d9 e8 72 5c 04 00 48 8b 8c 24 e8 00 00
0x00007ffc897f5cc5:   00 48 85 c9 74 0a ba 10 00 00 00 e8 7b cf 93 00
0x00007ffc897f5cd5:   48 8b 8c 24 f8 00 00 00 48 85 c9 74 0c f0 ff 49
0x00007ffc897f5ce5:   08 75 06 48 8b 01 ff 50 08 48 8b 8c 24 f0 00 00
0x00007ffc897f5cf5:   00 48 85 c9 74 06 48 8b 01 ff 50 10 48 8b 8c 24
0x00007ffc897f5d05:   28 02 00 00 48 31 e1 48 3b 0d b5 44 bb 00 75 1a 


Stack slot to memory mapping:

stack at sp + 0 slots: 0x0 is null
stack at sp + 1 slots: 0x0 is null
stack at sp + 2 slots: 0x0000000000000001 is an unknown value
stack at sp + 3 slots: 0x0 is null
stack at sp + 4 slots: 0x0 is null
stack at sp + 5 slots: 0x0000000000000001 is an unknown value
stack at sp + 6 slots: 0x00000285fd2e9210 points into unknown readable memory: 0x00007ffcaae2a9e0 | e0 a9 e2 aa fc 7f 00 00
stack at sp + 7 slots: 0x0000000000000002 is an unknown value


Compiled method (c1) 1573 3034       3       java.security.AccessController::executePrivileged (65 bytes)
 total in heap  [0x00000285cf6ae110,0x00000285cf6ae700] = 1520
 relocation     [0x00000285cf6ae270,0x00000285cf6ae2d8] = 104
 main code      [0x00000285cf6ae2e0,0x00000285cf6ae588] = 680
 stub code      [0x00000285cf6ae588,0x00000285cf6ae5e0] = 88
 metadata       [0x00000285cf6ae5e0,0x00000285cf6ae5f0] = 16
 scopes data    [0x00000285cf6ae5f0,0x00000285cf6ae668] = 120
 scopes pcs     [0x00000285cf6ae668,0x00000285cf6ae6e8] = 128
 dependencies   [0x00000285cf6ae6e8,0x00000285cf6ae6f0] = 8
 nul chk table  [0x00000285cf6ae6f0,0x00000285cf6ae700] = 16

[Constant Pool (empty)]

[MachCode]
[Verified Entry Point]
  # {method} {0x00000285ed03c358} 'executePrivileged' '(Ljava/security/PrivilegedAction;Ljava/security/AccessControlContext;Ljava/lang/Class;)Ljava/lang/Object;' in 'java/security/AccessController'
  # parm0:    rdx:rdx   = 'java/security/PrivilegedAction'
  # parm1:    r8:r8     = 'java/security/AccessControlContext'
  # parm2:    r9:r9     = 'java/lang/Class'
  #           [sp+0x50]  (sp of caller)
  0x00000285cf6ae2e0: 8984 2400 | 80ff ff55 | 4883 ec40 | 4181 7f20 | 0600 0000 

  0x00000285cf6ae2f4: ;   {runtime_call StubRoutines (final stubs)}
  0x00000285cf6ae2f4: 7405 e845 | ccf3 064c | 8944 2430 

  0x00000285cf6ae300: ;   {metadata(method data for {method} {0x00000285ed03c358} 'executePrivileged' '(Ljava/security/PrivilegedAction;Ljava/security/AccessControlContext;Ljava/lang/Class;)Ljava/lang/Object;' in 'java/security/AccessController')}
  0x00000285cf6ae300: 48be 209a | 96ed 8502 | 0000 8bbe | cc00 0000 | 83c7 0289 | becc 0000 | 0081 e7fe | 0700 0085 
  0x00000285cf6ae320: ff0f 84bf | 0100 004d 

  0x00000285cf6ae328: ;   {metadata(method data for {method} {0x00000285ed03c358} 'executePrivileged' '(Ljava/security/PrivilegedAction;Ljava/security/AccessControlContext;Ljava/lang/Class;)Ljava/lang/Object;' in 'java/security/AccessController')}
  0x00000285cf6ae328: 85c0 48be | 209a 96ed | 8502 0000 | 48c7 c710 | 0100 0074 | 0748 c7c7 | 2001 0000 | 488b 1c3e 
  0x00000285cf6ae348: 488d 5b01 | 4889 1c3e | 4c89 4c24 | 2848 8954 | 2420 0f84 | 2400 0000 

  0x00000285cf6ae360: ;   {metadata(method data for {method} {0x00000285ed03c358} 'executePrivileged' '(Ljava/security/PrivilegedAction;Ljava/security/AccessControlContext;Ljava/lang/Class;)Ljava/lang/Object;' in 'java/security/AccessController')}
  0x00000285cf6ae360: 48be 209a | 96ed 8502 | 0000 4883 | 8630 0100 | 0001 498b 

  0x00000285cf6ae374: ;   {static_call}
  0x00000285cf6ae374: d066 90e8 

  0x00000285cf6ae378: ; ImmutableOopMap {[32]=Oop [40]=Oop [48]=Oop }
                      ;*invokestatic ensureMaterializedForStackWalk {reexecute=0 rethrow=0 return_oop=0}
                      ; - java.security.AccessController::executePrivileged@5
  0x00000285cf6ae378: 2002 0000 

  0x00000285cf6ae37c: ;   {other}
  0x00000285cf6ae37c: 0f1f 8400 | 6c02 0000 

  0x00000285cf6ae384: ;   {metadata(method data for {method} {0x00000285ed03c358} 'executePrivileged' '(Ljava/security/PrivilegedAction;Ljava/security/AccessControlContext;Ljava/lang/Class;)Ljava/lang/Object;' in 'java/security/AccessController')}
  0x00000285cf6ae384: 48ba 209a | 96ed 8502 | 0000 ff82 | 4001 0000 | 488b 5424 | 2048 3b02 

  0x00000285cf6ae39c: ;   {metadata(method data for {method} {0x00000285ed03c358} 'executePrivileged' '(Ljava/security/PrivilegedAction;Ljava/security/AccessControlContext;Ljava/lang/Class;)Ljava/lang/Object;' in 'java/security/AccessController')}
  0x00000285cf6ae39c: 488b f248 | bf20 9a96 | ed85 0200 | 008b 7608 | 49ba 0000 | 0000 0800 | 0000 4903 | f248 3bb7 
  0x00000285cf6ae3bc: b001 0000 | 750d 4883 | 87b8 0100 | 0001 e960 | 0000 0048 | 3bb7 c001 | 0000 750d | 4883 87c8 
  0x00000285cf6ae3dc: 0100 0001 | e94a 0000 | 0048 83bf | b001 0000 | 0075 1748 | 89b7 b001 | 0000 48c7 | 87b8 0100 
  0x00000285cf6ae3fc: 0001 0000 | 00e9 2900 | 0000 4883 | bfc0 0100 | 0000 7517 | 4889 b7c0 | 0100 0048 | c787 c801 
  0x00000285cf6ae41c: 0000 0100 | 0000 e908 | 0000 0048 | 8387 a001 | 0000 0166 | 0f1f 4400 | 0048 b8d0 | 93e3 f685 
  0x00000285cf6ae43c: ;   {virtual_call}
  0x00000285cf6ae43c: 0200 00e8 

  0x00000285cf6ae440: ; ImmutableOopMap {[40]=Oop [48]=Oop }
                      ;*invokeinterface run {reexecute=0 rethrow=0 return_oop=0}
                      ; - java.security.AccessController::executePrivileged@29
  0x00000285cf6ae440: 4c0f 0307 

  0x00000285cf6ae444: ;   {other}
  0x00000285cf6ae444: 0f1f 8400 | 3403 0001 

  0x00000285cf6ae44c: ;   {metadata(method data for {method} {0x00000285ed03c358} 'executePrivileged' '(Ljava/security/PrivilegedAction;Ljava/security/AccessControlContext;Ljava/lang/Class;)Ljava/lang/Object;' in 'java/security/AccessController')}
  0x00000285cf6ae44c: 48be 209a | 96ed 8502 | 0000 ff86 | d801 0000 | 4c8b 4c24 

  0x00000285cf6ae460: ;   {metadata(method data for {method} {0x00000285ed03c358} 'executePrivileged' '(Ljava/security/PrivilegedAction;Ljava/security/AccessControlContext;Ljava/lang/Class;)Ljava/lang/Object;' in 'java/security/AccessController')}
  0x00000285cf6ae460: 2848 be20 | 9a96 ed85 | 0200 0048 | 8386 3802 

  0x00000285cf6ae470: ;   {metadata(method data for {method} {0x00000285ed042370} 'reachabilityFence' '(Ljava/lang/Object;)V' in 'java/lang/ref/Reference')}
  0x00000285cf6ae470: 0000 0148 | bef8 294f | ed85 0200 | 008b becc | 0000 0083 | c702 89be | cc00 0000 | 81e7 feff 
  0x00000285cf6ae490: 1f00 85ff | 0f84 7200 

  0x00000285cf6ae498: ;   {metadata(method data for {method} {0x00000285ed03c358} 'executePrivileged' '(Ljava/security/PrivilegedAction;Ljava/security/AccessControlContext;Ljava/lang/Class;)Ljava/lang/Object;' in 'java/security/AccessController')}
  0x00000285cf6ae498: 0000 48be | 209a 96ed | 8502 0000 | 4883 8648 | 0200 0001 

  0x00000285cf6ae4ac: ;   {metadata(method data for {method} {0x00000285ed042370} 'reachabilityFence' '(Ljava/lang/Object;)V' in 'java/lang/ref/Reference')}
  0x00000285cf6ae4ac: 48be f829 | 4fed 8502 | 0000 8bbe | cc00 0000 | 83c7 0289 | becc 0000 | 0081 e7fe | ff1f 0085 
  0x00000285cf6ae4cc: ff0f 845a | 0000 0048 | 83c4 405d 

  0x00000285cf6ae4d8: ;   {poll_return}
  0x00000285cf6ae4d8: 493b a748 | 0400 000f | 8766 0000 

  0x00000285cf6ae4e4: ;   {metadata({method} {0x00000285ed03c358} 'executePrivileged' '(Ljava/security/PrivilegedAction;Ljava/security/AccessControlContext;Ljava/lang/Class;)Ljava/lang/Object;' in 'java/security/AccessController')}
  0x00000285cf6ae4e4: 00c3 49ba | 50c3 03ed | 8502 0000 | 4c89 5424 | 0848 c704 | 24ff ffff 

  0x00000285cf6ae4fc: ;   {runtime_call counter_overflow Runtime1 stub}
  0x00000285cf6ae4fc: ffe8 fe62 

  0x00000285cf6ae500: ; ImmutableOopMap {rdx=Oop r8=Oop r9=Oop [48]=Oop }
                      ;*synchronization entry
                      ; - java.security.AccessController::executePrivileged@-1
  0x00000285cf6ae500: 0207 e920 

  0x00000285cf6ae504: ;   {runtime_call throw_null_pointer_exception Runtime1 stub}
  0x00000285cf6ae504: feff ffe8 

  0x00000285cf6ae508: ; ImmutableOopMap {rdx=Oop [40]=Oop [48]=Oop }
                      ;*invokeinterface run {reexecute=0 rethrow=0 return_oop=0}
                      ; - java.security.AccessController::executePrivileged@29
  0x00000285cf6ae508: 9400 0207 

  0x00000285cf6ae50c: ;   {metadata({method} {0x00000285ed042370} 'reachabilityFence' '(Ljava/lang/Object;)V' in 'java/lang/ref/Reference')}
  0x00000285cf6ae50c: 49ba 6823 | 04ed 8502 | 0000 4c89 | 5424 0848 | c704 24ff 

  0x00000285cf6ae520: ;   {runtime_call counter_overflow Runtime1 stub}
  0x00000285cf6ae520: ffff ffe8 

  0x00000285cf6ae524: ; ImmutableOopMap {rax=Oop r9=Oop }
                      ;*synchronization entry
                      ; - java.lang.ref.Reference::reachabilityFence@-1
                      ; - java.security.AccessController::executePrivileged@56
  0x00000285cf6ae524: d862 0207 | e96d ffff 

  0x00000285cf6ae52c: ;   {metadata({method} {0x00000285ed042370} 'reachabilityFence' '(Ljava/lang/Object;)V' in 'java/lang/ref/Reference')}
  0x00000285cf6ae52c: ff49 ba68 | 2304 ed85 | 0200 004c | 8954 2408 | 48c7 0424 | ffff ffff 

  0x00000285cf6ae544: ;   {runtime_call counter_overflow Runtime1 stub}
  0x00000285cf6ae544: e8b7 6202 

  0x00000285cf6ae548: ; ImmutableOopMap {rax=Oop }
                      ;*synchronization entry
                      ; - java.lang.ref.Reference::reachabilityFence@-1
                      ; - java.security.AccessController::executePrivileged@60
                      ;   {internal_word}
  0x00000285cf6ae548: 07eb 8849 | bad8 e46a | cf85 0200 | 004d 8997 | 6004 0000 

  0x00000285cf6ae55c: ;   {runtime_call SafepointBlob}
  0x00000285cf6ae55c: e91f 86f5 | 0649 8b87 | f804 0000 | 49c7 87f8 | 0400 0000 | 0000 0049 | c787 0005 | 0000 0000 
  0x00000285cf6ae57c: 0000 4883 

  0x00000285cf6ae580: ;   {runtime_call unwind_exception Runtime1 stub}
  0x00000285cf6ae580: c440 5de9 | f8f0 0107 
[Stub Code]
  0x00000285cf6ae588: ;   {no_reloc}
  0x00000285cf6ae588: 0f1f 4400 

  0x00000285cf6ae58c: ;   {static_stub}
  0x00000285cf6ae58c: 0048 bb00 | 0000 0000 

  0x00000285cf6ae594: ;   {runtime_call nmethod}
  0x00000285cf6ae594: 0000 00e9 | fbff ffff 

  0x00000285cf6ae59c: ;   {static_stub}
  0x00000285cf6ae59c: 48bb 60c1 | 03ed 8502 

  0x00000285cf6ae5a4: ;   {runtime_call I2C/C2I adapters}
  0x00000285cf6ae5a4: 0000 e9d8 

  0x00000285cf6ae5a8: ;   {runtime_call handle_exception_from_callee Runtime1 stub}
  0x00000285cf6ae5a8: 58f5 06e8 | d025 0207 

  0x00000285cf6ae5b0: ;   {external_word}
  0x00000285cf6ae5b0: 48b9 00ce | ea0e fc7f | 0000 4883 

  0x00000285cf6ae5bc: ;   {runtime_call}
  0x00000285cf6ae5bc: e4f0 48b8 | 7076 b90e | fc7f 0000 

  0x00000285cf6ae5c8: ;   {section_word}
  0x00000285cf6ae5c8: ffd0 f449 | bacb e56a | cf85 0200 

  0x00000285cf6ae5d4: ;   {runtime_call DeoptimizationBlob}
  0x00000285cf6ae5d4: 0041 52e9 | 449a f506 | f4f4 f4f4 
[/MachCode]


---------------  P R O C E S S  ---------------

Threads class SMR info:
_java_thread_list=0x00000285f1571ff0, length=30, elements={
0x00000285ca5011e0, 0x00000285ec2b3330, 0x00000285ec267f80, 0x00000285ec2c5c70,
0x00000285ec2c62d0, 0x00000285ec2c6930, 0x00000285ec2bce10, 0x00000285ec244410,
0x00000285ec244be0, 0x00000285ec443640, 0x00000285ec4421d0, 0x00000285ec49d080,
0x00000285ec49d8a0, 0x00000285f162aa30, 0x00000285f16589f0, 0x00000285f162df90,
0x00000285f15bb700, 0x00000285f15bbd60, 0x00000285f15c5e30, 0x00000285f15945c0,
0x00000285ec443d10, 0x00000285f1581d50, 0x00000285f15823e0, 0x00000285f1581030,
0x00000285f6901260, 0x00000285f6662ad0, 0x00000285f6666c70, 0x00000285f66665e0,
0x00000285f66686b0, 0x00000285f68ffdf0
}

Java Threads: ( => current thread )
  0x00000285ca5011e0 JavaThread "main"                              [_thread_blocked, id=6264, stack(0x000000e1d7200000,0x000000e1d7300000) (1024K)]
  0x00000285ec2b3330 JavaThread "Reference Handler"          daemon [_thread_blocked, id=11992, stack(0x000000e1d7a00000,0x000000e1d7b00000) (1024K)]
  0x00000285ec267f80 JavaThread "Finalizer"                  daemon [_thread_blocked, id=23232, stack(0x000000e1d7b00000,0x000000e1d7c00000) (1024K)]
  0x00000285ec2c5c70 JavaThread "Signal Dispatcher"          daemon [_thread_blocked, id=2856, stack(0x000000e1d7c00000,0x000000e1d7d00000) (1024K)]
  0x00000285ec2c62d0 JavaThread "Attach Listener"            daemon [_thread_blocked, id=7572, stack(0x000000e1d7d00000,0x000000e1d7e00000) (1024K)]
  0x00000285ec2c6930 JavaThread "Service Thread"             daemon [_thread_blocked, id=4440, stack(0x000000e1d7e00000,0x000000e1d7f00000) (1024K)]
  0x00000285ec2bce10 JavaThread "Monitor Deflation Thread"   daemon [_thread_blocked, id=8548, stack(0x000000e1d7f00000,0x000000e1d8000000) (1024K)]
  0x00000285ec244410 JavaThread "C2 CompilerThread0"         daemon [_thread_blocked, id=8120, stack(0x000000e1d8000000,0x000000e1d8100000) (1024K)]
  0x00000285ec244be0 JavaThread "C1 CompilerThread0"         daemon [_thread_blocked, id=13640, stack(0x000000e1d8100000,0x000000e1d8200000) (1024K)]
  0x00000285ec443640 JavaThread "C1 CompilerThread1"         daemon [_thread_blocked, id=20864, stack(0x000000e1d8200000,0x000000e1d8300000) (1024K)]
  0x00000285ec4421d0 JavaThread "C1 CompilerThread2"         daemon [_thread_blocked, id=23028, stack(0x000000e1d8300000,0x000000e1d8400000) (1024K)]
  0x00000285ec49d080 JavaThread "Notification Thread"        daemon [_thread_blocked, id=21376, stack(0x000000e1d8400000,0x000000e1d8500000) (1024K)]
  0x00000285ec49d8a0 JavaThread "Common-Cleaner"             daemon [_thread_blocked, id=8160, stack(0x000000e1d8500000,0x000000e1d8600000) (1024K)]
  0x00000285f162aa30 JavaThread "Java2D Disposer"            daemon [_thread_blocked, id=3332, stack(0x000000e1d8800000,0x000000e1d8900000) (1024K)]
  0x00000285f16589f0 JavaThread "AWT-Shutdown"                      [_thread_blocked, id=4996, stack(0x000000e1d8900000,0x000000e1d8a00000) (1024K)]
  0x00000285f162df90 JavaThread "AWT-Windows"                daemon [_thread_in_native, id=10108, stack(0x000000e1d8a00000,0x000000e1d8b00000) (1024K)]
  0x00000285f15bb700 JavaThread "DefaultDispatcher-worker-1" daemon [_thread_blocked, id=18580, stack(0x000000e1d8b00000,0x000000e1d8c00000) (1024K)]
  0x00000285f15bbd60 JavaThread "DefaultDispatcher-worker-2" daemon [_thread_blocked, id=8868, stack(0x000000e1d8c00000,0x000000e1d8d00000) (1024K)]
  0x00000285f15c5e30 JavaThread "DefaultDispatcher-worker-3" daemon [_thread_blocked, id=22956, stack(0x000000e1d8d00000,0x000000e1d8e00000) (1024K)]
  0x00000285f15945c0 JavaThread "Reference Cleaner"          daemon [_thread_blocked, id=4444, stack(0x000000e1d8e00000,0x000000e1d8f00000) (1024K)]
  0x00000285ec443d10 JavaThread "C1 CompilerThread3"         daemon [_thread_blocked, id=23444, stack(0x000000e1d8f00000,0x000000e1d9000000) (1024K)]
  0x00000285f1581d50 JavaThread "kotlinx.coroutines.DefaultExecutor" daemon [_thread_blocked, id=1240, stack(0x000000e1d9000000,0x000000e1d9100000) (1024K)]
=>0x00000285f15823e0 JavaThread "AWT-EventQueue-0"                  [_thread_in_native, id=3020, stack(0x000000e1d9c00000,0x000000e1d9d00000) (1024K)]
  0x00000285f1581030 JavaThread "TimerQueue"                 daemon [_thread_blocked, id=8864, stack(0x000000e1d9f00000,0x000000e1da000000) (1024K)]
  0x00000285f6901260 JavaThread "C2 CompilerThread1"         daemon [_thread_in_native, id=19904, stack(0x000000e1d8600000,0x000000e1d8700000) (1024K)]
  0x00000285f6662ad0 JavaThread "DefaultDispatcher-worker-4" daemon [_thread_blocked, id=21688, stack(0x000000e1d8700000,0x000000e1d8800000) (1024K)]
  0x00000285f6666c70 JavaThread "DefaultDispatcher-worker-5" daemon [_thread_blocked, id=15100, stack(0x000000e1dad00000,0x000000e1dae00000) (1024K)]
  0x00000285f66665e0 JavaThread "DefaultDispatcher-worker-6" daemon [_thread_blocked, id=964, stack(0x000000e1dae00000,0x000000e1daf00000) (1024K)]
  0x00000285f66686b0 JavaThread "DefaultDispatcher-worker-7" daemon [_thread_blocked, id=13296, stack(0x000000e1daf00000,0x000000e1db000000) (1024K)]
  0x00000285f68ffdf0 JavaThread "C2 CompilerThread2"         daemon [_thread_blocked, id=10848, stack(0x000000e1db000000,0x000000e1db100000) (1024K)]
Total: 30

Other Threads:
  0x00000285ec1e6220 VMThread "VM Thread"                           [id=11316, stack(0x000000e1d7900000,0x000000e1d7a00000) (1024K)]
  0x00000285e9291ad0 WatcherThread "VM Periodic Task Thread"        [id=13156, stack(0x000000e1d7800000,0x000000e1d7900000) (1024K)]
  0x00000285cbfd5b70 WorkerThread "GC Thread#0"                     [id=22260, stack(0x000000e1d7300000,0x000000e1d7400000) (1024K)]
  0x00000285f1660ac0 WorkerThread "GC Thread#1"                     [id=6040, stack(0x000000e1d9100000,0x000000e1d9200000) (1024K)]
  0x00000285f1660e60 WorkerThread "GC Thread#2"                     [id=1760, stack(0x000000e1d9200000,0x000000e1d9300000) (1024K)]
  0x00000285f1661610 WorkerThread "GC Thread#3"                     [id=22932, stack(0x000000e1d9300000,0x000000e1d9400000) (1024K)]
  0x00000285f16621c0 WorkerThread "GC Thread#4"                     [id=7528, stack(0x000000e1d9400000,0x000000e1d9500000) (1024K)]
  0x00000285f1662560 WorkerThread "GC Thread#5"                     [id=20060, stack(0x000000e1d9500000,0x000000e1d9600000) (1024K)]
  0x00000285f1662900 WorkerThread "GC Thread#6"                     [id=9492, stack(0x000000e1d9600000,0x000000e1d9700000) (1024K)]
  0x00000285f1662ca0 WorkerThread "GC Thread#7"                     [id=20704, stack(0x000000e1d9700000,0x000000e1d9800000) (1024K)]
  0x00000285f15a6e40 WorkerThread "GC Thread#8"                     [id=22204, stack(0x000000e1d9800000,0x000000e1d9900000) (1024K)]
  0x00000285f15a71e0 WorkerThread "GC Thread#9"                     [id=15444, stack(0x000000e1d9900000,0x000000e1d9a00000) (1024K)]
  0x00000285f15a6aa0 WorkerThread "GC Thread#10"                    [id=4988, stack(0x000000e1d9a00000,0x000000e1d9b00000) (1024K)]
  0x00000285f15a7580 WorkerThread "GC Thread#11"                    [id=11108, stack(0x000000e1d9b00000,0x000000e1d9c00000) (1024K)]
  0x00000285f18b1bf0 WorkerThread "GC Thread#12"                    [id=21080, stack(0x000000e1da400000,0x000000e1da500000) (1024K)]
  0x00000285e90ac160 ConcurrentGCThread "G1 Main Marker"            [id=1600, stack(0x000000e1d7400000,0x000000e1d7500000) (1024K)]
  0x00000285cbfdbec0 WorkerThread "G1 Conc#0"                       [id=11476, stack(0x000000e1d7500000,0x000000e1d7600000) (1024K)]
  0x00000285f18afb50 WorkerThread "G1 Conc#1"                       [id=22744, stack(0x000000e1d9d00000,0x000000e1d9e00000) (1024K)]
  0x00000285f18b2a70 WorkerThread "G1 Conc#2"                       [id=23244, stack(0x000000e1d9e00000,0x000000e1d9f00000) (1024K)]
  0x00000285e91615b0 ConcurrentGCThread "G1 Refine#0"               [id=10880, stack(0x000000e1d7600000,0x000000e1d7700000) (1024K)]
  0x00000285e9164bf0 ConcurrentGCThread "G1 Service"                [id=3340, stack(0x000000e1d7700000,0x000000e1d7800000) (1024K)]
Total: 21

Threads with active compile tasks:
C2 CompilerThread1  1579 3189       4       java.lang.invoke.MethodType::makeImpl (109 bytes)
Total: 1

VM state: not at safepoint (normal execution)

VM Mutex/Monitor currently owned by a thread: None

Heap address: 0x0000000604000000, size: 8128 MB, Compressed Oops mode: Zero based, Oop shift amount: 3

CDS archive(s) not mapped
Compressed class space mapped at: 0x0000000800000000-0x0000000840000000, reserved size: 1073741824
Narrow klass base: 0x0000000800000000, Narrow klass shift: 0, Narrow klass range: 0x40000000

GC Precious Log:
 CardTable entry size: 512
 Card Set container configuration: InlinePtr #cards 4 size 8 Array Of Cards #cards 32 size 80 Howl #buckets 8 coarsen threshold 7372 Howl Bitmap #cards 1024 size 144 coarsen threshold 921 Card regions per heap region 1 cards per card region 8192
 CPUs: 16 total, 16 available
 Memory: 32502M
 Large Page Support: Disabled
 NUMA Support: Disabled
 Compressed Oops: Enabled (Zero based)
 Heap Region Size: 4M
 Heap Min Capacity: 8M
 Heap Initial Capacity: 508M
 Heap Max Capacity: 8128M
 Pre-touch: Disabled
 Parallel Workers: 13
 Concurrent Workers: 3
 Concurrent Refinement Workers: 13
 Periodic GC: Disabled

Heap:
 garbage-first heap   total 53248K, used 47530K [0x0000000604000000, 0x0000000800000000)
  region size 4096K, 3 young (12288K), 1 survivors (4096K)
 Metaspace       used 43750K, committed 44096K, reserved 1114112K
  class space    used 4529K, committed 4672K, reserved 1048576K

Heap Regions: E=young(eden), S=young(survivor), O=old, HS=humongous(starts), HC=humongous(continues), CS=collection set, F=free, TAMS=top-at-mark-start, PB=parsable bottom
|   0|0x0000000604000000, 0x0000000604400000, 0x0000000604400000|100%| O|  |TAMS 0x0000000604000000| PB 0x0000000604000000| Untracked 
|   1|0x0000000604400000, 0x00000006047fddf0, 0x0000000604800000| 99%| E|  |TAMS 0x0000000604400000| PB 0x0000000604400000| Complete 
|   2|0x0000000604800000, 0x0000000604b9c6c0, 0x0000000604c00000| 90%| O|  |TAMS 0x0000000604800000| PB 0x0000000604800000| Untracked 
|   3|0x0000000604c00000, 0x0000000604ece278, 0x0000000605000000| 70%| S|CS|TAMS 0x0000000604c00000| PB 0x0000000604c00000| Complete 
|   4|0x0000000605000000, 0x0000000605400000, 0x0000000605400000|100%|HS|  |TAMS 0x0000000605000000| PB 0x0000000605000000| Complete 
|   5|0x0000000605400000, 0x0000000605800000, 0x0000000605800000|100%|HC|  |TAMS 0x0000000605400000| PB 0x0000000605400000| Complete 
|   6|0x0000000605800000, 0x0000000605c00000, 0x0000000605c00000|100%|HC|  |TAMS 0x0000000605800000| PB 0x0000000605800000| Complete 
|   7|0x0000000605c00000, 0x0000000606000000, 0x0000000606000000|100%|HC|  |TAMS 0x0000000605c00000| PB 0x0000000605c00000| Complete 
|   8|0x0000000606000000, 0x0000000606400000, 0x0000000606400000|100%|HC|  |TAMS 0x0000000606000000| PB 0x0000000606000000| Complete 
|   9|0x0000000606400000, 0x0000000606800000, 0x0000000606800000|100%|HC|  |TAMS 0x0000000606400000| PB 0x0000000606400000| Complete 
|  10|0x0000000606800000, 0x0000000606c00000, 0x0000000606c00000|100%|HC|  |TAMS 0x0000000606800000| PB 0x0000000606800000| Complete 
|  11|0x0000000606c00000, 0x0000000607000000, 0x0000000607000000|100%|HC|  |TAMS 0x0000000606c00000| PB 0x0000000606c00000| Complete 
| 126|0x0000000623800000, 0x0000000623c00000, 0x0000000623c00000|100%| E|CS|TAMS 0x0000000623800000| PB 0x0000000623800000| Complete 

Card table byte_map: [0x00000285e00f0000,0x00000285e10d0000] _byte_map_base: 0x00000285dd0d0000

Marking Bits: (CMBitMap*) 0x00000285cbfd6a80
 Bits: [0x00000285e10d0000, 0x00000285e8fd0000)

Polling page: 0x00000285cbfe0000

Metaspace:

Usage:
  Non-class:     38.30 MB used.
      Class:      4.42 MB used.
       Both:     42.72 MB used.

Virtual space:
  Non-class space:       64.00 MB reserved,      38.50 MB ( 60%) committed,  1 nodes.
      Class space:        1.00 GB reserved,       4.56 MB ( <1%) committed,  1 nodes.
             Both:        1.06 GB reserved,      43.06 MB (  4%) committed. 

Chunk freelists:
   Non-Class:  8.83 MB
       Class:  11.39 MB
        Both:  20.22 MB

MaxMetaspaceSize: unlimited
CompressedClassSpaceSize: 1.00 GB
Initial GC threshold: 21.00 MB
Current GC threshold: 58.75 MB
CDS: off
 - commit_granule_bytes: 65536.
 - commit_granule_words: 8192.
 - virtual_space_node_default_size: 8388608.
 - enlarge_chunks_in_place: 1.
 - use_allocation_guard: 0.


Internal statistics:

num_allocs_failed_limit: 6.
num_arena_births: 404.
num_arena_deaths: 0.
num_vsnodes_births: 2.
num_vsnodes_deaths: 0.
num_space_committed: 689.
num_space_uncommitted: 0.
num_chunks_returned_to_freelist: 6.
num_chunks_taken_from_freelist: 1484.
num_chunk_merges: 3.
num_chunk_splits: 1112.
num_chunks_enlarged: 900.
num_inconsistent_stats: 0.

CodeHeap 'non-profiled nmethods': size=119168Kb used=1401Kb max_used=1401Kb free=117766Kb
 bounds [0x00000285d6d00000, 0x00000285d6f70000, 0x00000285de160000]
CodeHeap 'profiled nmethods': size=119104Kb used=5840Kb max_used=5840Kb free=113263Kb
 bounds [0x00000285cf160000, 0x00000285cf720000, 0x00000285d65b0000]
CodeHeap 'non-nmethods': size=7488Kb used=4547Kb max_used=4569Kb free=2940Kb
 bounds [0x00000285d65b0000, 0x00000285d6a40000, 0x00000285d6d00000]
 total_blobs=4475 nmethods=3124 adapters=1252
 compilation: enabled
              stopped_count=0, restarted_count=0
 full_count=0

Compilation events (20 events):
Event: 1.513 Thread 0x00000285ec443d10 nmethod 3250 0x00000285d6e5d490 code [0x00000285d6e5d620, 0x00000285d6e5d6e8]
Event: 1.513 Thread 0x00000285ec4421d0 3252       3       androidx.compose.ui.node.LookaheadCapablePlaceable::captureRulers (904 bytes)
Event: 1.513 Thread 0x00000285ec443d10 3253       3       androidx.compose.ui.node.NodeCoordinator::onPlaced (399 bytes)
Event: 1.513 Thread 0x00000285ec244be0 3251       3       androidx.compose.ui.node.PlaceableResult::<init> (27 bytes)
Event: 1.513 Thread 0x00000285ec244be0 nmethod 3251 0x00000285cf706510 code [0x00000285cf7067c0, 0x00000285cf707308]
Event: 1.513 Thread 0x00000285ec244be0 3254       1       androidx.compose.ui.node.MeasurePassDelegate::getLayoutPending$ui (5 bytes)
Event: 1.513 Thread 0x00000285ec244be0 nmethod 3254 0x00000285d6e5d790 code [0x00000285d6e5d920, 0x00000285d6e5d9f0]
Event: 1.513 Thread 0x00000285ec443640 nmethod 3244 0x00000285cf707710 code [0x00000285cf707bc0, 0x00000285cf70a078]
Event: 1.513 Thread 0x00000285ec443d10 nmethod 3253 0x00000285cf70ae10 code [0x00000285cf70b100, 0x00000285cf70c478]
Event: 1.513 Thread 0x00000285ec244be0 3256       3       androidx.compose.ui.graphics.drawscope.CanvasDrawScope$drawContext$1::getCanvas (11 bytes)
Event: 1.513 Thread 0x00000285ec244be0 nmethod 3256 0x00000285cf70cd90 code [0x00000285cf70cf40, 0x00000285cf70d098]
Event: 1.513 Thread 0x00000285ec443640 3257       1       androidx.compose.ui.graphics.drawscope.CanvasDrawScope$DrawParams::getLayoutDirection (5 bytes)
Event: 1.514 Thread 0x00000285ec443640 nmethod 3257 0x00000285d6e5de90 code [0x00000285d6e5e020, 0x00000285d6e5e0f0]
Event: 1.514 Thread 0x00000285ec4421d0 nmethod 3252 0x00000285cf70d190 code [0x00000285cf70d700, 0x00000285cf7106c0]
Event: 1.514 Thread 0x00000285ec4421d0 3258       3       androidx.compose.ui.node.NodeCoordinator::drawContainedDrawModifiers (51 bytes)
Event: 1.514 Thread 0x00000285ec443d10 3259       3       androidx.compose.ui.node.NodeCoordinator::head-H91voCI (105 bytes)
Event: 1.514 Thread 0x00000285ec244be0 3260       3       androidx.compose.ui.node.NodeCoordinator::draw (76 bytes)
Event: 1.514 Thread 0x00000285ec4421d0 nmethod 3258 0x00000285cf711c90 code [0x00000285cf711ec0, 0x00000285cf712490]
Event: 1.514 Thread 0x00000285ec443d10 nmethod 3259 0x00000285cf712710 code [0x00000285cf712920, 0x00000285cf712fe0]
Event: 1.514 Thread 0x00000285ec244be0 nmethod 3260 0x00000285cf713290 code [0x00000285cf713540, 0x00000285cf714000]

GC Heap History (14 events):
Event: 0.278 GC heap before
{Heap before GC invocations=0 (full 0):
 garbage-first heap   total 520192K, used 20480K [0x0000000604000000, 0x0000000800000000)
  region size 4096K, 6 young (24576K), 0 survivors (0K)
 Metaspace       used 15706K, committed 15872K, reserved 1114112K
  class space    used 1450K, committed 1536K, reserved 1048576K
}
Event: 0.280 GC heap after
{Heap after GC invocations=1 (full 0):
 garbage-first heap   total 520192K, used 6783K [0x0000000604000000, 0x0000000800000000)
  region size 4096K, 1 young (4096K), 1 survivors (4096K)
 Metaspace       used 15706K, committed 15872K, reserved 1114112K
  class space    used 1450K, committed 1536K, reserved 1048576K
}
Event: 0.385 GC heap before
{Heap before GC invocations=1 (full 0):
 garbage-first heap   total 520192K, used 23167K [0x0000000604000000, 0x0000000800000000)
  region size 4096K, 6 young (24576K), 1 survivors (4096K)
 Metaspace       used 21240K, committed 21504K, reserved 1114112K
  class space    used 2036K, committed 2176K, reserved 1048576K
}
Event: 0.386 GC heap after
{Heap after GC invocations=2 (full 0):
 garbage-first heap   total 520192K, used 6442K [0x0000000604000000, 0x0000000800000000)
  region size 4096K, 1 young (4096K), 1 survivors (4096K)
 Metaspace       used 21240K, committed 21504K, reserved 1114112K
  class space    used 2036K, committed 2176K, reserved 1048576K
}
Event: 0.591 GC heap before
{Heap before GC invocations=3 (full 0):
 garbage-first heap   total 40960K, used 35114K [0x0000000604000000, 0x0000000800000000)
  region size 4096K, 8 young (32768K), 1 survivors (4096K)
 Metaspace       used 22743K, committed 23040K, reserved 1114112K
  class space    used 2171K, committed 2304K, reserved 1048576K
}
Event: 0.592 GC heap after
{Heap after GC invocations=4 (full 0):
 garbage-first heap   total 45056K, used 7936K [0x0000000604000000, 0x0000000800000000)
  region size 4096K, 1 young (4096K), 1 survivors (4096K)
 Metaspace       used 22743K, committed 23040K, reserved 1114112K
  class space    used 2171K, committed 2304K, reserved 1048576K
}
Event: 0.702 GC heap before
{Heap before GC invocations=4 (full 0):
 garbage-first heap   total 45056K, used 24320K [0x0000000604000000, 0x0000000800000000)
  region size 4096K, 5 young (20480K), 1 survivors (4096K)
 Metaspace       used 27841K, committed 28096K, reserved 1114112K
  class space    used 2754K, committed 2880K, reserved 1048576K
}
Event: 0.703 GC heap after
{Heap after GC invocations=5 (full 0):
 garbage-first heap   total 45056K, used 8627K [0x0000000604000000, 0x0000000800000000)
  region size 4096K, 1 young (4096K), 1 survivors (4096K)
 Metaspace       used 27841K, committed 28096K, reserved 1114112K
  class space    used 2754K, committed 2880K, reserved 1048576K
}
Event: 1.097 GC heap before
{Heap before GC invocations=5 (full 0):
 garbage-first heap   total 45056K, used 29107K [0x0000000604000000, 0x0000000800000000)
  region size 4096K, 6 young (24576K), 1 survivors (4096K)
 Metaspace       used 33480K, committed 33728K, reserved 1114112K
  class space    used 3336K, committed 3456K, reserved 1048576K
}
Event: 1.099 GC heap after
{Heap after GC invocations=6 (full 0):
 garbage-first heap   total 45056K, used 9361K [0x0000000604000000, 0x0000000800000000)
  region size 4096K, 1 young (4096K), 1 survivors (4096K)
 Metaspace       used 33480K, committed 33728K, reserved 1114112K
  class space    used 3336K, committed 3456K, reserved 1048576K
}
Event: 1.149 GC heap before
{Heap before GC invocations=6 (full 0):
 garbage-first heap   total 45056K, used 17553K [0x0000000604000000, 0x0000000800000000)
  region size 4096K, 4 young (16384K), 1 survivors (4096K)
 Metaspace       used 35750K, committed 35968K, reserved 1114112K
  class space    used 3604K, committed 3712K, reserved 1048576K
}
Event: 1.150 GC heap after
{Heap after GC invocations=7 (full 0):
 garbage-first heap   total 45056K, used 9795K [0x0000000604000000, 0x0000000800000000)
  region size 4096K, 1 young (4096K), 1 survivors (4096K)
 Metaspace       used 35750K, committed 35968K, reserved 1114112K
  class space    used 3604K, committed 3712K, reserved 1048576K
}
Event: 1.414 GC heap before
{Heap before GC invocations=8 (full 0):
 garbage-first heap   total 40960K, used 26179K [0x0000000604000000, 0x0000000800000000)
  region size 4096K, 6 young (24576K), 1 survivors (4096K)
 Metaspace       used 41289K, committed 41600K, reserved 1114112K
  class space    used 4227K, committed 4352K, reserved 1048576K
}
Event: 1.416 GC heap after
{Heap after GC invocations=9 (full 0):
 garbage-first heap   total 40960K, used 10666K [0x0000000604000000, 0x0000000800000000)
  region size 4096K, 1 young (4096K), 1 survivors (4096K)
 Metaspace       used 41289K, committed 41600K, reserved 1114112K
  class space    used 4227K, committed 4352K, reserved 1048576K
}

Dll operation events (2 events):
Event: 0.003 Loaded shared library C:\Users\Yang\AppData\Local\Programs\Android Studio\jbr\bin\java.dll
Event: 0.006 Loaded shared library C:\Users\Yang\AppData\Local\Programs\Android Studio\jbr\bin\zip.dll

Deoptimization events (20 events):
Event: 1.423 Thread 0x00000285f15823e0 Uncommon trap: trap_request=0xffffff45 fr.pc=0x00000285d6e2ba3c relative=0x000000000000021c
Event: 1.423 Thread 0x00000285f15823e0 Uncommon trap: reason=unstable_if action=reinterpret pc=0x00000285d6e2ba3c method=java.awt.ColorPaintContext.getRaster(IIII)Ljava/awt/image/Raster; @ 8 c2
Event: 1.423 Thread 0x00000285f15823e0 DEOPT PACKING pc=0x00000285d6e2ba3c sp=0x000000e1d9cfd690
Event: 1.423 Thread 0x00000285f15823e0 DEOPT UNPACKING pc=0x00000285d6607da2 sp=0x000000e1d9cfd640 mode 2
Event: 1.484 Thread 0x00000285f15823e0 Uncommon trap: trap_request=0xffffff45 fr.pc=0x00000285d6d89030 relative=0x0000000000000750
Event: 1.484 Thread 0x00000285f15823e0 Uncommon trap: reason=unstable_if action=reinterpret pc=0x00000285d6d89030 method=java.util.ArrayList.grow(I)[Ljava/lang/Object; @ 17 c2
Event: 1.484 Thread 0x00000285f15823e0 DEOPT PACKING pc=0x00000285d6d89030 sp=0x000000e1d9cf69b0
Event: 1.484 Thread 0x00000285f15823e0 DEOPT UNPACKING pc=0x00000285d6607da2 sp=0x000000e1d9cf6848 mode 2
Event: 1.504 Thread 0x00000285f15823e0 Uncommon trap: trap_request=0xffffff45 fr.pc=0x00000285d6d01b68 relative=0x00000000000000c8
Event: 1.504 Thread 0x00000285f15823e0 Uncommon trap: reason=unstable_if action=reinterpret pc=0x00000285d6d01b68 method=java.lang.String.charAt(I)C @ 4 c2
Event: 1.504 Thread 0x00000285f15823e0 DEOPT PACKING pc=0x00000285d6d01b68 sp=0x000000e1d9cf74f0
Event: 1.504 Thread 0x00000285f15823e0 DEOPT UNPACKING pc=0x00000285d6607da2 sp=0x000000e1d9cf7490 mode 2
Event: 1.504 Thread 0x00000285f15823e0 Uncommon trap: trap_request=0xffffff45 fr.pc=0x00000285d6d0fb0c relative=0x00000000000004ac
Event: 1.504 Thread 0x00000285f15823e0 Uncommon trap: reason=unstable_if action=reinterpret pc=0x00000285d6d0fb0c method=java.lang.StringLatin1.canEncode(I)Z @ 4 c2
Event: 1.504 Thread 0x00000285f15823e0 DEOPT PACKING pc=0x00000285d6d0fb0c sp=0x000000e1d9cf7490
Event: 1.504 Thread 0x00000285f15823e0 DEOPT UNPACKING pc=0x00000285d6607da2 sp=0x000000e1d9cf73c8 mode 2
Event: 1.504 Thread 0x00000285f15823e0 Uncommon trap: trap_request=0xffffff45 fr.pc=0x00000285d6d0efe4 relative=0x0000000000000484
Event: 1.504 Thread 0x00000285f15823e0 Uncommon trap: reason=unstable_if action=reinterpret pc=0x00000285d6d0efe4 method=java.lang.AbstractStringBuilder.isLatin1()Z @ 10 c2
Event: 1.504 Thread 0x00000285f15823e0 DEOPT PACKING pc=0x00000285d6d0efe4 sp=0x000000e1d9cf7440
Event: 1.504 Thread 0x00000285f15823e0 DEOPT UNPACKING pc=0x00000285d6607da2 sp=0x000000e1d9cf73d0 mode 2

Classes loaded (20 events):
Event: 1.500 Loading class java/time/zone/ZoneOffsetTransitionRule
Event: 1.500 Loading class java/time/zone/ZoneOffsetTransitionRule done
Event: 1.500 Loading class java/time/LocalDateTime
Event: 1.500 Loading class java/time/chrono/ChronoLocalDateTime
Event: 1.500 Loading class java/time/chrono/ChronoLocalDateTime done
Event: 1.500 Loading class java/time/LocalDateTime done
Event: 1.500 Loading class java/time/Month
Event: 1.500 Loading class java/time/Month done
Event: 1.500 Loading class java/time/DayOfWeek
Event: 1.500 Loading class java/time/DayOfWeek done
Event: 1.501 Loading class java/time/zone/ZoneOffsetTransitionRule$TimeDefinition
Event: 1.501 Loading class java/time/zone/ZoneOffsetTransitionRule$TimeDefinition done
Event: 1.501 Loading class java/time/zone/ZoneOffsetTransition
Event: 1.501 Loading class java/time/zone/ZoneOffsetTransition done
Event: 1.501 Loading class java/time/temporal/TemporalAdjusters
Event: 1.501 Loading class java/time/temporal/TemporalAdjusters done
Event: 1.501 Loading class java/time/LocalDate$1
Event: 1.501 Loading class java/time/LocalDate$1 done
Event: 1.503 Loading class java/lang/invoke/BoundMethodHandle$Species_LLLLLL
Event: 1.503 Loading class java/lang/invoke/BoundMethodHandle$Species_LLLLLL done

Classes unloaded (0 events):
No events

Classes redefined (0 events):
No events

Internal exceptions (20 events):
Event: 1.218 Thread 0x00000285f6662ad0 Exception <a 'androidx/sqlite/SQLiteException'{0x00000006058f7ed0}: Error code: 1, message: cannot rollback - no transaction is active> (0x00000006058f7ed0) 
thrown [s\src\hotspot\share\prims\jni.cpp, line 563]
Event: 1.218 Thread 0x00000285f6666c70 Exception <a 'androidx/sqlite/SQLiteException'{0x000000060590b568}: Error code: 1, message: cannot rollback - no transaction is active> (0x000000060590b568) 
thrown [s\src\hotspot\share\prims\jni.cpp, line 563]
Event: 1.219 Thread 0x00000285f15bb700 Exception <a 'androidx/sqlite/SQLiteException'{0x00000006059629d0}: Error code: 1, message: cannot rollback - no transaction is active> (0x00000006059629d0) 
thrown [s\src\hotspot\share\prims\jni.cpp, line 563]
Event: 1.220 Thread 0x00000285f15bb700 Exception <a 'androidx/sqlite/SQLiteException'{0x0000000605965db0}: Error code: 1, message: cannot rollback - no transaction is active> (0x0000000605965db0) 
thrown [s\src\hotspot\share\prims\jni.cpp, line 563]
Event: 1.255 Thread 0x00000285f15823e0 Exception <a 'java/lang/NoSuchMethodError'{0x00000006054be848}: 'java.lang.Object java.lang.invoke.DirectMethodHandle$Holder.invokeStaticInit(java.lang.Object, java.lang.Object, java.lang.Object, java.lang.Object, java.lang.Object, java.lang.Object, java.lang.Object)'> (0x00000006054be848) 
thrown [s\src\hotspot\share\interpreter\linkResolver.cpp, line 784]
Event: 1.256 Thread 0x00000285f15823e0 Exception <a 'java/lang/NoSuchMethodError'{0x00000006054c7600}: 'java.lang.Object java.lang.invoke.Invokers$Holder.invoke_MT(java.lang.Object, java.lang.Object, java.lang.Object, java.lang.Object, java.lang.Object, java.lang.Object, java.lang.Object, java.lang.Object, java.lang.Object, java.lang.Object)'> (0x00000006054c7600) 
thrown [s\src\hotspot\share\interpreter\linkResolver.cpp, line 784]
Event: 1.257 Thread 0x00000285f15823e0 Exception <a 'java/lang/NoSuchMethodError'{0x00000006054cd5a8}: 'java.lang.Object java.lang.invoke.DirectMethodHandle$Holder.invokeStatic(java.lang.Object, java.lang.Object, int)'> (0x00000006054cd5a8) 
thrown [s\src\hotspot\share\interpreter\linkResolver.cpp, line 784]
Event: 1.258 Thread 0x00000285f15823e0 Exception <a 'java/lang/NoSuchMethodError'{0x00000006054df358}: 'void java.lang.invoke.DelegatingMethodHandle$Holder.delegate(java.lang.Object, java.lang.Object, int, java.lang.Object)'> (0x00000006054df358) 
thrown [s\src\hotspot\share\interpreter\linkResolver.cpp, line 784]
Event: 1.258 Thread 0x00000285f15823e0 Exception <a 'java/lang/NoSuchMethodError'{0x00000006054e3510}: 'int java.lang.invoke.DirectMethodHandle$Holder.invokeSpecial(java.lang.Object, java.lang.Object, java.lang.Object)'> (0x00000006054e3510) 
thrown [s\src\hotspot\share\interpreter\linkResolver.cpp, line 784]
Event: 1.259 Thread 0x00000285f15823e0 Exception <a 'java/lang/NoSuchMethodError'{0x0000000605501390}: 'int java.lang.invoke.DirectMethodHandle$Holder.invokeVirtual(java.lang.Object, java.lang.Object, java.lang.Object)'> (0x0000000605501390) 
thrown [s\src\hotspot\share\interpreter\linkResolver.cpp, line 784]
Event: 1.259 Thread 0x00000285f15823e0 Exception <a 'java/lang/NoSuchMethodError'{0x0000000605504d00}: 'int java.lang.invoke.DirectMethodHandle$Holder.invokeVirtual(java.lang.Object, java.lang.Object)'> (0x0000000605504d00) 
thrown [s\src\hotspot\share\interpreter\linkResolver.cpp, line 784]
Event: 1.259 Thread 0x00000285f15823e0 Exception <a 'java/lang/NoSuchMethodError'{0x0000000605509550}: 'int java.lang.invoke.DirectMethodHandle$Holder.invokeStaticInit(java.lang.Object, int, int)'> (0x0000000605509550) 
thrown [s\src\hotspot\share\interpreter\linkResolver.cpp, line 784]
Event: 1.259 Thread 0x00000285f15823e0 Exception <a 'java/lang/NoSuchMethodError'{0x0000000605510e10}: 'int java.lang.invoke.DirectMethodHandle$Holder.invokeStaticInit(java.lang.Object, long, long)'> (0x0000000605510e10) 
thrown [s\src\hotspot\share\interpreter\linkResolver.cpp, line 784]
Event: 1.259 Thread 0x00000285f15823e0 Exception <a 'java/lang/NoSuchMethodError'{0x0000000605517b58}: 'int java.lang.invoke.DirectMethodHandle$Holder.invokeStaticInit(java.lang.Object, float, float)'> (0x0000000605517b58) 
thrown [s\src\hotspot\share\interpreter\linkResolver.cpp, line 784]
Event: 1.260 Thread 0x00000285f15823e0 Exception <a 'java/lang/NoSuchMethodError'{0x000000060551e898}: 'int java.lang.invoke.DirectMethodHandle$Holder.invokeStaticInit(java.lang.Object, double, double)'> (0x000000060551e898) 
thrown [s\src\hotspot\share\interpreter\linkResolver.cpp, line 784]
Event: 1.260 Thread 0x00000285f15823e0 Exception <a 'java/lang/NoSuchMethodError'{0x0000000605523350}: 'int java.lang.invoke.DirectMethodHandle$Holder.invokeStatic(java.lang.Object, long)'> (0x0000000605523350) 
thrown [s\src\hotspot\share\interpreter\linkResolver.cpp, line 784]
Event: 1.261 Thread 0x00000285f15823e0 Exception <a 'java/lang/NoSuchMethodError'{0x0000000605545310}: 'int java.lang.invoke.Invokers$Holder.linkToTargetMethod(java.lang.Object, java.lang.Object)'> (0x0000000605545310) 
thrown [s\src\hotspot\share\interpreter\linkResolver.cpp, line 784]
Event: 1.394 Thread 0x00000285f6666c70 Exception <a 'androidx/sqlite/SQLiteException'{0x0000000605952ec0}: Error code: 1, message: cannot rollback - no transaction is active> (0x0000000605952ec0) 
thrown [s\src\hotspot\share\prims\jni.cpp, line 563]
Event: 1.395 Thread 0x00000285f15bb700 Exception <a 'androidx/sqlite/SQLiteException'{0x0000000605976d60}: Error code: 1, message: cannot rollback - no transaction is active> (0x0000000605976d60) 
thrown [s\src\hotspot\share\prims\jni.cpp, line 563]
Event: 1.423 Thread 0x00000285f15823e0 Implicit null exception at 0x00000285d6e2b8d8 to 0x00000285d6e2ba20

ZGC Phase Switch (0 events):
No events

VM Operations (20 events):
Event: 1.097 Executing VM operation: G1CollectForAllocation (G1 Evacuation Pause)
Event: 1.099 Executing VM operation: G1CollectForAllocation (G1 Evacuation Pause) done
Event: 1.117 Executing VM operation: HandshakeAllThreads (Deoptimize)
Event: 1.118 Executing VM operation: HandshakeAllThreads (Deoptimize) done
Event: 1.148 Executing VM operation: CollectForMetadataAllocation (Metadata GC Threshold)
Event: 1.150 Executing VM operation: CollectForMetadataAllocation (Metadata GC Threshold) done
Event: 1.152 Executing VM operation: G1PauseRemark
Event: 1.153 Executing VM operation: G1PauseRemark done
Event: 1.154 Executing VM operation: G1PauseCleanup
Event: 1.154 Executing VM operation: G1PauseCleanup done
Event: 1.183 Executing VM operation: HandshakeAllThreads (Deoptimize)
Event: 1.183 Executing VM operation: HandshakeAllThreads (Deoptimize) done
Event: 1.257 Executing VM operation: HandshakeAllThreads (Deoptimize)
Event: 1.257 Executing VM operation: HandshakeAllThreads (Deoptimize) done
Event: 1.414 Executing VM operation: G1TryInitiateConcMark (G1 Humongous Allocation)
Event: 1.416 Executing VM operation: G1TryInitiateConcMark (G1 Humongous Allocation) done
Event: 1.478 Executing VM operation: HandshakeAllThreads (Deoptimize)
Event: 1.478 Executing VM operation: HandshakeAllThreads (Deoptimize) done
Event: 1.498 Executing VM operation: HandshakeAllThreads (Deoptimize)
Event: 1.498 Executing VM operation: HandshakeAllThreads (Deoptimize) done

Memory protections (0 events):
No events

Nmethod flushes (20 events):
Event: 1.153 Thread 0x00000285ec1e6220 flushing  nmethod 0x00000285cf18ec90
Event: 1.153 Thread 0x00000285ec1e6220 flushing  nmethod 0x00000285cf1aad10
Event: 1.153 Thread 0x00000285ec1e6220 flushing  nmethod 0x00000285cf1ab510
Event: 1.153 Thread 0x00000285ec1e6220 flushing  nmethod 0x00000285cf1abe10
Event: 1.153 Thread 0x00000285ec1e6220 flushing  nmethod 0x00000285cf1aca90
Event: 1.153 Thread 0x00000285ec1e6220 flushing  nmethod 0x00000285cf1aef90
Event: 1.153 Thread 0x00000285ec1e6220 flushing  nmethod 0x00000285cf1af410
Event: 1.153 Thread 0x00000285ec1e6220 flushing  nmethod 0x00000285cf1afd10
Event: 1.153 Thread 0x00000285ec1e6220 flushing  nmethod 0x00000285cf1b1810
Event: 1.153 Thread 0x00000285ec1e6220 flushing  nmethod 0x00000285cf1e1b90
Event: 1.153 Thread 0x00000285ec1e6220 flushing  nmethod 0x00000285cf1e2110
Event: 1.153 Thread 0x00000285ec1e6220 flushing  nmethod 0x00000285cf1e2e90
Event: 1.153 Thread 0x00000285ec1e6220 flushing  nmethod 0x00000285cf1e3290
Event: 1.153 Thread 0x00000285ec1e6220 flushing  nmethod 0x00000285cf1e3610
Event: 1.153 Thread 0x00000285ec1e6220 flushing  nmethod 0x00000285cf1e3b10
Event: 1.153 Thread 0x00000285ec1e6220 flushing  nmethod 0x00000285cf1e5d10
Event: 1.153 Thread 0x00000285ec1e6220 flushing  nmethod 0x00000285cf1e6010
Event: 1.153 Thread 0x00000285ec1e6220 flushing  nmethod 0x00000285cf1e7710
Event: 1.153 Thread 0x00000285ec1e6220 flushing  nmethod 0x00000285cf245810
Event: 1.153 Thread 0x00000285ec1e6220 flushing  nmethod 0x00000285cf245b90

Events (20 events):
Event: 0.226 Thread 0x00000285ca5011e0 Thread added: 0x00000285f162df90
Event: 0.272 Thread 0x00000285ca5011e0 Thread added: 0x00000285f15bb700
Event: 0.272 Thread 0x00000285ca5011e0 Thread added: 0x00000285f15bbd60
Event: 0.273 Thread 0x00000285f15bb700 Thread added: 0x00000285f15c5e30
Event: 0.274 Thread 0x00000285ca5011e0 Thread added: 0x00000285f15945c0
Event: 0.275 Thread 0x00000285ec443640 Thread added: 0x00000285ec443d10
Event: 0.276 Thread 0x00000285f15bb700 Thread added: 0x00000285f1581d50
Event: 0.288 Thread 0x00000285ca5011e0 Thread added: 0x00000285f15823e0
Event: 0.383 Loaded shared library C:\Users\Yang\AppData\Local\Programs\Android Studio\jbr\bin\freetype.dll
Event: 0.383 Loaded shared library C:\Users\Yang\AppData\Local\Programs\Android Studio\jbr\bin\fontmanager.dll
Event: 0.612 Thread 0x00000285f15823e0 Thread added: 0x00000285f1581030
Event: 0.979 Thread 0x00000285ec441b00 Thread exited: 0x00000285ec441b00
Event: 0.980 Thread 0x00000285ec4428a0 Thread exited: 0x00000285ec4428a0
Event: 1.027 Thread 0x00000285ec443640 Thread added: 0x00000285f6901260
Event: 1.112 Thread 0x00000285f15bbd60 Thread added: 0x00000285f6662ad0
Event: 1.112 Thread 0x00000285f15bbd60 Thread added: 0x00000285f6666c70
Event: 1.113 Thread 0x00000285f6662ad0 Thread added: 0x00000285f66665e0
Event: 1.114 Thread 0x00000285f6662ad0 Thread added: 0x00000285f66686b0
Event: 1.123 Thread 0x00000285ec244be0 Thread added: 0x00000285f68ffdf0
Event: 1.208 Loaded shared library C:\Users\Yang\AppData\Local\Temp\androidx_sqliteJni12919364096438253878.tmp


Dynamic libraries:
0x00007ff68e160000 - 0x00007ff68e16a000 	C:\Users\Yang\AppData\Local\Programs\Android Studio\jbr\bin\java.exe
0x00007ffcb0a60000 - 0x00007ffcb0cc0000 	C:\WINDOWS\SYSTEM32\ntdll.dll
0x00007ffcaea50000 - 0x00007ffcaeb17000 	C:\WINDOWS\System32\KERNEL32.DLL
0x00007ffcadc70000 - 0x00007ffcae03a000 	C:\WINDOWS\System32\KERNELBASE.dll
0x00007ffcae530000 - 0x00007ffcae67b000 	C:\WINDOWS\System32\ucrtbase.dll
0x00007ffc873e0000 - 0x00007ffc873f8000 	C:\Users\Yang\AppData\Local\Programs\Android Studio\jbr\bin\jli.dll
0x00007ffc84130000 - 0x00007ffc8414b000 	C:\Users\Yang\AppData\Local\Programs\Android Studio\jbr\bin\VCRUNTIME140.dll
0x00007ffcaf150000 - 0x00007ffcaf31c000 	C:\WINDOWS\System32\USER32.dll
0x00007ffcadc40000 - 0x00007ffcadc67000 	C:\WINDOWS\System32\win32u.dll
0x00007ffc93610000 - 0x00007ffc938a7000 	C:\WINDOWS\WinSxS\amd64_microsoft.windows.common-controls_6595b64144ccf1df_6.0.26100.3624_none_3e086962e3345f24\COMCTL32.dll
0x00007ffcaf3a0000 - 0x00007ffcaf3ca000 	C:\WINDOWS\System32\GDI32.dll
0x00007ffcaec10000 - 0x00007ffcaecb9000 	C:\WINDOWS\System32\msvcrt.dll
0x00007ffcae040000 - 0x00007ffcae171000 	C:\WINDOWS\System32\gdi32full.dll
0x00007ffcae680000 - 0x00007ffcae723000 	C:\WINDOWS\System32\msvcp_win.dll
0x00007ffcae860000 - 0x00007ffcae88f000 	C:\WINDOWS\System32\IMM32.DLL
0x00007ffc8c7f0000 - 0x00007ffc8c7fc000 	C:\Users\Yang\AppData\Local\Programs\Android Studio\jbr\bin\vcruntime140_1.dll
0x00007ffc7f600000 - 0x00007ffc7f68d000 	C:\Users\Yang\AppData\Local\Programs\Android Studio\jbr\bin\msvcp140.dll
0x00007ffc0e570000 - 0x00007ffc0f1fa000 	C:\Users\Yang\AppData\Local\Programs\Android Studio\jbr\bin\server\jvm.dll
0x00007ffcaf3d0000 - 0x00007ffcaf482000 	C:\WINDOWS\System32\ADVAPI32.dll
0x00007ffcaf770000 - 0x00007ffcaf816000 	C:\WINDOWS\System32\sechost.dll
0x00007ffcae8a0000 - 0x00007ffcae9b6000 	C:\WINDOWS\System32\RPCRT4.dll
0x00007ffcafdf0000 - 0x00007ffcafe64000 	C:\WINDOWS\System32\WS2_32.dll
0x00007ffcad360000 - 0x00007ffcad3be000 	C:\WINDOWS\SYSTEM32\POWRPROF.dll
0x00007ffca6430000 - 0x00007ffca643b000 	C:\WINDOWS\SYSTEM32\VERSION.dll
0x00007ffca05d0000 - 0x00007ffca0606000 	C:\WINDOWS\SYSTEM32\WINMM.dll
0x00007ffcad340000 - 0x00007ffcad354000 	C:\WINDOWS\SYSTEM32\UMPDC.dll
0x00007ffcaca10000 - 0x00007ffcaca2a000 	C:\WINDOWS\SYSTEM32\kernel.appcore.dll
0x00007ffc81520000 - 0x00007ffc8152a000 	C:\Users\Yang\AppData\Local\Programs\Android Studio\jbr\bin\jimage.dll
0x00007ffcab640000 - 0x00007ffcab881000 	C:\WINDOWS\SYSTEM32\DBGHELP.DLL
0x00007ffcafa00000 - 0x00007ffcafd82000 	C:\WINDOWS\System32\combase.dll
0x00007ffcaf910000 - 0x00007ffcaf9e6000 	C:\WINDOWS\System32\OLEAUT32.dll
0x00007ffc3cec0000 - 0x00007ffc3cef9000 	C:\WINDOWS\SYSTEM32\dbgcore.DLL
0x00007ffcae730000 - 0x00007ffcae7c9000 	C:\WINDOWS\System32\bcryptPrimitives.dll
0x00007ffc80b00000 - 0x00007ffc80b20000 	C:\Users\Yang\AppData\Local\Programs\Android Studio\jbr\bin\java.dll
0x00007ffc7f5e0000 - 0x00007ffc7f5f8000 	C:\Users\Yang\AppData\Local\Programs\Android Studio\jbr\bin\zip.dll
0x00007ffcaffb0000 - 0x00007ffcb06d9000 	C:\WINDOWS\System32\SHELL32.dll
0x00007ffcae240000 - 0x00007ffcae3a8000 	C:\WINDOWS\System32\wintypes.dll
0x00007ffcab8c0000 - 0x00007ffcac112000 	C:\WINDOWS\SYSTEM32\windows.storage.dll
0x00007ffcaf820000 - 0x00007ffcaf90d000 	C:\WINDOWS\System32\SHCORE.dll
0x00007ffcaeb20000 - 0x00007ffcaeb84000 	C:\WINDOWS\System32\shlwapi.dll
0x00007ffcadb50000 - 0x00007ffcadb7f000 	C:\WINDOWS\SYSTEM32\profapi.dll
0x00007ffc81510000 - 0x00007ffc81520000 	C:\Users\Yang\AppData\Local\Programs\Android Studio\jbr\bin\net.dll
0x00007ffca5890000 - 0x00007ffca59ad000 	C:\WINDOWS\SYSTEM32\WINHTTP.dll
0x00007ffcacf10000 - 0x00007ffcacf7a000 	C:\WINDOWS\system32\mswsock.dll
0x00007ffc7f0e0000 - 0x00007ffc7f0f6000 	C:\Users\Yang\AppData\Local\Programs\Android Studio\jbr\bin\nio.dll
0x00007ffcad3e0000 - 0x00007ffcad3fc000 	C:\WINDOWS\SYSTEM32\CRYPTSP.dll
0x00007ffcac970000 - 0x00007ffcac9aa000 	C:\WINDOWS\system32\rsaenh.dll
0x00007ffcacfb0000 - 0x00007ffcacfdb000 	C:\WINDOWS\SYSTEM32\USERENV.dll
0x00007ffcadb20000 - 0x00007ffcadb46000 	C:\WINDOWS\SYSTEM32\bcrypt.dll
0x00007ffcad1b0000 - 0x00007ffcad1bc000 	C:\WINDOWS\SYSTEM32\CRYPTBASE.dll
0x00007ffcac420000 - 0x00007ffcac453000 	C:\WINDOWS\SYSTEM32\IPHLPAPI.DLL
0x00007ffcaf9f0000 - 0x00007ffcaf9fa000 	C:\WINDOWS\System32\NSI.dll
0x00007ffc897f0000 - 0x00007ffc8a411000 	C:\Users\Yang\.skiko\9cc0fa4b62d4146a57fc4033b1ad310d625c8000d71296924f1964366b3dfbc8\skiko-windows-x64.dll
0x00007ffcaf5d0000 - 0x00007ffcaf766000 	C:\WINDOWS\System32\ole32.dll
0x00007ffcaaee0000 - 0x00007ffcaaf16000 	C:\WINDOWS\SYSTEM32\dwmapi.dll
0x00007ffcaa470000 - 0x00007ffcaa56c000 	C:\WINDOWS\SYSTEM32\PROPSYS.dll
0x00007ffc0e3d0000 - 0x00007ffc0e568000 	C:\Users\Yang\AppData\Local\Programs\Android Studio\jbr\bin\awt.dll
0x00007ffc7f090000 - 0x00007ffc7f0d4000 	C:\Users\Yang\AppData\Local\Programs\Android Studio\jbr\bin\nvdaControllerClient64.dll
0x00007ffcaa270000 - 0x00007ffcaa30c000 	C:\WINDOWS\SYSTEM32\apphelp.dll
0x00007ffcaaaa0000 - 0x00007ffcaab4e000 	C:\WINDOWS\system32\uxtheme.dll
0x00007ffcb08c0000 - 0x00007ffcb0a1d000 	C:\WINDOWS\System32\MSCTF.dll
0x00007ffcaa310000 - 0x00007ffcaa326000 	C:\WINDOWS\system32\Wtsapi32.dll
0x00007ffcad140000 - 0x00007ffcad1a7000 	C:\WINDOWS\SYSTEM32\WINSTA.dll
0x00007ffc812a0000 - 0x00007ffc813ac000 	C:\WINDOWS\system32\opengl32.dll
0x00007ffca71c0000 - 0x00007ffca71ed000 	C:\WINDOWS\SYSTEM32\GLU32.dll
0x00007ffcaac80000 - 0x00007ffcaacc7000 	C:\WINDOWS\SYSTEM32\dxcore.dll
0x00007ffc0e340000 - 0x00007ffc0e3c7000 	C:\Users\Yang\AppData\Local\Programs\Android Studio\jbr\bin\freetype.dll
0x00007ffc0e260000 - 0x00007ffc0e33e000 	C:\Users\Yang\AppData\Local\Programs\Android Studio\jbr\bin\fontmanager.dll
0x00007ffca84a0000 - 0x00007ffca8709000 	C:\WINDOWS\SYSTEM32\dwrite.dll
0x00007ffc938b0000 - 0x00007ffc93a86000 	C:\WINDOWS\WinSxS\amd64_microsoft.windows.gdiplus_6595b64144ccf1df_1.1.26100.3624_none_6ef35c483dc6d8f2\gdiplus.dll
0x00007ffcaf4e0000 - 0x00007ffcaf588000 	C:\WINDOWS\System32\clbcatq.dll
0x00007ffca80d0000 - 0x00007ffca82fe000 	C:\WINDOWS\SYSTEM32\WindowsCodecs.dll
0x00007ffc7b6b0000 - 0x00007ffc7b70a000 	C:\WINDOWS\system32\dataexchange.dll
0x00007ffca02a0000 - 0x00007ffca04db000 	C:\WINDOWS\system32\twinapi.appcore.dll
0x00007ffca9ed0000 - 0x00007ffca9ed7000 	C:\Users\Yang\AppData\Local\Programs\Android Studio\jbr\bin\jawt.dll
0x00007ffcaad60000 - 0x00007ffcaae8e000 	C:\WINDOWS\SYSTEM32\Dxgi.dll
0x00007ffcaacf0000 - 0x00007ffcaad4e000 	C:\WINDOWS\SYSTEM32\directxdatabasehelper.dll
0x00007ffcad8a0000 - 0x00007ffcad8ff000 	C:\WINDOWS\SYSTEM32\cfgmgr32.dll
0x00007ffc7f550000 - 0x00007ffc7f573000 	C:\WINDOWS\SYSTEM32\D3D12.dll
0x00007ffc0f200000 - 0x00007ffc0f473000 	C:\WINDOWS\SYSTEM32\D3D12Core.dll
0x00007ffcad440000 - 0x00007ffcad453000 	C:\WINDOWS\SYSTEM32\msasn1.dll
0x00007ffca4a40000 - 0x00007ffca4a7b000 	C:\WINDOWS\SYSTEM32\cryptnet.dll
0x00007ffcae3b0000 - 0x00007ffcae527000 	C:\WINDOWS\System32\CRYPT32.dll
0x00007ffcad250000 - 0x00007ffcad2ad000 	C:\WINDOWS\SYSTEM32\wldp.dll
0x00007ffca4830000 - 0x00007ffca49ac000 	C:\WINDOWS\SYSTEM32\drvstore.dll
0x00007ffcad870000 - 0x00007ffcad89d000 	C:\WINDOWS\SYSTEM32\devobj.dll
0x00007ffcae7d0000 - 0x00007ffcae84f000 	C:\WINDOWS\System32\wintrust.dll
0x00007ffcafe80000 - 0x00007ffcafea0000 	C:\WINDOWS\System32\imagehlp.dll
0x00007ffc7f710000 - 0x00007ffc7fa16000 	C:\WINDOWS\system32\nvspcap64.dll
0x00007ffcacb30000 - 0x00007ffcacb65000 	C:\WINDOWS\SYSTEM32\ntmarta.dll
0x00007ffca4b30000 - 0x00007ffca4bf2000 	C:\WINDOWS\System32\DriverStore\FileRepository\nvlei.inf_amd64_d71eeabf5979d5ee\nvldumdx.dll
0x00007ffca0de0000 - 0x00007ffca457a000 	C:\WINDOWS\System32\DriverStore\FileRepository\nvlei.inf_amd64_d71eeabf5979d5ee\nvgpucomp64.dll
0x00007ffca0610000 - 0x00007ffca06e7000 	C:\WINDOWS\System32\DriverStore\FileRepository\nvlei.inf_amd64_d71eeabf5979d5ee\NvMemMapStoragex.dll
0x00007ffc99f50000 - 0x00007ffc9f263000 	C:\WINDOWS\System32\DriverStore\FileRepository\nvlei.inf_amd64_d71eeabf5979d5ee\nvwgf2umx.dll
0x00007ffc643f0000 - 0x00007ffc645a4000 	C:\WINDOWS\System32\DriverStore\FileRepository\nvlei.inf_amd64_d71eeabf5979d5ee\nvppex.dll
0x00007ffc7f100000 - 0x00007ffc7f12e000 	C:\WINDOWS\SYSTEM32\D3DSCache.dll
0x00007ffc6c9a0000 - 0x00007ffc6cc1c000 	C:\Users\Yang\AppData\Local\Temp\androidx_sqliteJni12919364096438253878.tmp
0x00007ffca9360000 - 0x00007ffca9585000 	C:\WINDOWS\SYSTEM32\dcomp.dll
0x00007ffca8310000 - 0x00007ffca8329000 	C:\WINDOWS\SYSTEM32\Microsoft.Internal.WarpPal.dll
0x00007ffca7c40000 - 0x00007ffca80bf000 	C:\WINDOWS\SYSTEM32\d3dcompiler_47.dll
0x00007ffc97060000 - 0x00007ffc971a9000 	C:\WINDOWS\SYSTEM32\textinputframework.dll

dbghelp: loaded successfully - version: 4.0.5 - missing functions: none
symbol engine: initialized successfully - sym options: 0x614 - pdb path: .;C:\Users\Yang\AppData\Local\Programs\Android Studio\jbr\bin;C:\WINDOWS\SYSTEM32;C:\WINDOWS\WinSxS\amd64_microsoft.windows.common-controls_6595b64144ccf1df_6.0.26100.3624_none_3e086962e3345f24;C:\Users\Yang\AppData\Local\Programs\Android Studio\jbr\bin\server;C:\Users\Yang\.skiko\9cc0fa4b62d4146a57fc4033b1ad310d625c8000d71296924f1964366b3dfbc8;C:\WINDOWS\WinSxS\amd64_microsoft.windows.gdiplus_6595b64144ccf1df_1.1.26100.3624_none_6ef35c483dc6d8f2;C:\WINDOWS\System32\DriverStore\FileRepository\nvlei.inf_amd64_d71eeabf5979d5ee;C:\Users\Yang\AppData\Local\Temp

VM Arguments:
jvm_args: -Dcompose.application.configure.swing.globals=true -Dcompose.application.resources.dir=C:\Users\Yang\AndroidStudioProjects\Kori\composeApp\build\compose\tmp\prepareAppResources -Dfile.encoding=UTF-8 -Duser.country=CN -Duser.language=zh -Duser.variant 
java_command: org.yangdai.kori.MainKt
java_class_path (initial): C:\Users\Yang\AndroidStudioProjects\Kori\composeApp\build\libs\composeApp-desktop.jar;C:\Users\Yang\.gradle\caches\modules-2\files-2.1\org.jetbrains.compose.desktop\desktop-jvm\1.8.0-beta02\fbb41a8f82e7d396f49946c5efca58eb0fa1d5f2\desktop-jvm-1.8.0-beta02.jar;C:\Users\Yang\.gradle\caches\modules-2\files-2.1\org.jetbrains.compose.material\material-desktop\1.8.0-beta02\bb44b78e6b8b809dfe3342575ad53656170611a6\material-desktop-1.8.0-beta02.jar;C:\Users\Yang\.gradle\caches\modules-2\files-2.1\org.jetbrains.compose.material3\material3-adaptive-navigation-suite-desktop\1.8.0-beta02\4f0d24ba4302c90ec82cca5a6ec5940dc9d979be\material3-adaptive-navigation-suite-desktop-1.8.0-beta02.jar;C:\Users\Yang\.gradle\caches\modules-2\files-2.1\org.jetbrains.compose.material3\material3-desktop\1.8.0-beta02\74e89f988c68ed4e5373f29c9cebd6e02f5d66d3\material3-desktop-1.8.0-beta02.jar;C:\Users\Yang\.gradle\caches\modules-2\files-2.1\org.jetbrains.compose.components\components-resources-desktop\1.8.0-beta02\10110d785f486bc13235f40e1d0b91a48b5f3ee6\library-desktop-1.8.0-beta02.jar;C:\Users\Yang\.gradle\caches\modules-2\files-2.1\org.jetbrains.compose.material3.adaptive\adaptive-navigation-desktop\1.1.0-beta02\590ced37efb2215a5cfc0a6339b44df2bffa74ae\adaptive-navigation-desktop-1.1.0-beta02.jar;C:\Users\Yang\.gradle\caches\modules-2\files-2.1\org.jetbrains.compose.material3.adaptive\adaptive-layout-desktop\1.1.0-beta02\723d4a6007b47c0f0112a341339d8dfd68433657\adaptive-layout-desktop-1.1.0-beta02.jar;C:\Users\Yang\.gradle\caches\modules-2\files-2.1\org.jetbrains.compose.material3.adaptive\adaptive-desktop\1.1.0-beta02\2e5d19a5f8df2383051d8d4327990abc7f910660\adaptive-desktop-1.1.0-beta02.jar;C:\Users\Yang\.gradle\caches\modules-2\files-2.1\org.jetbrains.compose.material\material-ripple-desktop\1.8.0-beta02\828e54d21ce13053dd7b705f66bfb332bb38204b\material-ripple-desktop-1.8.0-beta02.jar;C:\Users\Yang\.gradle\caches\modules-2\files-2.1\org.jetbrains.compose.foundation\foundation-desktop\1.8.0-beta02\81657e11b152e3edc62b9e3b0480e340975d5912\foundation-desktop-1.8.0-beta02.jar;C:\Users\Yang\.gradle\caches\modules-2\files-2.1\org.jetbrains.compose.material\material-icons-extended-desktop\1.7.3\c7c5465dd754043076875b32bce0dd7f5a354fe8\material-icons-extended-desktop-1.7.3.jar;C:\Users\Yang\.gradle\caches\modules-2\files-2.1\io.insert-koin\koin-compose-viewmodel-navigation-jvm\4.0.4\d7884ffd81c1597ce58137e6090bb6715623c07c\koin-compose-viewmodel-navigation-jvm-4.0.4.jar;C:\Users\Yang\.gradle\caches\modules-2\files-2.1\org.jetbrains.androidx.navigation\navigation-compose-desktop\2.9.0-alpha16\e6b978c2265a93dc1d2c0d32f858abca632ae502\navigation-compose-desktop-2.9.0-alpha16.jar;C:\Users\Yang\.gradle\caches\modules-2\files-2.1\org.jetbrains.compose.animation\animation-desktop\1.8.0-beta02\80257b132de1be61f842c6e4fea5d2b6949c1660\animation-desktop-1.8.0-beta02.jar;C:\Users\Yang\.gradle\caches\modules-2\files-2.1\org.jetbrains.compose.foundation\foundation-layout-desktop\1.8.0-beta02\c13d38b48660c2e8d92b7eecb378124df96f056b\foundation-layout-desktop-1.8.0-beta02.jar;C:\Users\Yang\.gradle\caches\modules-2\files-2.1\org.jetbrains.compose.animation\animation-core-desktop\1.8.0-beta02\9ff0c43f15b6b2cd30e4aa39127a7e6a0287d789\animation-core-desktop-1.8.0-beta02.jar;C:\Users\Yang\.gradle\caches\modules-2\files-2.1\org.jetbrains.compose.material\material-icons-core-desktop\1.7.3\414b3096050fe647b0638832eace80f22c06b85c\material-icons-core-desktop-1.7.3.jar;C:\Users\Yang\.gradle\caches\modules-2\files-2.1\io.insert-koin\koin-compose-viewmodel-jvm\4.0.4\3d3d6b5f8a9b486d12f294f2aee94755404d071b\koin-compose-viewmodel-jvm-4.0.4.jar;C:\Users\Yang\.gradle\caches\modules-2\files-2.1\org.jetbrains.androidx.lifecycle\lifecycle-viewmodel-compose-desktop\2.9.0-alpha06\c998ab85a5c09ce044ac8f437e32c28e02e68f5c\lifecycle-viewmodel-compose-desktop-2.9.0-alpha06.jar;C:\Users\Yang\.gradle\caches\modules-2\files-2.1\org.jetbrains.compose.ui\ui-desktop\1.8.0-beta02\fa56b2ac6d560ac881117f5c8ca4031758b4be7f\ui-desktop-1.8.0-beta02.jar;C:\Users\Yang\.gradle\caches\modules-2\files-2.1\org.jetbrains.androidx.navigation\navigation-runtime-desktop\2.9.0-alpha16\ef3deb61bf0b1f6a5185423fd3a865cd3c6d9aff\navigation-runtime-desktop-2.9.0-alpha16.jar;C:\Users\Yang\.gradle\caches\modules-2\files-2.1\org.jetbrains.androidx.navigation\navigation-common-desktop\2.9.0-alpha16\411036b2321e9c6fe95ec9a16d9856c8522e688d\navigation-common-desktop-2.9.0-alpha16.jar;C:\Users\Yang\.gradle\caches\modules-2\files-2.1\io.insert-koin\koin-core-viewmodel-jvm\4.0.4\13a8ef50ed8a827de227d1526f7b201aeb02254c\koin-core-viewmodel-jvm-4.0.4.jar;C:\Users\Yang\.gradle\caches\modules-2\files-2.1\org.jetbrains.androidx.lifecycle\lifecycle-viewmodel-savedstate-desktop\2.9.0-alpha06\833e686c11b534ddcb56de5fe8515af0ff1ae108\lifecycle-viewmodel-savedstate-desktop-2.9.0-alpha06.jar;C:\Users\Yang\.gradle\caches\modules-2\files-2.1\org.jetbrains.compose.ui\ui-backhandler-desktop\1.8.0-beta02\9dc16ae7b00fe81206b8bc54ea7b4dee64e4fd83\ui-backhandler-desktop-1.8.0-beta02.jar;C:\Users\Yang\.gradle\caches\modules-2\files-2.1\org.jetbrains.androidx.lifecycle\lifecycle-runtime-compose-desktop\2.9.0-alpha06\c7a74d2151039a5f24fff01ac311618ee13448bd\lifecycle-runtime-compose-desktop-2.9.0-alpha06.jar;C:\Users\Yang\.gradle\caches\modules-2\files-2.1\io.insert-koin\koin-compose-jvm\4.0.4\f1c0d0db29ad3cecfa6c857643a6581b37a1f284\koin-compose-jvm-4.0.4.jar;C:\Users\Yang\.gradle\caches\modules-2\files-2.1\org.jetbrains.compose.ui\ui-text-desktop\1.8.0-beta02\948e66e9b18d45a831b71b01c4f492cc0a4be225\ui-text-desktop-1.8.0-beta02.jar;C:\Users\Yang\.gradle\caches\modules-2\files-2.1\org.jetbrains.compose.ui\ui-graphics-desktop\1.8.0-beta02\87ad169b3a7ce78bb0d320f5e1fb0b24075a8c04\ui-graphics-desktop-1.8.0-beta02.jar;C:\Users\Yang\.gradle\caches\modules-2\files-2.1\org.jetbrains.compose.runtime\runtime-saveable-desktop\1.8.0-beta02\edb3ee930395c0ba91ffa5a36e94a96f5d9a3fd3\runtime-saveable-desktop-1.8.0-beta02.jar;C:\Users\Yang\.gradle\caches\modules-2\files-2.1\org.jetbrains.compose.ui\ui-unit-desktop\1.8.0-beta02\eeaeeafc949f686abc954e623c67e17395aae96d\ui-unit-desktop-1.8.0-beta02.jar;C:\Users\Yang\.gradle\caches\modules-2\files-2.1\org.jetbrains.compose.ui\ui-geometry-desktop\1.8.0-beta02\63f38fb415a3f8e109ce54b7edf43d68b8bb2820\ui-geometry-desktop-1.8.0-beta02.jar;C:\Users\Yang\.gradle\caches\modules-2\files-2.1\org.jetbrains.compose.ui\ui-tooling-preview-desktop\1.8.0-beta02\bd4651d3cf7078cb5498e69bfc8f22ecc02ab48d\ui-tooling-preview-desktop-1.8.0-beta02.jar;C:\Users\Yang\.gradle\caches\modules-2\files-2.1\org.jetbrains.compose.runtime\runtime-desktop\1.8.0-beta02\419f0344868b08c95e651996398c0280c151d4f\runtime-desktop-1.8.0-beta02.jar;C:\Users\Yang\.gradle\caches\modules-2\files-2.1\androidx.room\room-common-jvm\2.7.0\46a9845444d0b849131baeb85bfe4051828261ad\room-common-jvm-2.7.0.jar;C:\Users\Yang\.gradle\caches\modules-2\files-2.1\androidx.room\room-paging-jvm\2.7.0\d145d4105b0d3a9100bac2390742abfcc8daeea6\room-paging-jvm-2.7.0.jar;C:\Users\Yang\.gradle\caches\modules-2\files-2.1\androidx.room\room-runtime-jvm\2.7.0\1747ad42147d7b7468df52a89b88ed36964b39c\room-runtime-jvm-2.7.0.jar;C:\Users\Yang\.gradle\caches\modules-2\files-2.1\androidx.datastore\datastore-preferences-external-protobuf\1.1.4\ddd0a2d64e3c928359c993d1291e535d5d7fc9a3\datastore-preferences-external-protobuf-1.1.4.jar;C:\Users\Yang\.gradle\caches\modules-2\files-2.1\androidx.datastore\datastore-core-okio-jvm\1.1.4\ce08f132812044a9778547b299fd812e34dbd602\datastore-core-okio-jvm-1.1.4.jar;C:\Users\Yang\.gradle\caches\modules-2\files-2.1\androidx.datastore\datastore-core-jvm\1.1.4\65e7d18fd34f747c5a17ff7cd9b1d2fde6cfd74a\datastore-core-jvm-1.1.4.jar;C:\Users\Yang\.gradle\caches\modules-2\files-2.1\androidx.datastore\datastore-preferences-proto\1.1.4\6d7430ed8d2b5f2b8675dad8d196ba5dd710921b\datastore-preferences-proto-1.1.4.jar;C:\Users\Yang\.gradle\caches\modules-2\files-2.1\androidx.datastore\datastore-preferences-core-jvm\1.1.4\fb991f11389ccf2a5d5d4c99783ff958bc400\datastore-preferences-core-jvm-1.1.4.jar;C:\Users\Yang\.gradle\caches\modules-2\files-2.1\androidx.datastore\datastore-jvm\1.1.4\209b37fb6bd024a9b4e5ec40a81e6d3055cad456\datastore-jvm-1.1.4.jar;C:\Users\Yang\.gradle\caches\modules-2\files-2.1\androidx.datastore\datastore-preferences-jvm\1.1.4\f842573b92a8dd1242b9e38691ee3cd84cc6a848\datastore-preferences-jvm-1.1.4.jar;C:\Users\Yang\.gradle\caches\modules-2\files-2.1\org.jetbrains.androidx.savedstate\savedstate-desktop\1.3.0-alpha06\ec488f46c36c77cb92f47bce2901a0c5f91b1077\savedstate-desktop-1.3.0-alpha06.jar;C:\Users\Yang\.gradle\caches\modules-2\files-2.1\androidx.lifecycle\lifecycle-runtime-desktop\2.9.0-alpha12\ccf019432f600508c719174a9cf8afe0e02ef2f2\lifecycle-runtime-desktop-2.9.0-alpha12.jar;C:\Users\Yang\.gradle\caches\modules-2\files-2.1\androidx.lifecycle\lifecycle-common-jvm\2.9.0-alpha12\38af54af71d9efe8f1cc0a0428ee1a2f7f371c62\lifecycle-common-jvm-2.9.0-alpha12.jar;C:\Users\Yang\.gradle\caches\modules-2\files-2.1\androidx.lifecycle\lifecycle-viewmodel-desktop\2.9.0-alpha12\d9b3f647c16827db73dc4383e1c09f2f6e0187b4\lifecycle-viewmodel-desktop-2.9.0-alpha12.jar;C:\Users\Yang\.gradle\caches\modules-2\files-2.1\org.jetbrains.skiko\skiko-awt-runtime-windows-x64\0.9.4\f85964fd8b9ffa6366504b9735fdf0f99dfa8f8d\skiko-awt-runtime-windows-x64-0.9.4.jar;C:\Users\Yang\.gradle\caches\modules-2\files-2.1\org.jetbrains.skiko\skiko-awt\0.9.4\604c4559bb488621cbde5a855867a76993030f46\skiko-awt-0.9.4.jar;C:\Users\Yang\.gradle\caches\modules-2\files-2.1\androidx.paging\paging-common-jvm\3.3.2\188b3f2c6c0897ebf1246b12fcf07f82057b4263\paging-common-jvm-3.3.2.jar;C:\Users\Yang\.gradle\caches\modules-2\files-2.1\org.jetbrains.kotlinx\kotlinx-coroutines-core-jvm\1.10.1\fe066928754beda3d59c8282e04289546465a360\kotlinx-coroutines-core-jvm-1.10.1.jar;C:\Users\Yang\.gradle\caches\modules-2\files-2.1\org.jetbrains.kotlinx\kotlinx-coroutines-swing\1.10.1\37650f51bdaeabcc8dfd50222d9a6c8a70542efc\kotlinx-coroutines-swing-1.10.1.jar;C:\Users\Yang\.gradle\caches\modules-2\files-2.1\org.jetbrains.compose.components\components-ui-tooling-preview-desktop\1.8.0-beta02\a4a2a2895122b4e880ad5a7c143aee17c81af432\library-desktop-1.8.0-beta02.jar;C:\Users\Yang\.gradle\caches\modules-2\files-2.1\org.jetbrains.kotlinx\kotlinx-serialization-core-jvm\1.8.0\fe5bb37ab4a3771f14c63e0c333c98bdfeb1d7cc\kotlinx-serialization-core-jvm-1.8.0.jar;C:\Users\Yang\.gradle\caches\modules-2\files-2.1\org.jetbrains.kotlinx\kotlinx-serialization-json-jvm\1.8.0\8253bf6e8c713a3dace54493a838e0f8fd3e08fa\kotlinx-serialization-json-jvm-1.8.0.jar;C:\Users\Yang\.gradle\caches\modules-2\files-2.1\org.jetbrains.kotlinx\kotlinx-datetime-jvm\0.6.2\f177b43ce53f69151797206ce762b36199692474\kotlinx-datetime-jvm-0.6.2.jar;C:\Users\Yang\.gradle\caches\modules-2\files-2.1\androidx.sqlite\sqlite-jvm\2.5.0\c25fd66c89fa5c47439c155c72935cd1e2ba4591\sqlite-jvm-2.5.0.jar;C:\Users\Yang\.gradle\caches\modules-2\files-2.1\androidx.sqlite\sqlite-bundled-jvm\2.5.0\3fcfb77bad920ef80a25fe622242070d3bf986b1\sqlite-bundled-jvm-2.5.0.jar;C:\Users\Yang\.gradle\caches\modules-2\files-2.1\org.jetbrains.compose.ui\ui-util-desktop\1.8.0-beta02\a2a36b3d81ea69a736a49bf0a53723d5daa59c62\ui-util-desktop-1.8.0-beta02.jar;C:\Users\Yang\.gradle\caches\modules-2\files-2.1\com.squareup.okio\okio-jvm\3.4.0\4e8bd78a52ab935ce383d0092646922154295e54\okio-jvm-3.4.0.jar;C:\Users\Yang\.gradle\caches\modules-2\files-2.1\org.jetbrains.kotlin\kotlin-stdlib-jdk8\2.1.10\3009fa6a21ebb400fe38c70eaf218a0c669ddbe2\kotlin-stdlib-jdk8-2.1.10.jar;C:\Users\Yang\.gradle\caches\modules-2\files-2.1\io.insert-koin\koin-core-jvm\4.0.4\a846d2959adbdc88ff6b94110d32561f65bb4777\koin-core-jvm-4.0.4.jar;C:\Users\Yang\.gradle\caches\modules-2\files-2.1\org.jetbrains.kotlinx\atomicfu-jvm\0.23.2\a4601dc42dceb031a586058e8356ff778a57dea0\atomicfu-jvm-0.23.2.jar;C:\Users\Yang\.gradle\caches\modules-2\files-2.1\org.jetbrains.androidx.window\window-core-desktop\1.3.1\39ecc169c3b1c661ceb5bc758dfd84da4cd48036\window-core-desktop-1.3.1.jar;C:\Users\Yang\.gradle\caches\modules-2\files-2.1\androidx.arch.core\core-common\2.2.0\5e1b8b81dfd5f52c56a8d53b18ca759c19a301f3\core-common-2.2.0.jar;C:\Users\Yang\.gradle\caches\modules-2\files-2.1\androidx.collection\collection-jvm\1.5.0\7ba2c69414d46ebc2dd76598bdd0a75c54281a57\collection-jvm-1.5.0.jar;C:\Users\Yang\.gradle\caches\modules-2\files-2.1\androidx.annotation\annotation-jvm\1.9.1\b17951747e38bf3986a24431b9ba0d039958aa5f\annotation-jvm-1.9.1.jar;C:\Users\Yang\.gradle\caches\modules-2\files-2.1\org.jetbrains.kotlin\kotlin-stdlib-jdk7\2.1.10\c9d8cb43c1d65c500ffbbb6eb591b9c8928caf6d\kotlin-stdlib-jdk7-2.1.10.jar;C:\Users\Yang\.gradle\caches\modules-2\files-2.1\co.touchlab\stately-concurrent-collections-jvm\2.1.0\5c03b644537d7926a8f77e5735a8bebb55dafdcd\stately-concurrent-collections-jvm-2.1.0.jar;C:\Users\Yang\.gradle\caches\modules-2\files-2.1\co.touchlab\stately-concurrency-jvm\2.1.0\6285428408c4d7e4a6d9a09511de877103effd81\stately-concurrency-jvm-2.1.0.jar;C:\Users\Yang\.gradle\caches\modules-2\files-2.1\co.touchlab\stately-strict-jvm\2.1.0\3ae8369209065455f4630793bf6aca0fb88c8b6b\stately-strict-jvm-2.1.0.jar;C:\Users\Yang\.gradle\caches\modules-2\files-2.1\org.jetbrains.androidx.core\core-bundle-desktop\1.0.1\154b84cb449aae31fff9d5fa71f6e98ac24c3606\core-bundle-desktop-1.0.1.jar;C:\Users\Yang\.gradle\caches\modules-2\files-2.1\org.jetbrains.kotlin\kotlin-stdlib\2.1.20\aa8ca79cd50578314f6d1180c47cbe14c0fee567\kotlin-stdlib-2.1.20.jar;C:\Users\Yang\.gradle\caches\modules-2\files-2.1\org.jetbrains\annotations\23.0.0\8cc20c07506ec18e0834947b84a864bfc094484e\annotations-23.0.0.jar;C:\Users\Yang\.gradle\caches\modules-2\files-2.1\org.jspecify\jspecify\1.0.0\7425a601c1c7ec76645a78d22b8c6a627edee507\jspecify-1.0.0.jar
Launcher Type: SUN_STANDARD

[Global flags]
     intx CICompilerCount                          = 12                                        {product} {ergonomic}
     uint ConcGCThreads                            = 3                                         {product} {ergonomic}
     uint G1ConcRefinementThreads                  = 13                                        {product} {ergonomic}
   size_t G1HeapRegionSize                         = 4194304                                   {product} {ergonomic}
    uintx GCDrainStackTargetSize                   = 64                                        {product} {ergonomic}
   size_t InitialHeapSize                          = 532676608                                 {product} {ergonomic}
   size_t MarkStackSize                            = 4194304                                   {product} {ergonomic}
   size_t MaxHeapSize                              = 8522825728                                {product} {ergonomic}
   size_t MaxNewSize                               = 5112856576                                {product} {ergonomic}
   size_t MinHeapDeltaBytes                        = 4194304                                   {product} {ergonomic}
   size_t MinHeapSize                              = 8388608                                   {product} {ergonomic}
    uintx NonNMethodCodeHeapSize                   = 7602480                                {pd product} {ergonomic}
    uintx NonProfiledCodeHeapSize                  = 122027880                              {pd product} {ergonomic}
    uintx ProfiledCodeHeapSize                     = 122027880                              {pd product} {ergonomic}
    uintx ReservedCodeCacheSize                    = 251658240                              {pd product} {ergonomic}
     bool SegmentedCodeCache                       = true                                      {product} {ergonomic}
   size_t SoftMaxHeapSize                          = 8522825728                             {manageable} {ergonomic}
     bool UseCompressedOops                        = true                           {product lp64_product} {ergonomic}
     bool UseG1GC                                  = true                                      {product} {ergonomic}
     bool UseLargePagesIndividualAllocation        = false                                  {pd product} {ergonomic}

Logging:
Log output configuration:
 #0: stdout all=warning uptime,level,tags foldmultilines=false
 #1: stderr all=off uptime,level,tags foldmultilines=false

Environment Variables:
JAVA_HOME=C:\Program Files\Java\jdk-21
PATH=C:\Program Files\Common Files\Oracle\Java\javapath;C:\WINDOWS\system32;C:\WINDOWS;C:\WINDOWS\System32\Wbem;C:\WINDOWS\System32\WindowsPowerShell\v1.0\;C:\WINDOWS\System32\OpenSSH\;C:\Program Files\NVIDIA Corporation\NVIDIA app\NvDLISR;C:\Program Files (x86)\NVIDIA Corporation\PhysX\Common;C:\Program Files\Git\cmd;C:\Users\Yang\AppData\Local\Microsoft\WindowsApps;C:\Users\Yang\AppData\Local\JetBrains\Toolbox\scripts;C:\Users\Yang\.lmstudio\bin
USERNAME=Yang
OS=Windows_NT
PROCESSOR_IDENTIFIER=AMD64 Family 25 Model 97 Stepping 2, AuthenticAMD
TMP=C:\Users\Yang\AppData\Local\Temp
TEMP=C:\Users\Yang\AppData\Local\Temp




Periodic native trim disabled

JNI global refs:
JNI global refs: 155, weak refs: 10

JNI global refs memory usage: 2099, weak refs: 833

Process memory usage:
Resident Set Size: 315004K (0% of 33282968K total physical memory with 16296044K free physical memory)

OOME stack traces (most recent first):
Classloader memory used:
Loader jdk.internal.loader.ClassLoaders$AppClassLoader                                 : 26015K
Loader bootstrap                                                                       : 17734K

---------------  S Y S T E M  ---------------

OS:
 Windows 11 , 64 bit Build 26100 (10.0.26100.3775)
OS uptime: 0 days 1:22 hours
Hyper-V role detected

CPU: total 16 (initial active 16) (16 cores per cpu, 2 threads per core) family 25 model 97 stepping 2 microcode 0xa601203, cx8, cmov, fxsr, ht, mmx, 3dnowpref, sse, sse2, sse3, ssse3, sse4a, sse4.1, sse4.2, popcnt, lzcnt, tsc, tscinvbit, avx, avx2, aes, erms, clmul, bmi1, bmi2, adx, avx512f, avx512dq, avx512cd, avx512bw, avx512vl, sha, fma, vzeroupper, avx512_vpopcntdq, avx512_vpclmulqdq, avx512_vaes, avx512_vnni, clflush, clflushopt, avx512_vbmi2, avx512_vbmi, hv, rdtscp, rdpid, fsrm, gfni, avx512_bitalg, f16c, cet_ss, avx512_ifma
Processor Information for all 16 processors :
  Max Mhz: 3801, Current Mhz: 3801, Mhz Limit: 3801

Memory: 4k page, system-wide physical 32502M (15914M free)
TotalPageFile size 37366M (AvailPageFile size 19011M)
current process WorkingSet (physical memory assigned to process): 307M, peak: 307M
current process commit charge ("private bytes"): 396M, peak: 638M

vm_info: OpenJDK 64-Bit Server VM (21.0.5+-13047016-b750.29) for windows-amd64 JRE (21.0.5+-13047016-b750.29), built on 2025-02-11T21:12:39Z by "builder" with MS VC++ 16.10 / 16.11 (VS2019)

END.
